#
# There is insufficient memory for the Java Runtime Environment to continue.
# Native memory allocation (malloc) failed to allocate 1988496 bytes for Chunk::new
# Possible reasons:
#   The system is out of physical RAM or swap space
#   The process is running with CompressedOops enabled, and the Java Heap may be blocking the growth of the native heap
# Possible solutions:
#   Reduce memory load on the system
#   Increase physical memory or swap space
#   Check if swap backing store is full
#   Decrease Java heap size (-Xmx/-Xms)
#   Decrease number of Java threads
#   Decrease Java thread stack sizes (-Xss)
#   Set larger code cache with -XX:ReservedCodeCacheSize=
#   JVM is running with Unscaled Compressed Oops mode in which the Java heap is
#     placed in the first 4GB address space. The Java Heap base address is the
#     maximum limit for the native heap growth. Please use -XX:HeapBaseMinAddress
#     to set the Java Heap base and to place the Java Heap above 4GB virtual address.
# This output file may be truncated or incomplete.
#
#  Out of Memory Error (src/hotspot/share/memory/arena.cpp:197), pid=7412, tid=23208
#
# JRE version: OpenJDK Runtime Environment (11.0.15) (build 11.0.15+0-b2043.56-8887301)
# Java VM: OpenJDK 64-Bit Server VM (11.0.15+0-b2043.56-8887301, mixed mode, tiered, compressed oops, g1 gc, windows-amd64)
# No core dump will be written. Minidumps are not enabled by default on client versions of Windows
#

---------------  S U M M A R Y ------------

Command Line: --add-opens=java.base/java.util=ALL-UNNAMED --add-opens=java.base/java.lang=ALL-UNNAMED --add-opens=java.base/java.lang.invoke=ALL-UNNAMED --add-opens=java.base/java.util=ALL-UNNAMED --add-opens=java.prefs/java.util.prefs=ALL-UNNAMED --add-opens=java.prefs/java.util.prefs=ALL-UNNAMED --add-opens=java.base/java.nio.charset=ALL-UNNAMED --add-opens=java.base/java.net=ALL-UNNAMED --add-opens=java.base/java.util.concurrent.atomic=ALL-UNNAMED -Xmx2048m -Dfile.encoding=UTF-8 -Duser.country=US -Duser.language=en -Duser.variant org.gradle.launcher.daemon.bootstrap.GradleDaemon 7.5

Host: Intel(R) Core(TM) i3-1005G1 CPU @ 1.20GHz, 4 cores, 11G,  Windows 11 , 64 bit Build 22621 (10.0.22621.1344)
Time: Sat Apr  8 08:54:21 2023 Malay Peninsula Standard Time elapsed time: 1833.393207 seconds (0d 0h 30m 33s)

---------------  T H R E A D  ---------------

Current thread (0x00000260e7d5f000):  JavaThread "C2 CompilerThread0" daemon [_thread_in_native, id=23208, stack(0x000000cd34500000,0x000000cd34600000)]


Current CompileTask:
C2:1833393 19751       4       org.apache.xerces.impl.XMLNSDocumentScannerImpl::scanStartElement (873 bytes)

Stack: [0x000000cd34500000,0x000000cd34600000]
Native frames: (J=compiled Java code, j=interpreted, Vv=VM code, C=native code)
V  [jvm.dll+0x64135a]
V  [jvm.dll+0x7d39f9]
V  [jvm.dll+0x7d51b9]
V  [jvm.dll+0x7d58a3]
V  [jvm.dll+0x2691c5]
V  [jvm.dll+0xc1a5c]
V  [jvm.dll+0xc200c]
V  [jvm.dll+0x3774a7]
V  [jvm.dll+0x342495]
V  [jvm.dll+0x34186a]
V  [jvm.dll+0x2214bd]
V  [jvm.dll+0x220498]
V  [jvm.dll+0x19e851]
V  [jvm.dll+0x230479]
V  [jvm.dll+0x22e5ef]
V  [jvm.dll+0x794de1]
V  [jvm.dll+0x78dc24]
V  [jvm.dll+0x6400f6]
C  [ucrtbase.dll+0x29363]
C  [KERNEL32.DLL+0x126bd]
C  [ntdll.dll+0x5a9f8]


---------------  P R O C E S S  ---------------

Threads class SMR info:
_java_thread_list=0x00000260f0ba04f0, length=87, elements={
0x00000260cd8ad800, 0x00000260e74f7800, 0x00000260e7d09800, 0x00000260e74fc000,
0x00000260e74fd800, 0x00000260e7d5d800, 0x00000260e7d5f000, 0x00000260e7d6c800,
0x00000260e7d73000, 0x00000260e7ec5000, 0x00000260ea348000, 0x00000260e80fa000,
0x00000260eab9e800, 0x00000260ea96c800, 0x00000260ea96b800, 0x00000260ea96d000,
0x00000260ea96f000, 0x00000260ea96b000, 0x00000260ea96e000, 0x00000260ea969000,
0x00000260ea96a000, 0x00000260ea96f800, 0x00000260ea50b000, 0x00000260ea507000,
0x00000260ee53e000, 0x00000260ee53d000, 0x00000260ee539000, 0x00000260ee538800,
0x00000260ee53f000, 0x00000260ee53f800, 0x00000260ee53a000, 0x00000260ee53b800,
0x00000260ee542000, 0x00000260ee541800, 0x00000260ee53c800, 0x00000260ee540800,
0x00000260ee546000, 0x00000260ee543000, 0x00000260ee545800, 0x00000260ee547000,
0x00000260ee543800, 0x00000260ee544800, 0x00000260f43db800, 0x00000260f43de000,
0x00000260f43de800, 0x00000260f43e1000, 0x00000260f43df800, 0x00000260f43e0000,
0x00000260f43e2000, 0x00000260f43dc000, 0x00000260f43dd000, 0x00000260f43ea000,
0x00000260f43e4800, 0x00000260f43e6000, 0x00000260f43e8800, 0x00000260f43e9000,
0x00000260f43e5000, 0x00000260f43e7800, 0x00000260f43e7000, 0x00000260ea509800,
0x00000260ea507800, 0x00000260ea50c800, 0x00000260ea50b800, 0x00000260ea50a000,
0x00000260ea50e000, 0x00000260ea508800, 0x00000260ea510800, 0x00000260ea510000,
0x00000260ea513000, 0x00000260ea514800, 0x00000260ea511800, 0x00000260ea512800,
0x00000260ea514000, 0x00000260ea50f000, 0x00000260ea515800, 0x00000260f8ac2000,
0x00000260f8ac1000, 0x00000260f8ac0800, 0x00000260f8ac8800, 0x00000260f8ac6000,
0x00000260f8ac5000, 0x00000260f8ac7000, 0x00000260f8ac3000, 0x00000260f8ac7800,
0x00000260f8ac9800, 0x00000260f8ac3800, 0x00000260ea674000
}

Java Threads: ( => current thread )
  0x00000260cd8ad800 JavaThread "main" [_thread_blocked, id=12504, stack(0x000000cd33900000,0x000000cd33a00000)]
  0x00000260e74f7800 JavaThread "Reference Handler" daemon [_thread_blocked, id=21932, stack(0x000000cd34000000,0x000000cd34100000)]
  0x00000260e7d09800 JavaThread "Finalizer" daemon [_thread_blocked, id=21584, stack(0x000000cd34100000,0x000000cd34200000)]
  0x00000260e74fc000 JavaThread "Signal Dispatcher" daemon [_thread_blocked, id=8980, stack(0x000000cd34200000,0x000000cd34300000)]
  0x00000260e74fd800 JavaThread "Attach Listener" daemon [_thread_blocked, id=8572, stack(0x000000cd34300000,0x000000cd34400000)]
  0x00000260e7d5d800 JavaThread "Service Thread" daemon [_thread_blocked, id=17736, stack(0x000000cd34400000,0x000000cd34500000)]
=>0x00000260e7d5f000 JavaThread "C2 CompilerThread0" daemon [_thread_in_native, id=23208, stack(0x000000cd34500000,0x000000cd34600000)]
  0x00000260e7d6c800 JavaThread "C1 CompilerThread0" daemon [_thread_blocked, id=7528, stack(0x000000cd34600000,0x000000cd34700000)]
  0x00000260e7d73000 JavaThread "Sweeper thread" daemon [_thread_blocked, id=2616, stack(0x000000cd34700000,0x000000cd34800000)]
  0x00000260e7ec5000 JavaThread "Common-Cleaner" daemon [_thread_blocked, id=9628, stack(0x000000cd34800000,0x000000cd34900000)]
  0x00000260ea348000 JavaThread "Daemon health stats" [_thread_blocked, id=15336, stack(0x000000cd34e00000,0x000000cd34f00000)]
  0x00000260e80fa000 JavaThread "Incoming local TCP Connector on port 55744" [_thread_in_native, id=8884, stack(0x000000cd34a00000,0x000000cd34b00000)]
  0x00000260eab9e800 JavaThread "Daemon periodic checks" [_thread_blocked, id=24076, stack(0x000000cd34f00000,0x000000cd35000000)]
  0x00000260ea96c800 JavaThread "Cache worker for journal cache (C:\Users\Acer\.gradle\caches\journal-1)" [_thread_blocked, id=14460, stack(0x000000cd35800000,0x000000cd35900000)]
  0x00000260ea96b800 JavaThread "File lock request listener" [_thread_in_native, id=21316, stack(0x000000cd35900000,0x000000cd35a00000)]
  0x00000260ea96d000 JavaThread "Cache worker for file hash cache (C:\Users\Acer\.gradle\caches\7.5\fileHashes)" [_thread_blocked, id=2536, stack(0x000000cd35a00000,0x000000cd35b00000)]
  0x00000260ea96f000 JavaThread "File watcher server" daemon [_thread_in_native, id=12636, stack(0x000000cd35b00000,0x000000cd35c00000)]
  0x00000260ea96b000 JavaThread "File watcher consumer" daemon [_thread_blocked, id=24084, stack(0x000000cd35c00000,0x000000cd35d00000)]
  0x00000260ea96e000 JavaThread "jar transforms" [_thread_blocked, id=11260, stack(0x000000cd35d00000,0x000000cd35e00000)]
  0x00000260ea969000 JavaThread "jar transforms Thread 2" [_thread_blocked, id=16352, stack(0x000000cd35e00000,0x000000cd35f00000)]
  0x00000260ea96a000 JavaThread "jar transforms Thread 3" [_thread_blocked, id=18160, stack(0x000000cd35f00000,0x000000cd36000000)]
  0x00000260ea96f800 JavaThread "jar transforms Thread 4" [_thread_blocked, id=2220, stack(0x000000cd36000000,0x000000cd36100000)]
  0x00000260ea50b000 JavaThread "Cache worker for file content cache (C:\Users\Acer\.gradle\caches\7.5\fileContent)" [_thread_blocked, id=21348, stack(0x000000cd36200000,0x000000cd36300000)]
  0x00000260ea507000 JavaThread "Cache worker for execution history cache (C:\Users\Acer\.gradle\caches\7.5\executionHistory)" [_thread_blocked, id=10676, stack(0x000000cd36500000,0x000000cd36600000)]
  0x00000260ee53e000 JavaThread "Memory manager" [_thread_blocked, id=1472, stack(0x000000cd39200000,0x000000cd39300000)]
  0x00000260ee53d000 JavaThread "Daemon Thread 5" [_thread_blocked, id=1168, stack(0x000000cd33700000,0x000000cd33800000)]
  0x00000260ee539000 JavaThread "Handler for socket connection from /127.0.0.1:55744 to /127.0.0.1:56081" [_thread_in_native, id=3256, stack(0x000000cd33800000,0x000000cd33900000)]
  0x00000260ee538800 JavaThread "Cancel handler" [_thread_blocked, id=19376, stack(0x000000cd35000000,0x000000cd35100000)]
  0x00000260ee53f000 JavaThread "Daemon worker Thread 4" [_thread_blocked, id=2316, stack(0x000000cd35100000,0x000000cd35200000)]
  0x00000260ee53f800 JavaThread "Asynchronous log dispatcher for DefaultDaemonConnection: socket connection from /127.0.0.1:55744 to /127.0.0.1:56081" [_thread_blocked, id=24148, stack(0x000000cd35200000,0x000000cd35300000)]
  0x00000260ee53a000 JavaThread "Stdin handler" [_thread_blocked, id=8796, stack(0x000000cd35300000,0x000000cd35400000)]
  0x00000260ee53b800 JavaThread "Daemon client event forwarder" [_thread_blocked, id=20948, stack(0x000000cd35400000,0x000000cd35500000)]
  0x00000260ee542000 JavaThread "Cache worker for checksums cache (D:\iCare2\.gradle\7.5\checksums)" [_thread_blocked, id=14700, stack(0x000000cd35500000,0x000000cd35600000)]
  0x00000260ee541800 JavaThread "Cache worker for cache directory md-rule (C:\Users\Acer\.gradle\caches\7.5\md-rule)" [_thread_blocked, id=2208, stack(0x000000cd35600000,0x000000cd35700000)]
  0x00000260ee53c800 JavaThread "Cache worker for file hash cache (D:\iCare2\.gradle\7.5\fileHashes)" [_thread_blocked, id=17052, stack(0x000000cd35700000,0x000000cd35800000)]
  0x00000260ee540800 JavaThread "Cache worker for cache directory md-supplier (C:\Users\Acer\.gradle\caches\7.5\md-supplier)" [_thread_blocked, id=9624, stack(0x000000cd36100000,0x000000cd36200000)]
  0x00000260ee546000 JavaThread "Cache worker for dependencies-accessors (D:\iCare2\.gradle\7.5\dependencies-accessors)" [_thread_blocked, id=8388, stack(0x000000cd36300000,0x000000cd36400000)]
  0x00000260ee543000 JavaThread "Cache worker for Build Output Cleanup Cache (D:\iCare2\.gradle\buildOutputCleanup)" [_thread_blocked, id=11752, stack(0x000000cd36400000,0x000000cd36500000)]
  0x00000260ee545800 JavaThread "Unconstrained build operations" [_thread_blocked, id=18608, stack(0x000000cd36700000,0x000000cd36800000)]
  0x00000260ee547000 JavaThread "Unconstrained build operations Thread 2" [_thread_blocked, id=5532, stack(0x000000cd36800000,0x000000cd36900000)]
  0x00000260ee543800 JavaThread "Unconstrained build operations Thread 3" [_thread_blocked, id=1824, stack(0x000000cd36900000,0x000000cd36a00000)]
  0x00000260ee544800 JavaThread "Unconstrained build operations Thread 4" [_thread_blocked, id=17076, stack(0x000000cd36a00000,0x000000cd36b00000)]
  0x00000260f43db800 JavaThread "Unconstrained build operations Thread 5" [_thread_blocked, id=23924, stack(0x000000cd36b00000,0x000000cd36c00000)]
  0x00000260f43de000 JavaThread "Unconstrained build operations Thread 6" [_thread_blocked, id=24124, stack(0x000000cd36c00000,0x000000cd36d00000)]
  0x00000260f43de800 JavaThread "Unconstrained build operations Thread 7" [_thread_blocked, id=21408, stack(0x000000cd36d00000,0x000000cd36e00000)]
  0x00000260f43e1000 JavaThread "Unconstrained build operations Thread 8" [_thread_blocked, id=8784, stack(0x000000cd36e00000,0x000000cd36f00000)]
  0x00000260f43df800 JavaThread "Unconstrained build operations Thread 9" [_thread_blocked, id=9792, stack(0x000000cd36f00000,0x000000cd37000000)]
  0x00000260f43e0000 JavaThread "Unconstrained build operations Thread 10" [_thread_blocked, id=1656, stack(0x000000cd37000000,0x000000cd37100000)]
  0x00000260f43e2000 JavaThread "Unconstrained build operations Thread 11" [_thread_blocked, id=16688, stack(0x000000cd37100000,0x000000cd37200000)]
  0x00000260f43dc000 JavaThread "Unconstrained build operations Thread 12" [_thread_blocked, id=11996, stack(0x000000cd37200000,0x000000cd37300000)]
  0x00000260f43dd000 JavaThread "Unconstrained build operations Thread 13" [_thread_blocked, id=20468, stack(0x000000cd37300000,0x000000cd37400000)]
  0x00000260f43ea000 JavaThread "Unconstrained build operations Thread 14" [_thread_blocked, id=7700, stack(0x000000cd37400000,0x000000cd37500000)]
  0x00000260f43e4800 JavaThread "Unconstrained build operations Thread 15" [_thread_blocked, id=21212, stack(0x000000cd37500000,0x000000cd37600000)]
  0x00000260f43e6000 JavaThread "Unconstrained build operations Thread 16" [_thread_blocked, id=23420, stack(0x000000cd37600000,0x000000cd37700000)]
  0x00000260f43e8800 JavaThread "Unconstrained build operations Thread 17" [_thread_blocked, id=24140, stack(0x000000cd37700000,0x000000cd37800000)]
  0x00000260f43e9000 JavaThread "Unconstrained build operations Thread 18" [_thread_blocked, id=24016, stack(0x000000cd37800000,0x000000cd37900000)]
  0x00000260f43e5000 JavaThread "Unconstrained build operations Thread 19" [_thread_blocked, id=15900, stack(0x000000cd37900000,0x000000cd37a00000)]
  0x00000260f43e7800 JavaThread "Unconstrained build operations Thread 20" [_thread_blocked, id=7744, stack(0x000000cd37a00000,0x000000cd37b00000)]
  0x00000260f43e7000 JavaThread "Unconstrained build operations Thread 21" [_thread_blocked, id=20168, stack(0x000000cd37b00000,0x000000cd37c00000)]
  0x00000260ea509800 JavaThread "Unconstrained build operations Thread 22" [_thread_blocked, id=24060, stack(0x000000cd37c00000,0x000000cd37d00000)]
  0x00000260ea507800 JavaThread "Unconstrained build operations Thread 23" [_thread_blocked, id=6268, stack(0x000000cd37d00000,0x000000cd37e00000)]
  0x00000260ea50c800 JavaThread "Unconstrained build operations Thread 24" [_thread_blocked, id=11816, stack(0x000000cd37e00000,0x000000cd37f00000)]
  0x00000260ea50b800 JavaThread "Unconstrained build operations Thread 25" [_thread_blocked, id=4104, stack(0x000000cd37f00000,0x000000cd38000000)]
  0x00000260ea50a000 JavaThread "Unconstrained build operations Thread 26" [_thread_blocked, id=12940, stack(0x000000cd38000000,0x000000cd38100000)]
  0x00000260ea50e000 JavaThread "Unconstrained build operations Thread 27" [_thread_blocked, id=14732, stack(0x000000cd38100000,0x000000cd38200000)]
  0x00000260ea508800 JavaThread "Unconstrained build operations Thread 28" [_thread_blocked, id=21740, stack(0x000000cd38200000,0x000000cd38300000)]
  0x00000260ea510800 JavaThread "Unconstrained build operations Thread 29" [_thread_blocked, id=10540, stack(0x000000cd38300000,0x000000cd38400000)]
  0x00000260ea510000 JavaThread "Unconstrained build operations Thread 30" [_thread_blocked, id=13808, stack(0x000000cd38400000,0x000000cd38500000)]
  0x00000260ea513000 JavaThread "Unconstrained build operations Thread 31" [_thread_blocked, id=19900, stack(0x000000cd38500000,0x000000cd38600000)]
  0x00000260ea514800 JavaThread "Unconstrained build operations Thread 32" [_thread_blocked, id=9076, stack(0x000000cd38600000,0x000000cd38700000)]
  0x00000260ea511800 JavaThread "Unconstrained build operations Thread 33" [_thread_blocked, id=17416, stack(0x000000cd38700000,0x000000cd38800000)]
  0x00000260ea512800 JavaThread "Unconstrained build operations Thread 34" [_thread_blocked, id=19152, stack(0x000000cd38800000,0x000000cd38900000)]
  0x00000260ea514000 JavaThread "Unconstrained build operations Thread 35" [_thread_blocked, id=21160, stack(0x000000cd38900000,0x000000cd38a00000)]
  0x00000260ea50f000 JavaThread "Unconstrained build operations Thread 36" [_thread_blocked, id=22688, stack(0x000000cd38a00000,0x000000cd38b00000)]
  0x00000260ea515800 JavaThread "Unconstrained build operations Thread 37" [_thread_blocked, id=19028, stack(0x000000cd38b00000,0x000000cd38c00000)]
  0x00000260f8ac2000 JavaThread "Unconstrained build operations Thread 38" [_thread_blocked, id=13896, stack(0x000000cd38c00000,0x000000cd38d00000)]
  0x00000260f8ac1000 JavaThread "Unconstrained build operations Thread 39" [_thread_blocked, id=18636, stack(0x000000cd38d00000,0x000000cd38e00000)]
  0x00000260f8ac0800 JavaThread "Unconstrained build operations Thread 40" [_thread_blocked, id=23896, stack(0x000000cd38e00000,0x000000cd38f00000)]
  0x00000260f8ac8800 JavaThread "build event listener" [_thread_blocked, id=5340, stack(0x000000cd38f00000,0x000000cd39000000)]
  0x00000260f8ac6000 JavaThread "included builds" [_thread_blocked, id=12364, stack(0x000000cd39000000,0x000000cd39100000)]
  0x00000260f8ac5000 JavaThread "Execution worker" [_thread_in_Java, id=20376, stack(0x000000cd39100000,0x000000cd39200000)]
  0x00000260f8ac7000 JavaThread "Execution worker Thread 2" [_thread_blocked, id=15852, stack(0x000000cd39300000,0x000000cd39400000)]
  0x00000260f8ac3000 JavaThread "Execution worker Thread 3" [_thread_blocked, id=18568, stack(0x000000cd39400000,0x000000cd39500000)]
  0x00000260f8ac7800 JavaThread "Cache worker for execution history cache (D:\iCare2\.gradle\7.5\executionHistory)" [_thread_blocked, id=6288, stack(0x000000cd39500000,0x000000cd39600000)]
  0x00000260f8ac9800 JavaThread "WorkerExecutor Queue" [_thread_blocked, id=6328, stack(0x000000cd36600000,0x000000cd36700000)]
  0x00000260f8ac3800 JavaThread "WorkerExecutor Queue Thread 2" [_thread_blocked, id=14260, stack(0x000000cd39600000,0x000000cd39700000)]
  0x00000260ea674000 JavaThread "C2 CompilerThread1" daemon [_thread_in_native, id=21820, stack(0x000000cd39700000,0x000000cd39800000)]

Other Threads:
  0x00000260e74f6000 VMThread "VM Thread" [stack: 0x000000cd33f00000,0x000000cd34000000] [id=14624]
  0x00000260e7ecd000 WatcherThread [stack: 0x000000cd34900000,0x000000cd34a00000] [id=23912]
  0x00000260cd8c5800 GCTaskThread "GC Thread#0" [stack: 0x000000cd33a00000,0x000000cd33b00000] [id=7256]
  0x00000260e8a98000 GCTaskThread "GC Thread#1" [stack: 0x000000cd34b00000,0x000000cd34c00000] [id=10272]
  0x00000260e8258800 GCTaskThread "GC Thread#2" [stack: 0x000000cd34c00000,0x000000cd34d00000] [id=14296]
  0x00000260e8259000 GCTaskThread "GC Thread#3" [stack: 0x000000cd34d00000,0x000000cd34e00000] [id=13700]
  0x00000260cd8f9000 ConcurrentGCThread "G1 Main Marker" [stack: 0x000000cd33b00000,0x000000cd33c00000] [id=2060]
  0x00000260cd8fa000 ConcurrentGCThread "G1 Conc#0" [stack: 0x000000cd33c00000,0x000000cd33d00000] [id=10308]
  0x00000260e7344800 ConcurrentGCThread "G1 Refine#0" [stack: 0x000000cd33d00000,0x000000cd33e00000] [id=23396]
  0x00000260e7347000 ConcurrentGCThread "G1 Young RemSet Sampling" [stack: 0x000000cd33e00000,0x000000cd33f00000] [id=5300]

Threads with active compile tasks:
C2 CompilerThread0  1833412 19751       4       org.apache.xerces.impl.XMLNSDocumentScannerImpl::scanStartElement (873 bytes)
C2 CompilerThread1  1833412 19765       4       org.apache.xerces.impl.XMLNSDocumentScannerImpl::scanAttribute (586 bytes)

VM state:not at safepoint (normal execution)

VM Mutex/Monitor currently owned by a thread: None

Heap address: 0x0000000080000000, size: 2048 MB, Compressed Oops mode: 32-bit
Narrow klass base: 0x0000000000000000, Narrow klass shift: 3
Compressed class space size: 1073741824 Address: 0x0000000100000000

Heap:
 garbage-first heap   total 336896K, used 242552K [0x0000000080000000, 0x0000000100000000)
  region size 1024K, 22 young (22528K), 2 survivors (2048K)
 Metaspace       used 151455K, capacity 155923K, committed 156240K, reserved 1185792K
  class space    used 19209K, capacity 20814K, committed 20940K, reserved 1048576K
Heap Regions: E=young(eden), S=young(survivor), O=old, HS=humongous(starts), HC=humongous(continues), CS=collection set, F=free, A=archive, TAMS=top-at-mark-start (previous, next)
|   0|0x0000000080000000, 0x0000000080100000, 0x0000000080100000|100%|HS|  |TAMS 0x0000000080100000, 0x0000000080000000| Complete 
|   1|0x0000000080100000, 0x0000000080200000, 0x0000000080200000|100%|HC|  |TAMS 0x0000000080200000, 0x0000000080100000| Complete 
|   2|0x0000000080200000, 0x0000000080300000, 0x0000000080300000|100%|HC|  |TAMS 0x0000000080300000, 0x0000000080200000| Complete 
|   3|0x0000000080300000, 0x0000000080400000, 0x0000000080400000|100%| O|  |TAMS 0x0000000080400000, 0x0000000080300000| Untracked 
|   4|0x0000000080400000, 0x0000000080500000, 0x0000000080500000|100%| O|  |TAMS 0x0000000080500000, 0x0000000080400000| Untracked 
|   5|0x0000000080500000, 0x0000000080600000, 0x0000000080600000|100%| O|  |TAMS 0x0000000080600000, 0x0000000080500000| Untracked 
|   6|0x0000000080600000, 0x0000000080700000, 0x0000000080700000|100%| O|  |TAMS 0x0000000080700000, 0x0000000080600000| Untracked 
|   7|0x0000000080700000, 0x0000000080800000, 0x0000000080800000|100%| O|  |TAMS 0x0000000080800000, 0x0000000080700000| Untracked 
|   8|0x0000000080800000, 0x0000000080900000, 0x0000000080900000|100%| O|  |TAMS 0x0000000080900000, 0x0000000080800000| Untracked 
|   9|0x0000000080900000, 0x0000000080a00000, 0x0000000080a00000|100%| O|  |TAMS 0x0000000080a00000, 0x0000000080900000| Untracked 
|  10|0x0000000080a00000, 0x0000000080b00000, 0x0000000080b00000|100%| O|  |TAMS 0x0000000080b00000, 0x0000000080a00000| Untracked 
|  11|0x0000000080b00000, 0x0000000080c00000, 0x0000000080c00000|100%| O|  |TAMS 0x0000000080c00000, 0x0000000080b00000| Untracked 
|  12|0x0000000080c00000, 0x0000000080d00000, 0x0000000080d00000|100%| O|  |TAMS 0x0000000080d00000, 0x0000000080c00000| Untracked 
|  13|0x0000000080d00000, 0x0000000080e00000, 0x0000000080e00000|100%|HS|  |TAMS 0x0000000080e00000, 0x0000000080d00000| Complete 
|  14|0x0000000080e00000, 0x0000000080f00000, 0x0000000080f00000|100%|HC|  |TAMS 0x0000000080f00000, 0x0000000080e00000| Complete 
|  15|0x0000000080f00000, 0x0000000081000000, 0x0000000081000000|100%|HS|  |TAMS 0x0000000081000000, 0x0000000080f00000| Complete 
|  16|0x0000000081000000, 0x0000000081100000, 0x0000000081100000|100%|HC|  |TAMS 0x0000000081100000, 0x0000000081000000| Complete 
|  17|0x0000000081100000, 0x0000000081200000, 0x0000000081200000|100%|HC|  |TAMS 0x0000000081200000, 0x0000000081100000| Complete 
|  18|0x0000000081200000, 0x0000000081300000, 0x0000000081300000|100%|HS|  |TAMS 0x0000000081300000, 0x0000000081200000| Complete 
|  19|0x0000000081300000, 0x0000000081400000, 0x0000000081400000|100%|HC|  |TAMS 0x0000000081400000, 0x0000000081300000| Complete 
|  20|0x0000000081400000, 0x0000000081500000, 0x0000000081500000|100%|HC|  |TAMS 0x0000000081500000, 0x0000000081400000| Complete 
|  21|0x0000000081500000, 0x0000000081600000, 0x0000000081600000|100%|HS|  |TAMS 0x0000000081600000, 0x0000000081500000| Complete 
|  22|0x0000000081600000, 0x0000000081700000, 0x0000000081700000|100%|HC|  |TAMS 0x0000000081700000, 0x0000000081600000| Complete 
|  23|0x0000000081700000, 0x0000000081800000, 0x0000000081800000|100%|HS|  |TAMS 0x0000000081800000, 0x0000000081700000| Complete 
|  24|0x0000000081800000, 0x0000000081900000, 0x0000000081900000|100%|HC|  |TAMS 0x0000000081900000, 0x0000000081800000| Complete 
|  25|0x0000000081900000, 0x0000000081a00000, 0x0000000081a00000|100%|HC|  |TAMS 0x0000000081a00000, 0x0000000081900000| Complete 
|  26|0x0000000081a00000, 0x0000000081b00000, 0x0000000081b00000|100%|HC|  |TAMS 0x0000000081b00000, 0x0000000081a00000| Complete 
|  27|0x0000000081b00000, 0x0000000081c00000, 0x0000000081c00000|100%|HC|  |TAMS 0x0000000081c00000, 0x0000000081b00000| Complete 
|  28|0x0000000081c00000, 0x0000000081d00000, 0x0000000081d00000|100%|HC|  |TAMS 0x0000000081d00000, 0x0000000081c00000| Complete 
|  29|0x0000000081d00000, 0x0000000081e00000, 0x0000000081e00000|100%|HC|  |TAMS 0x0000000081e00000, 0x0000000081d00000| Complete 
|  30|0x0000000081e00000, 0x0000000081f00000, 0x0000000081f00000|100%|HC|  |TAMS 0x0000000081f00000, 0x0000000081e00000| Complete 
|  31|0x0000000081f00000, 0x0000000082000000, 0x0000000082000000|100%|HC|  |TAMS 0x0000000082000000, 0x0000000081f00000| Complete 
|  32|0x0000000082000000, 0x0000000082100000, 0x0000000082100000|100%|HC|  |TAMS 0x0000000082100000, 0x0000000082000000| Complete 
|  33|0x0000000082100000, 0x0000000082200000, 0x0000000082200000|100%|HS|  |TAMS 0x0000000082200000, 0x0000000082100000| Complete 
|  34|0x0000000082200000, 0x0000000082300000, 0x0000000082300000|100%|HC|  |TAMS 0x0000000082300000, 0x0000000082200000| Complete 
|  35|0x0000000082300000, 0x0000000082400000, 0x0000000082400000|100%|HS|  |TAMS 0x0000000082400000, 0x0000000082300000| Complete 
|  36|0x0000000082400000, 0x0000000082500000, 0x0000000082500000|100%|HC|  |TAMS 0x0000000082500000, 0x0000000082400000| Complete 
|  37|0x0000000082500000, 0x0000000082600000, 0x0000000082600000|100%|HC|  |TAMS 0x0000000082600000, 0x0000000082500000| Complete 
|  38|0x0000000082600000, 0x0000000082700000, 0x0000000082700000|100%|HC|  |TAMS 0x0000000082700000, 0x0000000082600000| Complete 
|  39|0x0000000082700000, 0x0000000082800000, 0x0000000082800000|100%|HC|  |TAMS 0x0000000082800000, 0x0000000082700000| Complete 
|  40|0x0000000082800000, 0x0000000082900000, 0x0000000082900000|100%|HS|  |TAMS 0x0000000082900000, 0x0000000082800000| Complete 
|  41|0x0000000082900000, 0x0000000082a00000, 0x0000000082a00000|100%|HC|  |TAMS 0x0000000082a00000, 0x0000000082900000| Complete 
|  42|0x0000000082a00000, 0x0000000082b00000, 0x0000000082b00000|100%|HC|  |TAMS 0x0000000082b00000, 0x0000000082a00000| Complete 
|  43|0x0000000082b00000, 0x0000000082c00000, 0x0000000082c00000|100%| O|  |TAMS 0x0000000082c00000, 0x0000000082b00000| Untracked 
|  44|0x0000000082c00000, 0x0000000082d00000, 0x0000000082d00000|100%| O|  |TAMS 0x0000000082d00000, 0x0000000082c00000| Untracked 
|  45|0x0000000082d00000, 0x0000000082e00000, 0x0000000082e00000|100%| O|  |TAMS 0x0000000082e00000, 0x0000000082d00000| Untracked 
|  46|0x0000000082e00000, 0x0000000082f00000, 0x0000000082f00000|100%| O|  |TAMS 0x0000000082f00000, 0x0000000082e00000| Untracked 
|  47|0x0000000082f00000, 0x0000000083000000, 0x0000000083000000|100%| O|  |TAMS 0x0000000083000000, 0x0000000082f00000| Untracked 
|  48|0x0000000083000000, 0x0000000083100000, 0x0000000083100000|100%| O|  |TAMS 0x0000000083100000, 0x0000000083000000| Untracked 
|  49|0x0000000083100000, 0x0000000083200000, 0x0000000083200000|100%| O|  |TAMS 0x0000000083200000, 0x0000000083100000| Untracked 
|  50|0x0000000083200000, 0x0000000083300000, 0x0000000083300000|100%| O|  |TAMS 0x0000000083300000, 0x0000000083200000| Untracked 
|  51|0x0000000083300000, 0x0000000083400000, 0x0000000083400000|100%| O|  |TAMS 0x0000000083400000, 0x0000000083300000| Untracked 
|  52|0x0000000083400000, 0x0000000083500000, 0x0000000083500000|100%| O|  |TAMS 0x0000000083500000, 0x0000000083400000| Untracked 
|  53|0x0000000083500000, 0x0000000083600000, 0x0000000083600000|100%| O|  |TAMS 0x0000000083600000, 0x0000000083500000| Untracked 
|  54|0x0000000083600000, 0x0000000083700000, 0x0000000083700000|100%| O|  |TAMS 0x0000000083700000, 0x0000000083600000| Untracked 
|  55|0x0000000083700000, 0x0000000083800000, 0x0000000083800000|100%| O|  |TAMS 0x0000000083800000, 0x0000000083700000| Untracked 
|  56|0x0000000083800000, 0x0000000083900000, 0x0000000083900000|100%| O|  |TAMS 0x0000000083900000, 0x0000000083800000| Untracked 
|  57|0x0000000083900000, 0x0000000083a00000, 0x0000000083a00000|100%|HS|  |TAMS 0x0000000083a00000, 0x0000000083900000| Complete 
|  58|0x0000000083a00000, 0x0000000083b00000, 0x0000000083b00000|100%|HC|  |TAMS 0x0000000083b00000, 0x0000000083a00000| Complete 
|  59|0x0000000083b00000, 0x0000000083c00000, 0x0000000083c00000|100%|HS|  |TAMS 0x0000000083c00000, 0x0000000083b00000| Complete 
|  60|0x0000000083c00000, 0x0000000083d00000, 0x0000000083d00000|100%|HC|  |TAMS 0x0000000083d00000, 0x0000000083c00000| Complete 
|  61|0x0000000083d00000, 0x0000000083e00000, 0x0000000083e00000|100%|HC|  |TAMS 0x0000000083e00000, 0x0000000083d00000| Complete 
|  62|0x0000000083e00000, 0x0000000083f00000, 0x0000000083f00000|100%|HC|  |TAMS 0x0000000083f00000, 0x0000000083e00000| Complete 
|  63|0x0000000083f00000, 0x0000000084000000, 0x0000000084000000|100%|HC|  |TAMS 0x0000000084000000, 0x0000000083f00000| Complete 
|  64|0x0000000084000000, 0x0000000084100000, 0x0000000084100000|100%|HC|  |TAMS 0x0000000084100000, 0x0000000084000000| Complete 
|  65|0x0000000084100000, 0x0000000084200000, 0x0000000084200000|100%|HC|  |TAMS 0x0000000084200000, 0x0000000084100000| Complete 
|  66|0x0000000084200000, 0x0000000084300000, 0x0000000084300000|100%|HC|  |TAMS 0x0000000084300000, 0x0000000084200000| Complete 
|  67|0x0000000084300000, 0x0000000084400000, 0x0000000084400000|100%|HC|  |TAMS 0x0000000084400000, 0x0000000084300000| Complete 
|  68|0x0000000084400000, 0x0000000084500000, 0x0000000084500000|100%|HC|  |TAMS 0x0000000084500000, 0x0000000084400000| Complete 
|  69|0x0000000084500000, 0x0000000084600000, 0x0000000084600000|100%|HS|  |TAMS 0x0000000084600000, 0x0000000084500000| Complete 
|  70|0x0000000084600000, 0x0000000084700000, 0x0000000084700000|100%|HC|  |TAMS 0x0000000084700000, 0x0000000084600000| Complete 
|  71|0x0000000084700000, 0x0000000084800000, 0x0000000084800000|100%|HS|  |TAMS 0x0000000084800000, 0x0000000084700000| Complete 
|  72|0x0000000084800000, 0x0000000084900000, 0x0000000084900000|100%|HC|  |TAMS 0x0000000084900000, 0x0000000084800000| Complete 
|  73|0x0000000084900000, 0x0000000084a00000, 0x0000000084a00000|100%|HC|  |TAMS 0x0000000084a00000, 0x0000000084900000| Complete 
|  74|0x0000000084a00000, 0x0000000084b00000, 0x0000000084b00000|100%| O|  |TAMS 0x0000000084b00000, 0x0000000084a00000| Untracked 
|  75|0x0000000084b00000, 0x0000000084c00000, 0x0000000084c00000|100%|HS|  |TAMS 0x0000000084c00000, 0x0000000084b00000| Complete 
|  76|0x0000000084c00000, 0x0000000084d00000, 0x0000000084d00000|100%|HC|  |TAMS 0x0000000084d00000, 0x0000000084c00000| Complete 
|  77|0x0000000084d00000, 0x0000000084e00000, 0x0000000084e00000|100%|HC|  |TAMS 0x0000000084e00000, 0x0000000084d00000| Complete 
|  78|0x0000000084e00000, 0x0000000084f00000, 0x0000000084f00000|100%|HC|  |TAMS 0x0000000084f00000, 0x0000000084e00000| Complete 
|  79|0x0000000084f00000, 0x0000000085000000, 0x0000000085000000|100%|HC|  |TAMS 0x0000000085000000, 0x0000000084f00000| Complete 
|  80|0x0000000085000000, 0x0000000085100000, 0x0000000085100000|100%| O|  |TAMS 0x0000000085100000, 0x0000000085000000| Untracked 
|  81|0x0000000085100000, 0x0000000085200000, 0x0000000085200000|100%| O|  |TAMS 0x0000000085200000, 0x0000000085100000| Untracked 
|  82|0x0000000085200000, 0x0000000085300000, 0x0000000085300000|100%| O|  |TAMS 0x0000000085300000, 0x0000000085200000| Untracked 
|  83|0x0000000085300000, 0x0000000085400000, 0x0000000085400000|100%| O|  |TAMS 0x0000000085400000, 0x0000000085300000| Untracked 
|  84|0x0000000085400000, 0x0000000085500000, 0x0000000085500000|100%| O|  |TAMS 0x0000000085500000, 0x0000000085400000| Untracked 
|  85|0x0000000085500000, 0x0000000085600000, 0x0000000085600000|100%| O|  |TAMS 0x0000000085600000, 0x0000000085500000| Untracked 
|  86|0x0000000085600000, 0x0000000085700000, 0x0000000085700000|100%| O|  |TAMS 0x0000000085700000, 0x0000000085600000| Untracked 
|  87|0x0000000085700000, 0x0000000085800000, 0x0000000085800000|100%| O|  |TAMS 0x0000000085800000, 0x0000000085700000| Untracked 
|  88|0x0000000085800000, 0x0000000085900000, 0x0000000085900000|100%| O|  |TAMS 0x0000000085900000, 0x0000000085800000| Untracked 
|  89|0x0000000085900000, 0x0000000085a00000, 0x0000000085a00000|100%| O|  |TAMS 0x0000000085a00000, 0x0000000085900000| Untracked 
|  90|0x0000000085a00000, 0x0000000085b00000, 0x0000000085b00000|100%| O|  |TAMS 0x0000000085b00000, 0x0000000085a00000| Untracked 
|  91|0x0000000085b00000, 0x0000000085c00000, 0x0000000085c00000|100%| O|  |TAMS 0x0000000085c00000, 0x0000000085b00000| Untracked 
|  92|0x0000000085c00000, 0x0000000085d00000, 0x0000000085d00000|100%| O|  |TAMS 0x0000000085d00000, 0x0000000085c00000| Untracked 
|  93|0x0000000085d00000, 0x0000000085e00000, 0x0000000085e00000|100%| O|  |TAMS 0x0000000085e00000, 0x0000000085d00000| Untracked 
|  94|0x0000000085e00000, 0x0000000085f00000, 0x0000000085f00000|100%|HS|  |TAMS 0x0000000085f00000, 0x0000000085e00000| Complete 
|  95|0x0000000085f00000, 0x0000000086000000, 0x0000000086000000|100%|HS|  |TAMS 0x0000000086000000, 0x0000000085f00000| Complete 
|  96|0x0000000086000000, 0x0000000086100000, 0x0000000086100000|100%| O|  |TAMS 0x0000000086100000, 0x0000000086000000| Untracked 
|  97|0x0000000086100000, 0x0000000086200000, 0x0000000086200000|100%| O|  |TAMS 0x0000000086200000, 0x0000000086100000| Untracked 
|  98|0x0000000086200000, 0x0000000086300000, 0x0000000086300000|100%| O|  |TAMS 0x0000000086300000, 0x0000000086200000| Untracked 
|  99|0x0000000086300000, 0x0000000086400000, 0x0000000086400000|100%| O|  |TAMS 0x0000000086400000, 0x0000000086300000| Untracked 
| 100|0x0000000086400000, 0x0000000086500000, 0x0000000086500000|100%| O|  |TAMS 0x0000000086500000, 0x0000000086400000| Untracked 
| 101|0x0000000086500000, 0x0000000086600000, 0x0000000086600000|100%| O|  |TAMS 0x0000000086600000, 0x0000000086500000| Untracked 
| 102|0x0000000086600000, 0x0000000086700000, 0x0000000086700000|100%| O|  |TAMS 0x0000000086700000, 0x0000000086600000| Untracked 
| 103|0x0000000086700000, 0x0000000086800000, 0x0000000086800000|100%| O|  |TAMS 0x0000000086800000, 0x0000000086700000| Untracked 
| 104|0x0000000086800000, 0x0000000086900000, 0x0000000086900000|100%| O|  |TAMS 0x0000000086900000, 0x0000000086800000| Untracked 
| 105|0x0000000086900000, 0x0000000086a00000, 0x0000000086a00000|100%| O|  |TAMS 0x0000000086a00000, 0x0000000086900000| Untracked 
| 106|0x0000000086a00000, 0x0000000086b00000, 0x0000000086b00000|100%| O|  |TAMS 0x0000000086b00000, 0x0000000086a00000| Untracked 
| 107|0x0000000086b00000, 0x0000000086c00000, 0x0000000086c00000|100%| O|  |TAMS 0x0000000086c00000, 0x0000000086b00000| Untracked 
| 108|0x0000000086c00000, 0x0000000086d00000, 0x0000000086d00000|100%| O|  |TAMS 0x0000000086d00000, 0x0000000086c00000| Untracked 
| 109|0x0000000086d00000, 0x0000000086e00000, 0x0000000086e00000|100%| O|  |TAMS 0x0000000086e00000, 0x0000000086d00000| Untracked 
| 110|0x0000000086e00000, 0x0000000086f00000, 0x0000000086f00000|100%| O|  |TAMS 0x0000000086f00000, 0x0000000086e00000| Untracked 
| 111|0x0000000086f00000, 0x0000000087000000, 0x0000000087000000|100%| O|  |TAMS 0x0000000087000000, 0x0000000086f00000| Untracked 
| 112|0x0000000087000000, 0x0000000087100000, 0x0000000087100000|100%| O|  |TAMS 0x0000000087100000, 0x0000000087000000| Untracked 
| 113|0x0000000087100000, 0x0000000087200000, 0x0000000087200000|100%| O|  |TAMS 0x0000000087200000, 0x0000000087100000| Untracked 
| 114|0x0000000087200000, 0x0000000087300000, 0x0000000087300000|100%| O|  |TAMS 0x0000000087300000, 0x0000000087200000| Untracked 
| 115|0x0000000087300000, 0x0000000087400000, 0x0000000087400000|100%| O|  |TAMS 0x0000000087400000, 0x0000000087300000| Untracked 
| 116|0x0000000087400000, 0x0000000087500000, 0x0000000087500000|100%| O|  |TAMS 0x0000000087500000, 0x0000000087400000| Untracked 
| 117|0x0000000087500000, 0x0000000087600000, 0x0000000087600000|100%| O|  |TAMS 0x0000000087600000, 0x0000000087500000| Untracked 
| 118|0x0000000087600000, 0x0000000087700000, 0x0000000087700000|100%| O|  |TAMS 0x0000000087700000, 0x0000000087600000| Untracked 
| 119|0x0000000087700000, 0x0000000087800000, 0x0000000087800000|100%| O|  |TAMS 0x0000000087800000, 0x0000000087700000| Untracked 
| 120|0x0000000087800000, 0x0000000087900000, 0x0000000087900000|100%|HS|  |TAMS 0x0000000087900000, 0x0000000087800000| Complete 
| 121|0x0000000087900000, 0x0000000087a00000, 0x0000000087a00000|100%|HC|  |TAMS 0x0000000087a00000, 0x0000000087900000| Complete 
| 122|0x0000000087a00000, 0x0000000087b00000, 0x0000000087b00000|100%|HS|  |TAMS 0x0000000087b00000, 0x0000000087a00000| Complete 
| 123|0x0000000087b00000, 0x0000000087c00000, 0x0000000087c00000|100%|HC|  |TAMS 0x0000000087c00000, 0x0000000087b00000| Complete 
| 124|0x0000000087c00000, 0x0000000087d00000, 0x0000000087d00000|100%|HC|  |TAMS 0x0000000087d00000, 0x0000000087c00000| Complete 
| 125|0x0000000087d00000, 0x0000000087e00000, 0x0000000087e00000|100%| O|  |TAMS 0x0000000087e00000, 0x0000000087d00000| Untracked 
| 126|0x0000000087e00000, 0x0000000087f00000, 0x0000000087f00000|100%| O|  |TAMS 0x0000000087f00000, 0x0000000087e00000| Untracked 
| 127|0x0000000087f00000, 0x0000000088000000, 0x0000000088000000|100%| O|  |TAMS 0x0000000088000000, 0x0000000087f00000| Untracked 
| 128|0x0000000088000000, 0x0000000088100000, 0x0000000088100000|100%|HS|  |TAMS 0x0000000088100000, 0x0000000088000000| Complete 
| 129|0x0000000088100000, 0x0000000088200000, 0x0000000088200000|100%|HC|  |TAMS 0x0000000088200000, 0x0000000088100000| Complete 
| 130|0x0000000088200000, 0x0000000088300000, 0x0000000088300000|100%|HC|  |TAMS 0x0000000088300000, 0x0000000088200000| Complete 
| 131|0x0000000088300000, 0x0000000088400000, 0x0000000088400000|100%|HS|  |TAMS 0x0000000088400000, 0x0000000088300000| Complete 
| 132|0x0000000088400000, 0x0000000088500000, 0x0000000088500000|100%|HC|  |TAMS 0x0000000088500000, 0x0000000088400000| Complete 
| 133|0x0000000088500000, 0x0000000088600000, 0x0000000088600000|100%|HS|  |TAMS 0x0000000088600000, 0x0000000088500000| Complete 
| 134|0x0000000088600000, 0x0000000088700000, 0x0000000088700000|100%|HC|  |TAMS 0x0000000088700000, 0x0000000088600000| Complete 
| 135|0x0000000088700000, 0x0000000088800000, 0x0000000088800000|100%|HC|  |TAMS 0x0000000088800000, 0x0000000088700000| Complete 
| 136|0x0000000088800000, 0x0000000088900000, 0x0000000088900000|100%|HC|  |TAMS 0x0000000088900000, 0x0000000088800000| Complete 
| 137|0x0000000088900000, 0x0000000088a00000, 0x0000000088a00000|100%|HC|  |TAMS 0x0000000088a00000, 0x0000000088900000| Complete 
| 138|0x0000000088a00000, 0x0000000088b00000, 0x0000000088b00000|100%|HC|  |TAMS 0x0000000088b00000, 0x0000000088a00000| Complete 
| 139|0x0000000088b00000, 0x0000000088c00000, 0x0000000088c00000|100%|HC|  |TAMS 0x0000000088c00000, 0x0000000088b00000| Complete 
| 140|0x0000000088c00000, 0x0000000088d00000, 0x0000000088d00000|100%|HC|  |TAMS 0x0000000088d00000, 0x0000000088c00000| Complete 
| 141|0x0000000088d00000, 0x0000000088e00000, 0x0000000088e00000|100%|HC|  |TAMS 0x0000000088e00000, 0x0000000088d00000| Complete 
| 142|0x0000000088e00000, 0x0000000088f00000, 0x0000000088f00000|100%|HC|  |TAMS 0x0000000088f00000, 0x0000000088e00000| Complete 
| 143|0x0000000088f00000, 0x0000000089000000, 0x0000000089000000|100%|HS|  |TAMS 0x0000000089000000, 0x0000000088f00000| Complete 
| 144|0x0000000089000000, 0x0000000089100000, 0x0000000089100000|100%|HC|  |TAMS 0x0000000089100000, 0x0000000089000000| Complete 
| 145|0x0000000089100000, 0x0000000089200000, 0x0000000089200000|100%|HS|  |TAMS 0x0000000089200000, 0x0000000089100000| Complete 
| 146|0x0000000089200000, 0x0000000089300000, 0x0000000089300000|100%|HC|  |TAMS 0x0000000089300000, 0x0000000089200000| Complete 
| 147|0x0000000089300000, 0x0000000089400000, 0x0000000089400000|100%|HC|  |TAMS 0x0000000089400000, 0x0000000089300000| Complete 
| 148|0x0000000089400000, 0x0000000089500000, 0x0000000089500000|100%|HC|  |TAMS 0x0000000089500000, 0x0000000089400000| Complete 
| 149|0x0000000089500000, 0x0000000089600000, 0x0000000089600000|100%|HC|  |TAMS 0x0000000089600000, 0x0000000089500000| Complete 
| 150|0x0000000089600000, 0x0000000089700000, 0x0000000089700000|100%| O|  |TAMS 0x0000000089700000, 0x0000000089600000| Untracked 
| 151|0x0000000089700000, 0x0000000089800000, 0x0000000089800000|100%| O|  |TAMS 0x0000000089800000, 0x0000000089700000| Untracked 
| 152|0x0000000089800000, 0x0000000089900000, 0x0000000089900000|100%| O|  |TAMS 0x0000000089900000, 0x0000000089800000| Untracked 
| 153|0x0000000089900000, 0x0000000089a00000, 0x0000000089a00000|100%| O|  |TAMS 0x0000000089a00000, 0x0000000089900000| Untracked 
| 154|0x0000000089a00000, 0x0000000089b00000, 0x0000000089b00000|100%| O|  |TAMS 0x0000000089b00000, 0x0000000089a00000| Untracked 
| 155|0x0000000089b00000, 0x0000000089c00000, 0x0000000089c00000|100%| O|  |TAMS 0x0000000089c00000, 0x0000000089b00000| Untracked 
| 156|0x0000000089c00000, 0x0000000089d00000, 0x0000000089d00000|100%| O|  |TAMS 0x0000000089d00000, 0x0000000089c00000| Untracked 
| 157|0x0000000089d00000, 0x0000000089e00000, 0x0000000089e00000|100%| O|  |TAMS 0x0000000089d00000, 0x0000000089d00000| Untracked 
| 158|0x0000000089e00000, 0x0000000089f00000, 0x0000000089f00000|100%| O|  |TAMS 0x0000000089f00000, 0x0000000089e00000| Untracked 
| 159|0x0000000089f00000, 0x000000008a000000, 0x000000008a000000|100%| O|  |TAMS 0x000000008a000000, 0x0000000089f00000| Untracked 
| 160|0x000000008a000000, 0x000000008a100000, 0x000000008a100000|100%| O|  |TAMS 0x000000008a100000, 0x000000008a000000| Untracked 
| 161|0x000000008a100000, 0x000000008a200000, 0x000000008a200000|100%| O|  |TAMS 0x000000008a200000, 0x000000008a100000| Untracked 
| 162|0x000000008a200000, 0x000000008a300000, 0x000000008a300000|100%| O|  |TAMS 0x000000008a300000, 0x000000008a200000| Untracked 
| 163|0x000000008a300000, 0x000000008a400000, 0x000000008a400000|100%| O|  |TAMS 0x000000008a400000, 0x000000008a300000| Untracked 
| 164|0x000000008a400000, 0x000000008a500000, 0x000000008a500000|100%| O|  |TAMS 0x000000008a500000, 0x000000008a400000| Untracked 
| 165|0x000000008a500000, 0x000000008a600000, 0x000000008a600000|100%| O|  |TAMS 0x000000008a600000, 0x000000008a500000| Untracked 
| 166|0x000000008a600000, 0x000000008a700000, 0x000000008a700000|100%| O|  |TAMS 0x000000008a700000, 0x000000008a600000| Untracked 
| 167|0x000000008a700000, 0x000000008a800000, 0x000000008a800000|100%| O|  |TAMS 0x000000008a800000, 0x000000008a700000| Untracked 
| 168|0x000000008a800000, 0x000000008a900000, 0x000000008a900000|100%| O|  |TAMS 0x000000008a900000, 0x000000008a800000| Untracked 
| 169|0x000000008a900000, 0x000000008aa00000, 0x000000008aa00000|100%| O|  |TAMS 0x000000008aa00000, 0x000000008a900000| Untracked 
| 170|0x000000008aa00000, 0x000000008ab00000, 0x000000008ab00000|100%| O|  |TAMS 0x000000008ab00000, 0x000000008aa00000| Untracked 
| 171|0x000000008ab00000, 0x000000008ac00000, 0x000000008ac00000|100%| O|  |TAMS 0x000000008ac00000, 0x000000008ab00000| Untracked 
| 172|0x000000008ac00000, 0x000000008ad00000, 0x000000008ad00000|100%| O|  |TAMS 0x000000008ad00000, 0x000000008ac00000| Untracked 
| 173|0x000000008ad00000, 0x000000008ae00000, 0x000000008ae00000|100%| O|  |TAMS 0x000000008ad00000, 0x000000008ad00000| Untracked 
| 174|0x000000008ae00000, 0x000000008af00000, 0x000000008af00000|100%| O|  |TAMS 0x000000008af00000, 0x000000008ae00000| Untracked 
| 175|0x000000008af00000, 0x000000008b000000, 0x000000008b000000|100%| O|  |TAMS 0x000000008b000000, 0x000000008af00000| Untracked 
| 176|0x000000008b000000, 0x000000008b000000, 0x000000008b100000|  0%| F|  |TAMS 0x000000008b000000, 0x000000008b000000| Untracked 
| 177|0x000000008b100000, 0x000000008b200000, 0x000000008b200000|100%| O|  |TAMS 0x000000008b200000, 0x000000008b100000| Untracked 
| 178|0x000000008b200000, 0x000000008b300000, 0x000000008b300000|100%| O|  |TAMS 0x000000008b300000, 0x000000008b200000| Untracked 
| 179|0x000000008b300000, 0x000000008b400000, 0x000000008b400000|100%| O|  |TAMS 0x000000008b400000, 0x000000008b300000| Untracked 
| 180|0x000000008b400000, 0x000000008b500000, 0x000000008b500000|100%| O|  |TAMS 0x000000008b500000, 0x000000008b400000| Untracked 
| 181|0x000000008b500000, 0x000000008b600000, 0x000000008b600000|100%| O|  |TAMS 0x000000008b600000, 0x000000008b500000| Untracked 
| 182|0x000000008b600000, 0x000000008b700000, 0x000000008b700000|100%| O|  |TAMS 0x000000008b700000, 0x000000008b600000| Untracked 
| 183|0x000000008b700000, 0x000000008b800000, 0x000000008b800000|100%| O|  |TAMS 0x000000008b800000, 0x000000008b700000| Untracked 
| 184|0x000000008b800000, 0x000000008b900000, 0x000000008b900000|100%| O|  |TAMS 0x000000008b900000, 0x000000008b800000| Untracked 
| 185|0x000000008b900000, 0x000000008ba00000, 0x000000008ba00000|100%| O|  |TAMS 0x000000008ba00000, 0x000000008b900000| Untracked 
| 186|0x000000008ba00000, 0x000000008bb00000, 0x000000008bb00000|100%| O|  |TAMS 0x000000008bb00000, 0x000000008ba00000| Untracked 
| 187|0x000000008bb00000, 0x000000008bc00000, 0x000000008bc00000|100%| O|  |TAMS 0x000000008bc00000, 0x000000008bb00000| Untracked 
| 188|0x000000008bc00000, 0x000000008bd00000, 0x000000008bd00000|100%| O|  |TAMS 0x000000008bd00000, 0x000000008bc00000| Untracked 
| 189|0x000000008bd00000, 0x000000008be00000, 0x000000008be00000|100%| O|  |TAMS 0x000000008be00000, 0x000000008bd00000| Untracked 
| 190|0x000000008be00000, 0x000000008bf00000, 0x000000008bf00000|100%| O|  |TAMS 0x000000008bf00000, 0x000000008be00000| Untracked 
| 191|0x000000008bf00000, 0x000000008c000000, 0x000000008c000000|100%| O|  |TAMS 0x000000008c000000, 0x000000008bf00000| Untracked 
| 192|0x000000008c000000, 0x000000008c100000, 0x000000008c100000|100%| O|  |TAMS 0x000000008c100000, 0x000000008c000000| Untracked 
| 193|0x000000008c100000, 0x000000008c200000, 0x000000008c200000|100%| O|  |TAMS 0x000000008c200000, 0x000000008c100000| Untracked 
| 194|0x000000008c200000, 0x000000008c300000, 0x000000008c300000|100%| O|  |TAMS 0x000000008c300000, 0x000000008c200000| Untracked 
| 195|0x000000008c300000, 0x000000008c300000, 0x000000008c400000|  0%| F|  |TAMS 0x000000008c300000, 0x000000008c300000| Untracked 
| 196|0x000000008c400000, 0x000000008c500000, 0x000000008c500000|100%| O|  |TAMS 0x000000008c500000, 0x000000008c400000| Untracked 
| 197|0x000000008c500000, 0x000000008c600000, 0x000000008c600000|100%| O|  |TAMS 0x000000008c600000, 0x000000008c500000| Untracked 
| 198|0x000000008c600000, 0x000000008c700000, 0x000000008c700000|100%| O|  |TAMS 0x000000008c700000, 0x000000008c600000| Untracked 
| 199|0x000000008c700000, 0x000000008c800000, 0x000000008c800000|100%| O|  |TAMS 0x000000008c800000, 0x000000008c700000| Untracked 
| 200|0x000000008c800000, 0x000000008c900000, 0x000000008c900000|100%| O|  |TAMS 0x000000008c900000, 0x000000008c800000| Untracked 
| 201|0x000000008c900000, 0x000000008c900000, 0x000000008ca00000|  0%| F|  |TAMS 0x000000008c900000, 0x000000008c900000| Untracked 
| 202|0x000000008ca00000, 0x000000008cb00000, 0x000000008cb00000|100%| O|  |TAMS 0x000000008cb00000, 0x000000008ca00000| Untracked 
| 203|0x000000008cb00000, 0x000000008cb00000, 0x000000008cc00000|  0%| F|  |TAMS 0x000000008cb00000, 0x000000008cb00000| Untracked 
| 204|0x000000008cc00000, 0x000000008cc00000, 0x000000008cd00000|  0%| F|  |TAMS 0x000000008cc00000, 0x000000008cc00000| Untracked 
| 205|0x000000008cd00000, 0x000000008ce00000, 0x000000008ce00000|100%| O|  |TAMS 0x000000008cd00000, 0x000000008cd00000| Untracked 
| 206|0x000000008ce00000, 0x000000008ce00000, 0x000000008cf00000|  0%| F|  |TAMS 0x000000008ce00000, 0x000000008ce00000| Untracked 
| 207|0x000000008cf00000, 0x000000008cf00000, 0x000000008d000000|  0%| F|  |TAMS 0x000000008cf00000, 0x000000008cf00000| Untracked 
| 208|0x000000008d000000, 0x000000008d000000, 0x000000008d100000|  0%| F|  |TAMS 0x000000008d000000, 0x000000008d000000| Untracked 
| 209|0x000000008d100000, 0x000000008d100000, 0x000000008d200000|  0%| F|  |TAMS 0x000000008d100000, 0x000000008d100000| Untracked 
| 210|0x000000008d200000, 0x000000008d300000, 0x000000008d300000|100%| O|  |TAMS 0x000000008d300000, 0x000000008d200000| Untracked 
| 211|0x000000008d300000, 0x000000008d300000, 0x000000008d400000|  0%| F|  |TAMS 0x000000008d300000, 0x000000008d300000| Untracked 
| 212|0x000000008d400000, 0x000000008d500000, 0x000000008d500000|100%| O|  |TAMS 0x000000008d500000, 0x000000008d400000| Untracked 
| 213|0x000000008d500000, 0x000000008d600000, 0x000000008d600000|100%| O|  |TAMS 0x000000008d600000, 0x000000008d500000| Untracked 
| 214|0x000000008d600000, 0x000000008d700000, 0x000000008d700000|100%| O|  |TAMS 0x000000008d700000, 0x000000008d600000| Untracked 
| 215|0x000000008d700000, 0x000000008d800000, 0x000000008d800000|100%| O|  |TAMS 0x000000008d800000, 0x000000008d700000| Untracked 
| 216|0x000000008d800000, 0x000000008d900000, 0x000000008d900000|100%| O|  |TAMS 0x000000008d900000, 0x000000008d800000| Untracked 
| 217|0x000000008d900000, 0x000000008da00000, 0x000000008da00000|100%| O|  |TAMS 0x000000008d993200, 0x000000008d900000| Untracked 
| 218|0x000000008da00000, 0x000000008db00000, 0x000000008db00000|100%| O|  |TAMS 0x000000008da00000, 0x000000008da00000| Untracked 
| 219|0x000000008db00000, 0x000000008dc00000, 0x000000008dc00000|100%| O|  |TAMS 0x000000008db00000, 0x000000008db00000| Untracked 
| 220|0x000000008dc00000, 0x000000008dd00000, 0x000000008dd00000|100%| O|  |TAMS 0x000000008dc00000, 0x000000008dc00000| Untracked 
| 221|0x000000008dd00000, 0x000000008de00000, 0x000000008de00000|100%| O|  |TAMS 0x000000008dd00000, 0x000000008dd00000| Untracked 
| 222|0x000000008de00000, 0x000000008df00000, 0x000000008df00000|100%| O|  |TAMS 0x000000008de00000, 0x000000008de00000| Untracked 
| 223|0x000000008df00000, 0x000000008e000000, 0x000000008e000000|100%| O|  |TAMS 0x000000008df00000, 0x000000008df00000| Untracked 
| 224|0x000000008e000000, 0x000000008e100000, 0x000000008e100000|100%| O|  |TAMS 0x000000008e000000, 0x000000008e000000| Untracked 
| 225|0x000000008e100000, 0x000000008e200000, 0x000000008e200000|100%| O|  |TAMS 0x000000008e100000, 0x000000008e100000| Untracked 
| 226|0x000000008e200000, 0x000000008e300000, 0x000000008e300000|100%| O|  |TAMS 0x000000008e200000, 0x000000008e200000| Untracked 
| 227|0x000000008e300000, 0x000000008e300000, 0x000000008e400000|  0%| F|  |TAMS 0x000000008e300000, 0x000000008e300000| Untracked 
| 228|0x000000008e400000, 0x000000008e400000, 0x000000008e500000|  0%| F|  |TAMS 0x000000008e400000, 0x000000008e400000| Untracked 
| 229|0x000000008e500000, 0x000000008e500000, 0x000000008e600000|  0%| F|  |TAMS 0x000000008e500000, 0x000000008e500000| Untracked 
| 230|0x000000008e600000, 0x000000008e600000, 0x000000008e700000|  0%| F|  |TAMS 0x000000008e600000, 0x000000008e600000| Untracked 
| 231|0x000000008e700000, 0x000000008e700000, 0x000000008e800000|  0%| F|  |TAMS 0x000000008e700000, 0x000000008e700000| Untracked 
| 232|0x000000008e800000, 0x000000008e800000, 0x000000008e900000|  0%| F|  |TAMS 0x000000008e800000, 0x000000008e800000| Untracked 
| 233|0x000000008e900000, 0x000000008e900000, 0x000000008ea00000|  0%| F|  |TAMS 0x000000008e900000, 0x000000008e900000| Untracked 
| 234|0x000000008ea00000, 0x000000008ea00000, 0x000000008eb00000|  0%| F|  |TAMS 0x000000008ea00000, 0x000000008ea00000| Untracked 
| 235|0x000000008eb00000, 0x000000008eb00000, 0x000000008ec00000|  0%| F|  |TAMS 0x000000008eb00000, 0x000000008eb00000| Untracked 
| 236|0x000000008ec00000, 0x000000008ec00000, 0x000000008ed00000|  0%| F|  |TAMS 0x000000008ec00000, 0x000000008ec00000| Untracked 
| 237|0x000000008ed00000, 0x000000008ed00000, 0x000000008ee00000|  0%| F|  |TAMS 0x000000008ed00000, 0x000000008ed00000| Untracked 
| 238|0x000000008ee00000, 0x000000008ee00000, 0x000000008ef00000|  0%| F|  |TAMS 0x000000008ee00000, 0x000000008ee00000| Untracked 
| 239|0x000000008ef00000, 0x000000008ef00000, 0x000000008f000000|  0%| F|  |TAMS 0x000000008ef00000, 0x000000008ef00000| Untracked 
| 240|0x000000008f000000, 0x000000008f000000, 0x000000008f100000|  0%| F|  |TAMS 0x000000008f000000, 0x000000008f000000| Untracked 
| 241|0x000000008f100000, 0x000000008f100000, 0x000000008f200000|  0%| F|  |TAMS 0x000000008f100000, 0x000000008f100000| Untracked 
| 242|0x000000008f200000, 0x000000008f200000, 0x000000008f300000|  0%| F|  |TAMS 0x000000008f200000, 0x000000008f200000| Untracked 
| 243|0x000000008f300000, 0x000000008f300000, 0x000000008f400000|  0%| F|  |TAMS 0x000000008f300000, 0x000000008f300000| Untracked 
| 244|0x000000008f400000, 0x000000008f400000, 0x000000008f500000|  0%| F|  |TAMS 0x000000008f400000, 0x000000008f400000| Untracked 
| 245|0x000000008f500000, 0x000000008f500000, 0x000000008f600000|  0%| F|  |TAMS 0x000000008f500000, 0x000000008f500000| Untracked 
| 246|0x000000008f600000, 0x000000008f600000, 0x000000008f700000|  0%| F|  |TAMS 0x000000008f600000, 0x000000008f600000| Untracked 
| 247|0x000000008f700000, 0x000000008f700000, 0x000000008f800000|  0%| F|  |TAMS 0x000000008f700000, 0x000000008f700000| Untracked 
| 248|0x000000008f800000, 0x000000008f800000, 0x000000008f900000|  0%| F|  |TAMS 0x000000008f800000, 0x000000008f800000| Untracked 
| 249|0x000000008f900000, 0x000000008f900000, 0x000000008fa00000|  0%| F|  |TAMS 0x000000008f900000, 0x000000008f900000| Untracked 
| 250|0x000000008fa00000, 0x000000008fa00000, 0x000000008fb00000|  0%| F|  |TAMS 0x000000008fa00000, 0x000000008fa00000| Untracked 
| 251|0x000000008fb00000, 0x000000008fb00000, 0x000000008fc00000|  0%| F|  |TAMS 0x000000008fb00000, 0x000000008fb00000| Untracked 
| 252|0x000000008fc00000, 0x000000008fc00000, 0x000000008fd00000|  0%| F|  |TAMS 0x000000008fc00000, 0x000000008fc00000| Untracked 
| 253|0x000000008fd00000, 0x000000008fd00000, 0x000000008fe00000|  0%| F|  |TAMS 0x000000008fd00000, 0x000000008fd00000| Untracked 
| 254|0x000000008fe00000, 0x000000008fe00000, 0x000000008ff00000|  0%| F|  |TAMS 0x000000008fe00000, 0x000000008fe00000| Untracked 
| 255|0x000000008ff00000, 0x000000008ff00000, 0x0000000090000000|  0%| F|  |TAMS 0x000000008ff00000, 0x000000008ff00000| Untracked 
| 256|0x0000000090000000, 0x0000000090000000, 0x0000000090100000|  0%| F|  |TAMS 0x0000000090000000, 0x0000000090000000| Untracked 
| 257|0x0000000090100000, 0x0000000090100000, 0x0000000090200000|  0%| F|  |TAMS 0x0000000090100000, 0x0000000090100000| Untracked 
| 258|0x0000000090200000, 0x0000000090200000, 0x0000000090300000|  0%| F|  |TAMS 0x0000000090200000, 0x0000000090200000| Untracked 
| 259|0x0000000090300000, 0x0000000090300000, 0x0000000090400000|  0%| F|  |TAMS 0x0000000090300000, 0x0000000090300000| Untracked 
| 260|0x0000000090400000, 0x0000000090400000, 0x0000000090500000|  0%| F|  |TAMS 0x0000000090400000, 0x0000000090400000| Untracked 
| 261|0x0000000090500000, 0x0000000090500000, 0x0000000090600000|  0%| F|  |TAMS 0x0000000090500000, 0x0000000090500000| Untracked 
| 262|0x0000000090600000, 0x0000000090600000, 0x0000000090700000|  0%| F|  |TAMS 0x0000000090600000, 0x0000000090600000| Untracked 
| 263|0x0000000090700000, 0x0000000090700000, 0x0000000090800000|  0%| F|  |TAMS 0x0000000090700000, 0x0000000090700000| Untracked 
| 264|0x0000000090800000, 0x0000000090800000, 0x0000000090900000|  0%| F|  |TAMS 0x0000000090800000, 0x0000000090800000| Untracked 
| 265|0x0000000090900000, 0x0000000090900000, 0x0000000090a00000|  0%| F|  |TAMS 0x0000000090900000, 0x0000000090900000| Untracked 
| 266|0x0000000090a00000, 0x0000000090a00000, 0x0000000090b00000|  0%| F|  |TAMS 0x0000000090a00000, 0x0000000090a00000| Untracked 
| 267|0x0000000090b00000, 0x0000000090b00000, 0x0000000090c00000|  0%| F|  |TAMS 0x0000000090b00000, 0x0000000090b00000| Untracked 
| 268|0x0000000090c00000, 0x0000000090c00000, 0x0000000090d00000|  0%| F|  |TAMS 0x0000000090c00000, 0x0000000090c00000| Untracked 
| 269|0x0000000090d00000, 0x0000000090d00000, 0x0000000090e00000|  0%| F|  |TAMS 0x0000000090d00000, 0x0000000090d00000| Untracked 
| 270|0x0000000090e00000, 0x0000000090e00000, 0x0000000090f00000|  0%| F|  |TAMS 0x0000000090e00000, 0x0000000090e00000| Untracked 
| 271|0x0000000090f00000, 0x0000000090f00000, 0x0000000091000000|  0%| F|  |TAMS 0x0000000090f00000, 0x0000000090f00000| Untracked 
| 272|0x0000000091000000, 0x0000000091000000, 0x0000000091100000|  0%| F|  |TAMS 0x0000000091000000, 0x0000000091000000| Untracked 
| 273|0x0000000091100000, 0x0000000091100000, 0x0000000091200000|  0%| F|  |TAMS 0x0000000091100000, 0x0000000091100000| Untracked 
| 274|0x0000000091200000, 0x0000000091200000, 0x0000000091300000|  0%| F|  |TAMS 0x0000000091200000, 0x0000000091200000| Untracked 
| 275|0x0000000091300000, 0x0000000091300000, 0x0000000091400000|  0%| F|  |TAMS 0x0000000091300000, 0x0000000091300000| Untracked 
| 276|0x0000000091400000, 0x0000000091400000, 0x0000000091500000|  0%| F|  |TAMS 0x0000000091400000, 0x0000000091400000| Untracked 
| 277|0x0000000091500000, 0x0000000091500000, 0x0000000091600000|  0%| F|  |TAMS 0x0000000091500000, 0x0000000091500000| Untracked 
| 278|0x0000000091600000, 0x0000000091600000, 0x0000000091700000|  0%| F|  |TAMS 0x0000000091600000, 0x0000000091600000| Untracked 
| 279|0x0000000091700000, 0x0000000091700000, 0x0000000091800000|  0%| F|  |TAMS 0x0000000091700000, 0x0000000091700000| Untracked 
| 280|0x0000000091800000, 0x0000000091800000, 0x0000000091900000|  0%| F|  |TAMS 0x0000000091800000, 0x0000000091800000| Untracked 
| 281|0x0000000091900000, 0x0000000091900000, 0x0000000091a00000|  0%| F|  |TAMS 0x0000000091900000, 0x0000000091900000| Untracked 
| 282|0x0000000091a00000, 0x0000000091a00000, 0x0000000091b00000|  0%| F|  |TAMS 0x0000000091a00000, 0x0000000091a00000| Untracked 
| 283|0x0000000091b00000, 0x0000000091b00000, 0x0000000091c00000|  0%| F|  |TAMS 0x0000000091b00000, 0x0000000091b00000| Untracked 
| 284|0x0000000091c00000, 0x0000000091c00000, 0x0000000091d00000|  0%| F|  |TAMS 0x0000000091c00000, 0x0000000091c00000| Untracked 
| 285|0x0000000091d00000, 0x0000000091d00000, 0x0000000091e00000|  0%| F|  |TAMS 0x0000000091d00000, 0x0000000091d00000| Untracked 
| 286|0x0000000091e00000, 0x0000000091e00000, 0x0000000091f00000|  0%| F|  |TAMS 0x0000000091e00000, 0x0000000091e00000| Untracked 
| 287|0x0000000091f00000, 0x0000000091f00000, 0x0000000092000000|  0%| F|  |TAMS 0x0000000091f00000, 0x0000000091f00000| Untracked 
| 288|0x0000000092000000, 0x0000000092000000, 0x0000000092100000|  0%| F|  |TAMS 0x0000000092000000, 0x0000000092000000| Untracked 
| 289|0x0000000092100000, 0x0000000092100000, 0x0000000092200000|  0%| F|  |TAMS 0x0000000092100000, 0x0000000092100000| Untracked 
| 290|0x0000000092200000, 0x0000000092200000, 0x0000000092300000|  0%| F|  |TAMS 0x0000000092200000, 0x0000000092200000| Untracked 
| 291|0x0000000092300000, 0x0000000092300000, 0x0000000092400000|  0%| F|  |TAMS 0x0000000092300000, 0x0000000092300000| Untracked 
| 292|0x0000000092400000, 0x0000000092400000, 0x0000000092500000|  0%| F|  |TAMS 0x0000000092400000, 0x0000000092400000| Untracked 
| 293|0x0000000092500000, 0x0000000092500000, 0x0000000092600000|  0%| F|  |TAMS 0x0000000092500000, 0x0000000092500000| Untracked 
| 294|0x0000000092600000, 0x0000000092600000, 0x0000000092700000|  0%| F|  |TAMS 0x0000000092600000, 0x0000000092600000| Untracked 
| 295|0x0000000092700000, 0x0000000092700000, 0x0000000092800000|  0%| F|  |TAMS 0x0000000092700000, 0x0000000092700000| Untracked 
| 296|0x0000000092800000, 0x0000000092800000, 0x0000000092900000|  0%| F|  |TAMS 0x0000000092800000, 0x0000000092800000| Untracked 
| 297|0x0000000092900000, 0x0000000092900000, 0x0000000092a00000|  0%| F|  |TAMS 0x0000000092900000, 0x0000000092900000| Untracked 
| 298|0x0000000092a00000, 0x0000000092a00000, 0x0000000092b00000|  0%| F|  |TAMS 0x0000000092a00000, 0x0000000092a00000| Untracked 
| 299|0x0000000092b00000, 0x0000000092b00000, 0x0000000092c00000|  0%| F|  |TAMS 0x0000000092b00000, 0x0000000092b00000| Untracked 
| 300|0x0000000092c00000, 0x0000000092c00000, 0x0000000092d00000|  0%| F|  |TAMS 0x0000000092c00000, 0x0000000092c00000| Untracked 
| 301|0x0000000092d00000, 0x0000000092d00000, 0x0000000092e00000|  0%| F|  |TAMS 0x0000000092d00000, 0x0000000092d00000| Untracked 
| 302|0x0000000092e00000, 0x0000000092e00000, 0x0000000092f00000|  0%| F|  |TAMS 0x0000000092e00000, 0x0000000092e00000| Untracked 
| 303|0x0000000092f00000, 0x0000000092f00000, 0x0000000093000000|  0%| F|  |TAMS 0x0000000092f00000, 0x0000000092f00000| Untracked 
| 304|0x0000000093000000, 0x0000000093000000, 0x0000000093100000|  0%| F|  |TAMS 0x0000000093000000, 0x0000000093000000| Untracked 
| 305|0x0000000093100000, 0x0000000093180810, 0x0000000093200000| 50%| E|  |TAMS 0x0000000093100000, 0x0000000093100000| Complete 
| 306|0x0000000093200000, 0x0000000093300000, 0x0000000093300000|100%| E|CS|TAMS 0x0000000093200000, 0x0000000093200000| Complete 
| 307|0x0000000093300000, 0x0000000093400000, 0x0000000093400000|100%| E|CS|TAMS 0x0000000093300000, 0x0000000093300000| Complete 
| 308|0x0000000093400000, 0x0000000093500000, 0x0000000093500000|100%| E|CS|TAMS 0x0000000093400000, 0x0000000093400000| Complete 
| 309|0x0000000093500000, 0x0000000093600000, 0x0000000093600000|100%| E|CS|TAMS 0x0000000093500000, 0x0000000093500000| Complete 
| 310|0x0000000093600000, 0x0000000093700000, 0x0000000093700000|100%| E|CS|TAMS 0x0000000093600000, 0x0000000093600000| Complete 
| 311|0x0000000093700000, 0x0000000093800000, 0x0000000093800000|100%| E|CS|TAMS 0x0000000093700000, 0x0000000093700000| Complete 
| 312|0x0000000093800000, 0x0000000093900000, 0x0000000093900000|100%| E|CS|TAMS 0x0000000093800000, 0x0000000093800000| Complete 
| 313|0x0000000093900000, 0x0000000093a00000, 0x0000000093a00000|100%| E|CS|TAMS 0x0000000093900000, 0x0000000093900000| Complete 
| 314|0x0000000093a00000, 0x0000000093ade2d8, 0x0000000093b00000| 86%| S|CS|TAMS 0x0000000093a00000, 0x0000000093a00000| Complete 
| 315|0x0000000093b00000, 0x0000000093c00000, 0x0000000093c00000|100%| S|CS|TAMS 0x0000000093b00000, 0x0000000093b00000| Complete 
| 316|0x0000000093c00000, 0x0000000093d00000, 0x0000000093d00000|100%| E|CS|TAMS 0x0000000093c00000, 0x0000000093c00000| Complete 
| 317|0x0000000093d00000, 0x0000000093e00000, 0x0000000093e00000|100%| E|CS|TAMS 0x0000000093d00000, 0x0000000093d00000| Complete 
| 318|0x0000000093e00000, 0x0000000093f00000, 0x0000000093f00000|100%| E|CS|TAMS 0x0000000093e00000, 0x0000000093e00000| Complete 
| 319|0x0000000093f00000, 0x0000000094000000, 0x0000000094000000|100%| E|CS|TAMS 0x0000000093f00000, 0x0000000093f00000| Complete 
| 320|0x0000000094000000, 0x0000000094100000, 0x0000000094100000|100%| E|  |TAMS 0x0000000094000000, 0x0000000094000000| Complete 
| 321|0x0000000094100000, 0x0000000094200000, 0x0000000094200000|100%| E|CS|TAMS 0x0000000094100000, 0x0000000094100000| Complete 
| 322|0x0000000094200000, 0x0000000094300000, 0x0000000094300000|100%| E|CS|TAMS 0x0000000094200000, 0x0000000094200000| Complete 
| 323|0x0000000094300000, 0x0000000094400000, 0x0000000094400000|100%| E|CS|TAMS 0x0000000094300000, 0x0000000094300000| Complete 
| 324|0x0000000094400000, 0x0000000094500000, 0x0000000094500000|100%| E|CS|TAMS 0x0000000094400000, 0x0000000094400000| Complete 
| 325|0x0000000094500000, 0x0000000094600000, 0x0000000094600000|100%| E|CS|TAMS 0x0000000094500000, 0x0000000094500000| Complete 
| 326|0x0000000094600000, 0x0000000094700000, 0x0000000094700000|100%| E|CS|TAMS 0x0000000094600000, 0x0000000094600000| Complete 
| 327|0x0000000094700000, 0x0000000094800000, 0x0000000094800000|100%| E|CS|TAMS 0x0000000094700000, 0x0000000094700000| Complete 
| 328|0x0000000094800000, 0x0000000094900000, 0x0000000094900000|100%| E|CS|TAMS 0x0000000094800000, 0x0000000094800000| Complete 

Card table byte_map: [0x00000260e07d0000,0x00000260e0bd0000] _byte_map_base: 0x00000260e03d0000

Marking Bits (Prev, Next): (CMBitMap*) 0x00000260cd8f0430, (CMBitMap*) 0x00000260cd8f03f8
 Prev Bits: [0x00000260e2fd0000, 0x00000260e4fd0000)
 Next Bits: [0x00000260e0fd0000, 0x00000260e2fd0000)

Polling page: 0x00000260cd080000

Metaspace:

Usage:
  Non-class:    132.00 MB capacity,   129.15 MB ( 98%) used,     2.40 MB (  2%) free+waste,   470.00 KB ( <1%) overhead. 
      Class:     20.33 MB capacity,    18.76 MB ( 92%) used,     1.36 MB (  7%) free+waste,   211.94 KB (  1%) overhead. 
       Both:    152.33 MB capacity,   147.91 MB ( 97%) used,     3.76 MB (  2%) free+waste,   681.94 KB ( <1%) overhead. 

Virtual space:
  Non-class space:      134.00 MB reserved,     132.13 MB ( 99%) committed 
      Class space:        1.00 GB reserved,      20.45 MB (  2%) committed 
             Both:        1.13 GB reserved,     152.58 MB ( 13%) committed 

Chunk freelists:
   Non-Class:  63.00 KB
       Class:  18.00 KB
        Both:  81.00 KB

MaxMetaspaceSize: 17179869184.00 GB
CompressedClassSpaceSize: 1.00 GB
Initial GC threshold: 20.80 MB
Current GC threshold: 249.09 MB
CDS: off

CodeHeap 'non-profiled nmethods': size=120064Kb used=14261Kb max_used=14261Kb free=105802Kb
 bounds [0x00000260d8e90000, 0x00000260d9c80000, 0x00000260e03d0000]
CodeHeap 'profiled nmethods': size=120000Kb used=43795Kb max_used=43795Kb free=76204Kb
 bounds [0x00000260d1960000, 0x00000260d4430000, 0x00000260d8e90000]
CodeHeap 'non-nmethods': size=5696Kb used=2495Kb max_used=2529Kb free=3200Kb
 bounds [0x00000260d13d0000, 0x00000260d1660000, 0x00000260d1960000]
 total_blobs=19859 nmethods=18856 adapters=912
 compilation: enabled
              stopped_count=0, restarted_count=0
 full_count=0

Compilation events (20 events):
Event: 1833.337 Thread 0x00000260e7d6c800 19794       3       com.android.ide.common.resources.FileResourceNameValidator::getErrorTextForNameWithoutExtension (113 bytes)
Event: 1833.338 Thread 0x00000260ea674000 nmethod 19796 0x00000260d9c7d090 code [0x00000260d9c7d240, 0x00000260d9c7d358]
Event: 1833.338 Thread 0x00000260ea674000 19765       4       org.apache.xerces.impl.XMLNSDocumentScannerImpl::scanAttribute (586 bytes)
Event: 1833.339 Thread 0x00000260e7d6c800 nmethod 19794 0x00000260d4411910 code [0x00000260d4411d40, 0x00000260d4413968]
Event: 1833.339 Thread 0x00000260e7d6c800 19795       3       com.android.utils.PositionXmlParser::parse (17 bytes)
Event: 1833.339 Thread 0x00000260e7d6c800 nmethod 19795 0x00000260d4414310 code [0x00000260d4414560, 0x00000260d4414c68]
Event: 1833.339 Thread 0x00000260e7d6c800 19790       3       com.android.ide.common.resources.DataFile::<init> (44 bytes)
Event: 1833.340 Thread 0x00000260e7d6c800 nmethod 19790 0x00000260d4414f10 code [0x00000260d4415160, 0x00000260d4415818]
Event: 1833.340 Thread 0x00000260e7d6c800 19791       3       com.android.ide.common.resources.ResourceSet::processNewResourceFile (42 bytes)
Event: 1833.340 Thread 0x00000260e7d6c800 nmethod 19791 0x00000260d4415a10 code [0x00000260d4415be0, 0x00000260d4415fb8]
Event: 1833.341 Thread 0x00000260e7d6c800 19800       3       org.apache.xerces.impl.XMLScanner::normalizeWhitespace (50 bytes)
Event: 1833.341 Thread 0x00000260e7d6c800 nmethod 19800 0x00000260d4416110 code [0x00000260d44162e0, 0x00000260d4416538]
Event: 1833.342 Thread 0x00000260e7d6c800 19801       3       com.android.ide.common.resources.configuration.FolderConfiguration::getConfigFromQualifiers (336 bytes)
Event: 1833.344 Thread 0x00000260e7d6c800 nmethod 19801 0x00000260d4416690 code [0x00000260d4416b00, 0x00000260d4418dd8]
Event: 1833.373 Thread 0x00000260e7d6c800 19802       3       org.apache.xerces.impl.XMLScanner::scanXMLDeclOrTextDecl (611 bytes)
Event: 1833.378 Thread 0x00000260e7d6c800 nmethod 19802 0x00000260d4419810 code [0x00000260d441a0a0, 0x00000260d441fcf8]
Event: 1833.378 Thread 0x00000260e7d6c800 19803       3       org.apache.xerces.impl.XMLEntityScanner::setEncoding (247 bytes)
Event: 1833.379 Thread 0x00000260e7d6c800 nmethod 19803 0x00000260d4421a90 code [0x00000260d4421dc0, 0x00000260d4422c38]
Event: 1833.379 Thread 0x00000260e7d6c800 19804       3       com.android.ide.common.resources.configuration.LocaleQualifier::getQualifier (165 bytes)
Event: 1833.381 Thread 0x00000260e7d6c800 nmethod 19804 0x00000260d4423210 code [0x00000260d4423680, 0x00000260d4425418]

GC Heap History (20 events):
Event: 1438.085 GC heap before
{Heap before GC invocations=92 (full 0):
 garbage-first heap   total 336896K, used 264267K [0x0000000080000000, 0x0000000100000000)
  region size 1024K, 63 young (64512K), 6 survivors (6144K)
 Metaspace       used 137847K, capacity 141973K, committed 142032K, reserved 1171456K
  class space    used 17740K, capacity 19248K, committed 19276K, reserved 1048576K
}
Event: 1438.095 GC heap after
{Heap after GC invocations=93 (full 0):
 garbage-first heap   total 336896K, used 210616K [0x0000000080000000, 0x0000000100000000)
  region size 1024K, 6 young (6144K), 6 survivors (6144K)
 Metaspace       used 137847K, capacity 141973K, committed 142032K, reserved 1171456K
  class space    used 17740K, capacity 19248K, committed 19276K, reserved 1048576K
}
Event: 1438.796 GC heap before
{Heap before GC invocations=93 (full 0):
 garbage-first heap   total 336896K, used 253624K [0x0000000080000000, 0x0000000100000000)
  region size 1024K, 50 young (51200K), 6 survivors (6144K)
 Metaspace       used 139393K, capacity 143486K, committed 143824K, reserved 1173504K
  class space    used 17907K, capacity 19419K, committed 19532K, reserved 1048576K
}
Event: 1438.817 GC heap after
{Heap after GC invocations=94 (full 0):
 garbage-first heap   total 336896K, used 213768K [0x0000000080000000, 0x0000000100000000)
  region size 1024K, 7 young (7168K), 7 survivors (7168K)
 Metaspace       used 139393K, capacity 143486K, committed 143824K, reserved 1173504K
  class space    used 17907K, capacity 19419K, committed 19532K, reserved 1048576K
}
Event: 1439.955 GC heap before
{Heap before GC invocations=95 (full 0):
 garbage-first heap   total 336896K, used 273160K [0x0000000080000000, 0x0000000100000000)
  region size 1024K, 64 young (65536K), 7 survivors (7168K)
 Metaspace       used 143330K, capacity 147481K, committed 147792K, reserved 1177600K
  class space    used 18289K, capacity 19787K, committed 19916K, reserved 1048576K
}
Event: 1439.968 GC heap after
{Heap after GC invocations=96 (full 0):
 garbage-first heap   total 336896K, used 215432K [0x0000000080000000, 0x0000000100000000)
  region size 1024K, 5 young (5120K), 5 survivors (5120K)
 Metaspace       used 143330K, capacity 147481K, committed 147792K, reserved 1177600K
  class space    used 18289K, capacity 19787K, committed 19916K, reserved 1048576K
}
Event: 1440.268 GC heap before
{Heap before GC invocations=96 (full 0):
 garbage-first heap   total 336896K, used 226696K [0x0000000080000000, 0x0000000100000000)
  region size 1024K, 16 young (16384K), 5 survivors (5120K)
 Metaspace       used 143344K, capacity 147481K, committed 147792K, reserved 1177600K
  class space    used 18289K, capacity 19787K, committed 19916K, reserved 1048576K
}
Event: 1440.287 GC heap after
{Heap after GC invocations=97 (full 0):
 garbage-first heap   total 336896K, used 212525K [0x0000000080000000, 0x0000000100000000)
  region size 1024K, 2 young (2048K), 2 survivors (2048K)
 Metaspace       used 143344K, capacity 147481K, committed 147792K, reserved 1177600K
  class space    used 18289K, capacity 19787K, committed 19916K, reserved 1048576K
}
Event: 1827.401 GC heap before
{Heap before GC invocations=97 (full 0):
 garbage-first heap   total 336896K, used 271917K [0x0000000080000000, 0x0000000100000000)
  region size 1024K, 61 young (62464K), 2 survivors (2048K)
 Metaspace       used 144701K, capacity 149094K, committed 149200K, reserved 1179648K
  class space    used 18430K, capacity 19959K, committed 20044K, reserved 1048576K
}
Event: 1827.412 GC heap after
{Heap after GC invocations=98 (full 0):
 garbage-first heap   total 336896K, used 215718K [0x0000000080000000, 0x0000000100000000)
  region size 1024K, 5 young (5120K), 5 survivors (5120K)
 Metaspace       used 144701K, capacity 149094K, committed 149200K, reserved 1179648K
  class space    used 18430K, capacity 19959K, committed 20044K, reserved 1048576K
}
Event: 1828.611 GC heap before
{Heap before GC invocations=99 (full 0):
 garbage-first heap   total 336896K, used 276134K [0x0000000080000000, 0x0000000100000000)
  region size 1024K, 64 young (65536K), 5 survivors (5120K)
 Metaspace       used 146415K, capacity 150632K, committed 150864K, reserved 1179648K
  class space    used 18610K, capacity 20118K, committed 20172K, reserved 1048576K
}
Event: 1828.625 GC heap after
{Heap after GC invocations=100 (full 0):
 garbage-first heap   total 336896K, used 221803K [0x0000000080000000, 0x0000000100000000)
  region size 1024K, 8 young (8192K), 8 survivors (8192K)
 Metaspace       used 146415K, capacity 150632K, committed 150864K, reserved 1179648K
  class space    used 18610K, capacity 20118K, committed 20172K, reserved 1048576K
}
Event: 1828.736 GC heap before
{Heap before GC invocations=100 (full 0):
 garbage-first heap   total 336896K, used 229995K [0x0000000080000000, 0x0000000100000000)
  region size 1024K, 16 young (16384K), 8 survivors (8192K)
 Metaspace       used 146424K, capacity 150635K, committed 150864K, reserved 1179648K
  class space    used 18612K, capacity 20119K, committed 20172K, reserved 1048576K
}
Event: 1828.748 GC heap after
{Heap after GC invocations=101 (full 0):
 garbage-first heap   total 336896K, used 222796K [0x0000000080000000, 0x0000000100000000)
  region size 1024K, 2 young (2048K), 2 survivors (2048K)
 Metaspace       used 146424K, capacity 150635K, committed 150864K, reserved 1179648K
  class space    used 18612K, capacity 20119K, committed 20172K, reserved 1048576K
}
Event: 1829.883 GC heap before
{Heap before GC invocations=101 (full 0):
 garbage-first heap   total 336896K, used 279116K [0x0000000080000000, 0x0000000100000000)
  region size 1024K, 58 young (59392K), 2 survivors (2048K)
 Metaspace       used 148402K, capacity 152791K, committed 153040K, reserved 1181696K
  class space    used 18880K, capacity 20437K, committed 20556K, reserved 1048576K
}
Event: 1829.895 GC heap after
{Heap after GC invocations=102 (full 0):
 garbage-first heap   total 336896K, used 227828K [0x0000000080000000, 0x0000000100000000)
  region size 1024K, 7 young (7168K), 7 survivors (7168K)
 Metaspace       used 148402K, capacity 152791K, committed 153040K, reserved 1181696K
  class space    used 18880K, capacity 20437K, committed 20556K, reserved 1048576K
}
Event: 1832.441 GC heap before
{Heap before GC invocations=103 (full 0):
 garbage-first heap   total 336896K, used 281076K [0x0000000080000000, 0x0000000100000000)
  region size 1024K, 61 young (62464K), 7 survivors (7168K)
 Metaspace       used 151322K, capacity 155859K, committed 156240K, reserved 1185792K
  class space    used 19209K, capacity 20814K, committed 20940K, reserved 1048576K
}
Event: 1832.457 GC heap after
{Heap after GC invocations=104 (full 0):
 garbage-first heap   total 336896K, used 229736K [0x0000000080000000, 0x0000000100000000)
  region size 1024K, 3 young (3072K), 3 survivors (3072K)
 Metaspace       used 151322K, capacity 155859K, committed 156240K, reserved 1185792K
  class space    used 19209K, capacity 20814K, committed 20940K, reserved 1048576K
}
Event: 1832.971 GC heap before
{Heap before GC invocations=104 (full 0):
 garbage-first heap   total 336896K, used 243048K [0x0000000080000000, 0x0000000100000000)
  region size 1024K, 16 young (16384K), 3 survivors (3072K)
 Metaspace       used 151424K, capacity 155923K, committed 156240K, reserved 1185792K
  class space    used 19209K, capacity 20814K, committed 20940K, reserved 1048576K
}
Event: 1832.985 GC heap after
{Heap after GC invocations=105 (full 0):
 garbage-first heap   total 336896K, used 224120K [0x0000000080000000, 0x0000000100000000)
  region size 1024K, 2 young (2048K), 2 survivors (2048K)
 Metaspace       used 151424K, capacity 155923K, committed 156240K, reserved 1185792K
  class space    used 19209K, capacity 20814K, committed 20940K, reserved 1048576K
}

Deoptimization events (20 events):
Event: 1833.089 Thread 0x00000260f8ac5000 Uncommon trap: trap_request=0xffffffbe fr.pc=0x00000260d9c5bce4 relative=0x00000000000005e4
Event: 1833.089 Thread 0x00000260f8ac5000 Uncommon trap: reason=profile_predicate action=maybe_recompile pc=0x00000260d9c5bce4 method=org.apache.xerces.impl.XMLEntityScanner.skipString(Ljava/lang/String;)Z @ 189 c2
Event: 1833.089 Thread 0x00000260f8ac5000 DEOPT PACKING pc=0x00000260d9c5bce4 sp=0x000000cd391f9e00
Event: 1833.089 Thread 0x00000260f8ac5000 DEOPT UNPACKING pc=0x00000260d13d85af sp=0x000000cd391f9d80 mode 2
Event: 1833.125 Thread 0x00000260f8ac5000 Uncommon trap: trap_request=0xffffffbe fr.pc=0x00000260d9c5bce4 relative=0x00000000000005e4
Event: 1833.125 Thread 0x00000260f8ac5000 Uncommon trap: reason=profile_predicate action=maybe_recompile pc=0x00000260d9c5bce4 method=org.apache.xerces.impl.XMLEntityScanner.skipString(Ljava/lang/String;)Z @ 189 c2
Event: 1833.125 Thread 0x00000260f8ac5000 DEOPT PACKING pc=0x00000260d9c5bce4 sp=0x000000cd391f9e00
Event: 1833.125 Thread 0x00000260f8ac5000 DEOPT UNPACKING pc=0x00000260d13d85af sp=0x000000cd391f9d80 mode 2
Event: 1833.170 Thread 0x00000260f8ac5000 Uncommon trap: trap_request=0xffffff4d fr.pc=0x00000260d9c61d9c relative=0x00000000000009fc
Event: 1833.170 Thread 0x00000260f8ac5000 Uncommon trap: reason=unstable_if action=reinterpret pc=0x00000260d9c61d9c method=org.apache.xerces.impl.XMLEntityScanner.scanContent(Lorg/apache/xerces/xni/XMLString;)I @ 461 c2
Event: 1833.170 Thread 0x00000260f8ac5000 DEOPT PACKING pc=0x00000260d9c61d9c sp=0x000000cd391f9e50
Event: 1833.170 Thread 0x00000260f8ac5000 DEOPT UNPACKING pc=0x00000260d13d85af sp=0x000000cd391f9de8 mode 2
Event: 1833.172 Thread 0x00000260f8ac5000 Uncommon trap: trap_request=0xffffff4d fr.pc=0x00000260d9c494b8 relative=0x0000000000000098
Event: 1833.172 Thread 0x00000260f8ac5000 Uncommon trap: reason=unstable_if action=reinterpret pc=0x00000260d9c494b8 method=org.apache.xerces.impl.XMLEntityScanner.peekChar()I @ 14 c2
Event: 1833.172 Thread 0x00000260f8ac5000 DEOPT PACKING pc=0x00000260d9c494b8 sp=0x000000cd391f9e40
Event: 1833.172 Thread 0x00000260f8ac5000 DEOPT UNPACKING pc=0x00000260d13d85af sp=0x000000cd391f9dd0 mode 2
Event: 1833.260 Thread 0x00000260f8ac5000 Uncommon trap: trap_request=0xffffffbe fr.pc=0x00000260d9c5bce4 relative=0x00000000000005e4
Event: 1833.260 Thread 0x00000260f8ac5000 Uncommon trap: reason=profile_predicate action=maybe_recompile pc=0x00000260d9c5bce4 method=org.apache.xerces.impl.XMLEntityScanner.skipString(Ljava/lang/String;)Z @ 189 c2
Event: 1833.260 Thread 0x00000260f8ac5000 DEOPT PACKING pc=0x00000260d9c5bce4 sp=0x000000cd391f9e10
Event: 1833.260 Thread 0x00000260f8ac5000 DEOPT UNPACKING pc=0x00000260d13d85af sp=0x000000cd391f9d90 mode 2

Classes redefined (0 events):
No events

Internal exceptions (20 events):
Event: 1829.144 Thread 0x00000260f8ac6000 Exception <a 'sun/nio/fs/WindowsException'{0x0000000092c74918}> (0x0000000092c74918) thrown at [src/hotspot/share/prims/jni.cpp, line 617]
Event: 1829.144 Thread 0x00000260f8ac6000 Exception <a 'sun/nio/fs/WindowsException'{0x0000000092c75a28}> (0x0000000092c75a28) thrown at [src/hotspot/share/prims/jni.cpp, line 617]
Event: 1829.332 Thread 0x00000260f8ac6000 Implicit null exception at 0x00000260d91f9cf7 to 0x00000260d91f9e8c
Event: 1829.346 Thread 0x00000260ee53b800 Exception <a 'java/lang/NoSuchMethodError'{0x0000000092548378}: <clinit>> (0x0000000092548378) thrown at [src/hotspot/share/prims/jni.cpp, line 1367]
Event: 1829.357 Thread 0x00000260ee53b800 Exception <a 'java/lang/NoSuchMethodError'{0x00000000924aed68}: <clinit>> (0x00000000924aed68) thrown at [src/hotspot/share/prims/jni.cpp, line 1367]
Event: 1829.368 Thread 0x00000260f8ac8800 Exception <a 'java/lang/NoSuchMethodError'{0x0000000092224ae0}: <clinit>> (0x0000000092224ae0) thrown at [src/hotspot/share/prims/jni.cpp, line 1367]
Event: 1829.369 Thread 0x00000260f8ac6000 Exception <a 'java/lang/NoSuchMethodError'{0x000000009222e088}: 'int java.lang.invoke.DirectMethodHandle$Holder.invokeSpecial(java.lang.Object, java.lang.Object, java.lang.Object, java.lang.Object, java.lang.Object)'> (0x000000009222e088) thrown at [src/hotspot/share/interpreter/linkResolver.cpp, line 773]
Event: 1829.370 Thread 0x00000260f8ac8800 Exception <a 'java/lang/NoSuchMethodError'{0x000000009223db90}: <clinit>> (0x000000009223db90) thrown at [src/hotspot/share/prims/jni.cpp, line 1367]
Event: 1829.375 Thread 0x00000260f8ac8800 Exception <a 'java/lang/NoSuchMethodError'{0x0000000092277358}: <clinit>> (0x0000000092277358) thrown at [src/hotspot/share/prims/jni.cpp, line 1367]
Event: 1829.465 Thread 0x00000260f8ac6000 Exception <a 'sun/nio/fs/WindowsException'{0x00000000921bb928}> (0x00000000921bb928) thrown at [src/hotspot/share/prims/jni.cpp, line 617]
Event: 1829.465 Thread 0x00000260f8ac6000 Exception <a 'sun/nio/fs/WindowsException'{0x00000000921bca40}> (0x00000000921bca40) thrown at [src/hotspot/share/prims/jni.cpp, line 617]
Event: 1829.482 Thread 0x00000260f8ac6000 Exception <a 'java/lang/NoSuchMethodError'{0x00000000920c8af8}: 'java.lang.Object java.lang.invoke.DirectMethodHandle$Holder.invokeStatic(java.lang.Object, java.lang.Object, java.lang.Object, java.lang.Object, java.lang.Object, java.lang.Object, java.lang.Object, java.lang.Object, java.lang.Object, java.lang.Object, java.lang.Object, java.lang.Object, java.lang.Object, java.lang.Object, java.lang.Object, int)'> (0x00000000920c8af8) thrown at [src/hotspot/share/interpreter/linkResolver.cpp, line 773]
Event: 1829.497 Thread 0x00000260f8ac3000 Exception <a 'java/lang/NoSuchMethodError'{0x0000000091f8af28}: 'void java.lang.invoke.DirectMethodHandle$Holder.invokeInterface(java.lang.Object, java.lang.Object, java.lang.Object, java.lang.Object)'> (0x0000000091f8af28) thrown at [src/hotspot/share/interpreter/linkResolver.cpp, line 773]
Event: 1829.520 Thread 0x00000260f8ac9800 Exception <a 'sun/nio/fs/WindowsException'{0x0000000091e507e0}> (0x0000000091e507e0) thrown at [src/hotspot/share/prims/jni.cpp, line 617]
Event: 1830.059 Thread 0x00000260f8ac3000 Exception <a 'java/lang/NoSuchMethodError'{0x0000000094744358}: <clinit>> (0x0000000094744358) thrown at [src/hotspot/share/prims/jni.cpp, line 1367]
Event: 1830.669 Thread 0x00000260f8ac5000 Exception <a 'sun/nio/fs/WindowsException'{0x0000000093a59e50}> (0x0000000093a59e50) thrown at [src/hotspot/share/prims/jni.cpp, line 617]
Event: 1830.669 Thread 0x00000260f8ac5000 Exception <a 'sun/nio/fs/WindowsException'{0x0000000093a5ac98}> (0x0000000093a5ac98) thrown at [src/hotspot/share/prims/jni.cpp, line 617]
Event: 1830.837 Thread 0x00000260f8ac5000 Exception <a 'java/lang/NoSuchMethodError'{0x000000009393c5a0}: 'java.lang.Object java.lang.invoke.DirectMethodHandle$Holder.invokeSpecial(java.lang.Object, java.lang.Object, int, int, int, java.lang.Object, java.lang.Object, java.lang.Object, int)'> (0x000000009393c5a0) thrown at [src/hotspot/share/interpreter/linkResolver.cpp, line 773]
Event: 1830.837 Thread 0x00000260f8ac5000 Exception <a 'java/lang/NoSuchMethodError'{0x0000000093940710}: 'java.lang.Object java.lang.invoke.DelegatingMethodHandle$Holder.reinvoke_L(java.lang.Object, int, int, int, java.lang.Object, java.lang.Object, java.lang.Object, int)'> (0x0000000093940710) thrown at [src/hotspot/share/interpreter/linkResolver.cpp, line 773]
Event: 1830.840 Thread 0x00000260f8ac5000 Exception <a 'java/lang/NoSuchMethodError'{0x0000000093963690}: 'java.lang.Object java.lang.invoke.DirectMethodHandle$Holder.invokeStatic(java.lang.Object, java.lang.Object, java.lang.Object, java.lang.Object, java.lang.Object, java.lang.Object, java.lang.Object, int)'> (0x0000000093963690) thrown at [src/hotspot/share/interpreter/linkResolver.cpp, line 773]

Events (20 events):
Event: 1831.467 loading class com/android/resources/ScreenOrientation done
Event: 1831.467 loading class com/android/resources/UiMode
Event: 1831.467 loading class com/android/resources/UiMode done
Event: 1831.468 loading class com/android/resources/NightMode
Event: 1831.468 loading class com/android/resources/NightMode done
Event: 1831.468 loading class com/android/resources/TouchScreen
Event: 1831.468 loading class com/android/resources/TouchScreen done
Event: 1831.468 loading class com/android/resources/KeyboardState
Event: 1831.468 loading class com/android/resources/KeyboardState done
Event: 1831.469 loading class com/android/resources/Keyboard
Event: 1831.469 loading class com/android/resources/Keyboard done
Event: 1831.469 loading class com/android/resources/NavigationState
Event: 1831.469 loading class com/android/resources/NavigationState done
Event: 1831.469 loading class com/android/resources/Navigation
Event: 1831.469 loading class com/android/resources/Navigation done
Event: 1832.441 Executing VM operation: G1CollectForAllocation
Event: 1832.457 Executing VM operation: G1CollectForAllocation done
Event: 1832.967 Thread 0x00000260ea674000 Thread added: 0x00000260ea674000
Event: 1832.971 Executing VM operation: G1CollectForAllocation
Event: 1832.985 Executing VM operation: G1CollectForAllocation done


Dynamic libraries:
0x00007ff756e20000 - 0x00007ff756e2a000 	D:\Android Studio\jbr\bin\java.exe
0x00007ff808530000 - 0x00007ff808744000 	C:\WINDOWS\SYSTEM32\ntdll.dll
0x00007ff806a60000 - 0x00007ff806b23000 	C:\WINDOWS\System32\KERNEL32.DLL
0x00007ff805c20000 - 0x00007ff805fbc000 	C:\WINDOWS\System32\KERNELBASE.dll
0x00007ff805fc0000 - 0x00007ff8060d1000 	C:\WINDOWS\System32\ucrtbase.dll
0x00007ffffeea0000 - 0x00007ffffeeb7000 	D:\Android Studio\jbr\bin\jli.dll
0x00007ff806da0000 - 0x00007ff806f4d000 	C:\WINDOWS\System32\USER32.dll
0x00007ff806310000 - 0x00007ff806336000 	C:\WINDOWS\System32\win32u.dll
0x00007ff807d00000 - 0x00007ff807d29000 	C:\WINDOWS\System32\GDI32.dll
0x00007ff805a10000 - 0x00007ff805b23000 	C:\WINDOWS\System32\gdi32full.dll
0x00007ff805970000 - 0x00007ff805a0a000 	C:\WINDOWS\System32\msvcp_win.dll
0x00007ffff22f0000 - 0x00007ffff257e000 	C:\WINDOWS\WinSxS\amd64_microsoft.windows.common-controls_6595b64144ccf1df_6.0.22621.608_none_a9444ca7c10bb01d\COMCTL32.dll
0x00007ff807fa0000 - 0x00007ff808047000 	C:\WINDOWS\System32\msvcrt.dll
0x00007ffffee80000 - 0x00007ffffee9b000 	D:\Android Studio\jbr\bin\VCRUNTIME140.dll
0x00007ff807f00000 - 0x00007ff807f31000 	C:\WINDOWS\System32\IMM32.DLL
0x00007ffffedf0000 - 0x00007ffffee7d000 	D:\Android Studio\jbr\bin\msvcp140.dll
0x00007ffff76b0000 - 0x00007ffff76bc000 	C:\WINDOWS\SYSTEM32\VCRUNTIME140_1.dll
0x00007fffb0770000 - 0x00007fffb132c000 	D:\Android Studio\jbr\bin\server\jvm.dll
0x00007ff806f50000 - 0x00007ff806ffe000 	C:\WINDOWS\System32\ADVAPI32.dll
0x00007ff806cf0000 - 0x00007ff806d94000 	C:\WINDOWS\System32\sechost.dll
0x00007ff806480000 - 0x00007ff806595000 	C:\WINDOWS\System32\RPCRT4.dll
0x00007ff807000000 - 0x00007ff807008000 	C:\WINDOWS\System32\PSAPI.DLL
0x00007ff800a30000 - 0x00007ff800a39000 	C:\WINDOWS\SYSTEM32\WSOCK32.dll
0x00007ff807c80000 - 0x00007ff807cf1000 	C:\WINDOWS\System32\WS2_32.dll
0x00007ffffda50000 - 0x00007ffffda84000 	C:\WINDOWS\SYSTEM32\WINMM.dll
0x00007ffffd290000 - 0x00007ffffd29a000 	C:\WINDOWS\SYSTEM32\VERSION.dll
0x00007ff804ab0000 - 0x00007ff804ac8000 	C:\WINDOWS\SYSTEM32\kernel.appcore.dll
0x00007fffff4e0000 - 0x00007fffff4f0000 	D:\Android Studio\jbr\bin\verify.dll
0x00007ff803320000 - 0x00007ff80354e000 	C:\WINDOWS\SYSTEM32\DBGHELP.DLL
0x00007ff8080e0000 - 0x00007ff808469000 	C:\WINDOWS\System32\combase.dll
0x00007ff8079a0000 - 0x00007ff807a77000 	C:\WINDOWS\System32\OLEAUT32.dll
0x00007fffed750000 - 0x00007fffed782000 	C:\WINDOWS\SYSTEM32\dbgcore.DLL
0x00007ff805ba0000 - 0x00007ff805c1b000 	C:\WINDOWS\System32\bcryptPrimitives.dll
0x00007ffffef90000 - 0x00007ffffefb8000 	D:\Android Studio\jbr\bin\java.dll
0x00007ffffed70000 - 0x00007ffffed7a000 	D:\Android Studio\jbr\bin\jimage.dll
0x00007ffffdab0000 - 0x00007ffffdac8000 	D:\Android Studio\jbr\bin\zip.dll
0x00007ff807010000 - 0x00007ff807800000 	C:\WINDOWS\System32\SHELL32.dll
0x00007ff803990000 - 0x00007ff80425e000 	C:\WINDOWS\SYSTEM32\windows.storage.dll
0x00007ff803850000 - 0x00007ff80398e000 	C:\WINDOWS\SYSTEM32\wintypes.dll
0x00007ff807b80000 - 0x00007ff807c71000 	C:\WINDOWS\System32\SHCORE.dll
0x00007ff807ea0000 - 0x00007ff807efe000 	C:\WINDOWS\System32\shlwapi.dll
0x00007ff8058a0000 - 0x00007ff8058c1000 	C:\WINDOWS\SYSTEM32\profapi.dll
0x00007ffffda90000 - 0x00007ffffdaa9000 	D:\Android Studio\jbr\bin\net.dll
0x00007ffffd2c0000 - 0x00007ffffd3ef000 	C:\WINDOWS\SYSTEM32\WINHTTP.dll
0x00007ff804f20000 - 0x00007ff804f89000 	C:\WINDOWS\system32\mswsock.dll
0x00007ffff7690000 - 0x00007ffff76a3000 	D:\Android Studio\jbr\bin\nio.dll
0x00007ffffeec0000 - 0x00007ffffeee7000 	C:\Users\Acer\.gradle\native\e1d6ef7f7dcc3fd88c89a11ec53ec762bb8ba0a96d01ffa2cd45eb1d1d8dd5c5\windows-amd64\native-platform.dll
0x00007fffd3380000 - 0x00007fffd34c4000 	C:\Users\Acer\.gradle\native\0d407fdbe67a94daf76414ababcb853783967236a71b16ec16e742cd7a986fd3\windows-amd64\native-platform-file-events.dll
0x00007ffff7f60000 - 0x00007ffff7f6a000 	D:\Android Studio\jbr\bin\management.dll
0x00007ffff7680000 - 0x00007ffff768b000 	D:\Android Studio\jbr\bin\management_ext.dll
0x00007ff805180000 - 0x00007ff80519b000 	C:\WINDOWS\SYSTEM32\CRYPTSP.dll
0x00007ff804a20000 - 0x00007ff804a55000 	C:\WINDOWS\system32\rsaenh.dll
0x00007ff805020000 - 0x00007ff805048000 	C:\WINDOWS\SYSTEM32\USERENV.dll
0x00007ff805340000 - 0x00007ff805368000 	C:\WINDOWS\SYSTEM32\bcrypt.dll
0x00007ff8051a0000 - 0x00007ff8051ac000 	C:\WINDOWS\SYSTEM32\CRYPTBASE.dll
0x00007ff804520000 - 0x00007ff80454d000 	C:\WINDOWS\SYSTEM32\IPHLPAPI.DLL
0x00007ff8063c0000 - 0x00007ff8063c9000 	C:\WINDOWS\System32\NSI.dll
0x00007ffffd2a0000 - 0x00007ffffd2b9000 	C:\WINDOWS\SYSTEM32\dhcpcsvc6.DLL
0x00007ffffd160000 - 0x00007ffffd17f000 	C:\WINDOWS\SYSTEM32\dhcpcsvc.DLL
0x00007ff804550000 - 0x00007ff804643000 	C:\WINDOWS\SYSTEM32\DNSAPI.dll
0x00007fffe20e0000 - 0x00007fffe2107000 	D:\Android Studio\jbr\bin\sunec.dll
0x0000000058e60000 - 0x0000000058e86000 	C:\Program Files\Bonjour\mdnsNSP.dll
0x00007ffff7c40000 - 0x00007ffff7c4a000 	C:\Windows\System32\rasadhlp.dll
0x00007ffff82e0000 - 0x00007ffff8363000 	C:\WINDOWS\System32\fwpuclnt.dll

dbghelp: loaded successfully - version: 4.0.5 - missing functions: none
symbol engine: initialized successfully - sym options: 0x614 - pdb path: .;D:\Android Studio\jbr\bin;C:\WINDOWS\SYSTEM32;C:\WINDOWS\WinSxS\amd64_microsoft.windows.common-controls_6595b64144ccf1df_6.0.22621.608_none_a9444ca7c10bb01d;D:\Android Studio\jbr\bin\server;C:\Users\Acer\.gradle\native\e1d6ef7f7dcc3fd88c89a11ec53ec762bb8ba0a96d01ffa2cd45eb1d1d8dd5c5\windows-amd64;C:\Users\Acer\.gradle\native\0d407fdbe67a94daf76414ababcb853783967236a71b16ec16e742cd7a986fd3\windows-amd64;C:\Program Files\Bonjour

VM Arguments:
jvm_args: --add-opens=java.base/java.util=ALL-UNNAMED --add-opens=java.base/java.lang=ALL-UNNAMED --add-opens=java.base/java.lang.invoke=ALL-UNNAMED --add-opens=java.base/java.util=ALL-UNNAMED --add-opens=java.prefs/java.util.prefs=ALL-UNNAMED --add-opens=java.prefs/java.util.prefs=ALL-UNNAMED --add-opens=java.base/java.nio.charset=ALL-UNNAMED --add-opens=java.base/java.net=ALL-UNNAMED --add-opens=java.base/java.util.concurrent.atomic=ALL-UNNAMED -Xmx2048m -Dfile.encoding=UTF-8 -Duser.country=US -Duser.language=en -Duser.variant 
java_command: org.gradle.launcher.daemon.bootstrap.GradleDaemon 7.5
java_class_path (initial): C:\Users\Acer\.gradle\wrapper\dists\gradle-7.5-bin\f1w0cc9nuo0eivz97x2xlu9sv\gradle-7.5\lib\gradle-launcher-7.5.jar
Launcher Type: SUN_STANDARD

[Global flags]
     intx CICompilerCount                          = 3                                         {product} {ergonomic}
     uint ConcGCThreads                            = 1                                         {product} {ergonomic}
     uint G1ConcRefinementThreads                  = 4                                         {product} {ergonomic}
   size_t G1HeapRegionSize                         = 1048576                                   {product} {ergonomic}
    uintx GCDrainStackTargetSize                   = 64                                        {product} {ergonomic}
   size_t InitialHeapSize                          = 199229440                                 {product} {ergonomic}
   size_t MarkStackSize                            = 4194304                                   {product} {ergonomic}
   size_t MaxHeapSize                              = 2147483648                                {product} {command line}
   size_t MaxNewSize                               = 1287651328                                {product} {ergonomic}
   size_t MinHeapDeltaBytes                        = 1048576                                   {product} {ergonomic}
    uintx NonNMethodCodeHeapSize                   = 5830732                                {pd product} {ergonomic}
    uintx NonProfiledCodeHeapSize                  = 122913754                              {pd product} {ergonomic}
    uintx ProfiledCodeHeapSize                     = 122913754                              {pd product} {ergonomic}
    uintx ReservedCodeCacheSize                    = 251658240                              {pd product} {ergonomic}
     bool SegmentedCodeCache                       = true                                      {product} {ergonomic}
     bool UseCompressedClassPointers               = true                                 {lp64_product} {ergonomic}
     bool UseCompressedOops                        = true                                 {lp64_product} {ergonomic}
     bool UseG1GC                                  = true                                      {product} {ergonomic}
     bool UseLargePagesIndividualAllocation        = false                                  {pd product} {ergonomic}

Logging:
Log output configuration:
 #0: stdout all=warning uptime,level,tags
 #1: stderr all=off uptime,level,tags

Environment Variables:
PATH=C:\Program Files (x86)\Common Files\Oracle\Java\javapath;C:\WINDOWS\system32;C:\WINDOWS;C:\WINDOWS\System32\Wbem;C:\WINDOWS\System32\WindowsPowerShell\v1.0\;C:\WINDOWS\System32\OpenSSH\;C:\Users\Acer\AppData\Local\Microsoft\WindowsApps;;C:\Users\Acer\AppData\Local\Programs\Microsoft VS Code\bin
USERNAME=Acer
OS=Windows_NT
PROCESSOR_IDENTIFIER=Intel64 Family 6 Model 126 Stepping 5, GenuineIntel



---------------  S Y S T E M  ---------------

OS: Windows 11 , 64 bit Build 22621 (10.0.22621.1344)
OS uptime: 1 days 10:00 hours

CPU:total 4 (initial active 4) (2 cores per cpu, 2 threads per core) family 6 model 126 stepping 5 microcode 0x96, cmov, cx8, fxsr, mmx, sse, sse2, sse3, ssse3, sse4.1, sse4.2, popcnt, avx, avx2, aes, clmul, erms, 3dnowpref, lzcnt, ht, tsc, tscinvbit, bmi1, bmi2, adx, evex, sha, fma

Memory: 4k page, system-wide physical 12055M (2261M free)
TotalPageFile size 14103M (AvailPageFile size 5M)
current process WorkingSet (physical memory assigned to process): 694M, peak: 695M
current process commit charge ("private bytes"): 735M, peak: 737M

vm_info: OpenJDK 64-Bit Server VM (11.0.15+0-b2043.56-8887301) for windows-amd64 JRE (11.0.15+0-b2043.56-8887301), built on Jul 29 2022 23:19:47 by "builduser" with unknown MS VC++:1929

END.
