#
# There is insufficient memory for the Java Runtime Environment to continue.
# Native memory allocation (malloc) failed to allocate 1067456 bytes for Chunk::new
# Possible reasons:
#   The system is out of physical RAM or swap space
#   The process is running with CompressedOops enabled, and the Java Heap may be blocking the growth of the native heap
# Possible solutions:
#   Reduce memory load on the system
#   Increase physical memory or swap space
#   Check if swap backing store is full
#   Decrease Java heap size (-Xmx/-Xms)
#   Decrease number of Java threads
#   Decrease Java thread stack sizes (-Xss)
#   Set larger code cache with -XX:ReservedCodeCacheSize=
#   JVM is running with Unscaled Compressed Oops mode in which the Java heap is
#     placed in the first 4GB address space. The Java Heap base address is the
#     maximum limit for the native heap growth. Please use -XX:HeapBaseMinAddress
#     to set the Java Heap base and to place the Java Heap above 4GB virtual address.
# This output file may be truncated or incomplete.
#
#  Out of Memory Error (src/hotspot/share/memory/arena.cpp:197), pid=18396, tid=18784
#
# JRE version: OpenJDK Runtime Environment (11.0.15) (build 11.0.15+0-b2043.56-8887301)
# Java VM: OpenJDK 64-Bit Server VM (11.0.15+0-b2043.56-8887301, mixed mode, tiered, compressed oops, g1 gc, windows-amd64)
# No core dump will be written. Minidumps are not enabled by default on client versions of Windows
#

---------------  S U M M A R Y ------------

Command Line: --add-opens=java.base/java.util=ALL-UNNAMED --add-opens=java.base/java.lang=ALL-UNNAMED --add-opens=java.base/java.lang.invoke=ALL-UNNAMED --add-opens=java.base/java.util=ALL-UNNAMED --add-opens=java.prefs/java.util.prefs=ALL-UNNAMED --add-opens=java.prefs/java.util.prefs=ALL-UNNAMED --add-opens=java.base/java.nio.charset=ALL-UNNAMED --add-opens=java.base/java.net=ALL-UNNAMED --add-opens=java.base/java.util.concurrent.atomic=ALL-UNNAMED -Xmx2048m -Dfile.encoding=UTF-8 -Duser.country=US -Duser.language=en -Duser.variant org.gradle.launcher.daemon.bootstrap.GradleDaemon 7.5

Host: Intel(R) Core(TM) i3-1005G1 CPU @ 1.20GHz, 4 cores, 11G,  Windows 11 , 64 bit Build 22621 (10.0.22621.1344)
Time: Tue Apr 25 20:00:18 2023 Malay Peninsula Standard Time elapsed time: 817.840957 seconds (0d 0h 13m 37s)

---------------  T H R E A D  ---------------

Current thread (0x00000186e7eae000):  JavaThread "C2 CompilerThread0" daemon [_thread_in_native, id=18784, stack(0x0000003601300000,0x0000003601400000)]


Current CompileTask:
C2: 817841 16979       4       org.apache.xerces.impl.XMLNSDocumentScannerImpl::scanStartElement (873 bytes)

Stack: [0x0000003601300000,0x0000003601400000]
Native frames: (J=compiled Java code, j=interpreted, Vv=VM code, C=native code)
V  [jvm.dll+0x64135a]
V  [jvm.dll+0x7d39f9]
V  [jvm.dll+0x7d51b9]
V  [jvm.dll+0x7d58a3]
V  [jvm.dll+0x2691c5]
V  [jvm.dll+0xc1a5c]
V  [jvm.dll+0xc200c]
V  [jvm.dll+0x2da2c2]
V  [jvm.dll+0x54cad9]
V  [jvm.dll+0x22a011]
V  [jvm.dll+0x223809]
V  [jvm.dll+0x220384]
V  [jvm.dll+0x19e851]
V  [jvm.dll+0x230479]
V  [jvm.dll+0x22e5ef]
V  [jvm.dll+0x794de1]
V  [jvm.dll+0x78dc24]
V  [jvm.dll+0x6400f6]
C  [ucrtbase.dll+0x29363]
C  [KERNEL32.DLL+0x126bd]
C  [ntdll.dll+0x5a9f8]


---------------  P R O C E S S  ---------------

Threads class SMR info:
_java_thread_list=0x00000186e8fb3f30, length=86, elements={
0x00000186cd9fe000, 0x00000186e7646800, 0x00000186e7e50800, 0x00000186e764d800,
0x00000186e7eaa800, 0x00000186e7ead000, 0x00000186e7eae000, 0x00000186e7eb3000,
0x00000186e7f1c800, 0x00000186e800a000, 0x00000186e9f72000, 0x00000186ea422000,
0x00000186e964e000, 0x00000186e9e5a000, 0x00000186e9e5b000, 0x00000186e9e5c000,
0x00000186e9e5c800, 0x00000186ed69d000, 0x00000186ed6a2000, 0x00000186ed69c000,
0x00000186ed6a2800, 0x00000186ed6a3800, 0x00000186ed6a1000, 0x00000186ed6a5000,
0x00000186ed911800, 0x00000186e84d2800, 0x00000186e84d3000, 0x00000186e84cf000,
0x00000186e84d4000, 0x00000186e84d1800, 0x00000186e84d5800, 0x00000186e84d0000,
0x00000186e84d6800, 0x00000186e84d0800, 0x00000186e84dd000, 0x00000186e84dc000,
0x00000186e84da800, 0x00000186e84d9000, 0x00000186e84d9800, 0x00000186e84db000,
0x00000186e84d7000, 0x00000186e84dd800, 0x00000186e84d8000, 0x00000186ed90f000,
0x00000186ed90b800, 0x00000186ed90a000, 0x00000186ed90e000, 0x00000186ed909800,
0x00000186ed90c800, 0x00000186ed910000, 0x00000186ed90b000, 0x00000186ed912000,
0x00000186ed90d800, 0x00000186ed913000, 0x00000186ed916800, 0x00000186ed914800,
0x00000186ed915800, 0x00000186ed914000, 0x00000186ed918000, 0x00000186ed69d800,
0x00000186ed6a4800, 0x00000186ed69e800, 0x00000186ed69f800, 0x00000186ed6a9000,
0x00000186ed6a7800, 0x00000186ed6a8800, 0x00000186ed6aa000, 0x00000186ed6ab000,
0x00000186eb688000, 0x00000186eb687800, 0x00000186eb68d000, 0x00000186eb689000,
0x00000186eb68b800, 0x00000186eb68a000, 0x00000186eb68e800, 0x00000186eb68f800,
0x00000186eb690800, 0x00000186eb68e000, 0x00000186eb68a800, 0x00000186eb692000,
0x00000186eb68c800, 0x00000186eb693800, 0x00000186eb693000, 0x00000186eb694800,
0x00000186eb696000, 0x00000186f1870000
}

Java Threads: ( => current thread )
  0x00000186cd9fe000 JavaThread "main" [_thread_blocked, id=17584, stack(0x0000003600600000,0x0000003600700000)]
  0x00000186e7646800 JavaThread "Reference Handler" daemon [_thread_blocked, id=12180, stack(0x0000003600e00000,0x0000003600f00000)]
  0x00000186e7e50800 JavaThread "Finalizer" daemon [_thread_blocked, id=15180, stack(0x0000003600f00000,0x0000003601000000)]
  0x00000186e764d800 JavaThread "Signal Dispatcher" daemon [_thread_blocked, id=17400, stack(0x0000003601000000,0x0000003601100000)]
  0x00000186e7eaa800 JavaThread "Attach Listener" daemon [_thread_blocked, id=14644, stack(0x0000003601100000,0x0000003601200000)]
  0x00000186e7ead000 JavaThread "Service Thread" daemon [_thread_blocked, id=18368, stack(0x0000003601200000,0x0000003601300000)]
=>0x00000186e7eae000 JavaThread "C2 CompilerThread0" daemon [_thread_in_native, id=18784, stack(0x0000003601300000,0x0000003601400000)]
  0x00000186e7eb3000 JavaThread "C1 CompilerThread0" daemon [_thread_blocked, id=10204, stack(0x0000003601400000,0x0000003601500000)]
  0x00000186e7f1c800 JavaThread "Sweeper thread" daemon [_thread_blocked, id=628, stack(0x0000003601500000,0x0000003601600000)]
  0x00000186e800a000 JavaThread "Common-Cleaner" daemon [_thread_blocked, id=16712, stack(0x0000003601600000,0x0000003601700000)]
  0x00000186e9f72000 JavaThread "Daemon health stats" [_thread_blocked, id=17656, stack(0x0000003601d00000,0x0000003601e00000)]
  0x00000186ea422000 JavaThread "Incoming local TCP Connector on port 60108" [_thread_in_native, id=18724, stack(0x0000003601900000,0x0000003601a00000)]
  0x00000186e964e000 JavaThread "Daemon periodic checks" [_thread_blocked, id=11568, stack(0x0000003601e00000,0x0000003601f00000)]
  0x00000186e9e5a000 JavaThread "Cache worker for journal cache (C:\Users\Acer\.gradle\caches\journal-1)" [_thread_blocked, id=988, stack(0x0000003602600000,0x0000003602700000)]
  0x00000186e9e5b000 JavaThread "File lock request listener" [_thread_in_native, id=7104, stack(0x0000003602700000,0x0000003602800000)]
  0x00000186e9e5c000 JavaThread "Cache worker for file hash cache (C:\Users\Acer\.gradle\caches\7.5\fileHashes)" [_thread_blocked, id=8716, stack(0x0000003602800000,0x0000003602900000)]
  0x00000186e9e5c800 JavaThread "File watcher server" daemon [_thread_in_native, id=2848, stack(0x0000003602a00000,0x0000003602b00000)]
  0x00000186ed69d000 JavaThread "File watcher consumer" daemon [_thread_blocked, id=4920, stack(0x0000003602b00000,0x0000003602c00000)]
  0x00000186ed6a2000 JavaThread "jar transforms" [_thread_blocked, id=18576, stack(0x0000003602c00000,0x0000003602d00000)]
  0x00000186ed69c000 JavaThread "jar transforms Thread 2" [_thread_blocked, id=4740, stack(0x0000003602d00000,0x0000003602e00000)]
  0x00000186ed6a2800 JavaThread "jar transforms Thread 3" [_thread_blocked, id=6408, stack(0x0000003602e00000,0x0000003602f00000)]
  0x00000186ed6a3800 JavaThread "jar transforms Thread 4" [_thread_blocked, id=1676, stack(0x0000003602f00000,0x0000003603000000)]
  0x00000186ed6a1000 JavaThread "Cache worker for file content cache (C:\Users\Acer\.gradle\caches\7.5\fileContent)" [_thread_blocked, id=18764, stack(0x0000003603200000,0x0000003603300000)]
  0x00000186ed6a5000 JavaThread "Cache worker for execution history cache (C:\Users\Acer\.gradle\caches\7.5\executionHistory)" [_thread_blocked, id=14780, stack(0x0000003603400000,0x0000003603500000)]
  0x00000186ed911800 JavaThread "Memory manager" [_thread_blocked, id=16644, stack(0x0000003606000000,0x0000003606100000)]
  0x00000186e84d2800 JavaThread "Daemon Thread 3" [_thread_blocked, id=17392, stack(0x0000003600500000,0x0000003600600000)]
  0x00000186e84d3000 JavaThread "Handler for socket connection from /127.0.0.1:60108 to /127.0.0.1:60854" [_thread_in_native, id=2220, stack(0x0000003600700000,0x0000003600800000)]
  0x00000186e84cf000 JavaThread "Cancel handler" [_thread_blocked, id=6188, stack(0x0000003601800000,0x0000003601900000)]
  0x00000186e84d4000 JavaThread "Daemon worker Thread 3" [_thread_blocked, id=18564, stack(0x0000003601f00000,0x0000003602000000)]
  0x00000186e84d1800 JavaThread "Asynchronous log dispatcher for DefaultDaemonConnection: socket connection from /127.0.0.1:60108 to /127.0.0.1:60854" [_thread_blocked, id=1488, stack(0x0000003602000000,0x0000003602100000)]
  0x00000186e84d5800 JavaThread "Stdin handler" [_thread_blocked, id=13004, stack(0x0000003602100000,0x0000003602200000)]
  0x00000186e84d0000 JavaThread "Daemon client event forwarder" [_thread_blocked, id=6472, stack(0x0000003602200000,0x0000003602300000)]
  0x00000186e84d6800 JavaThread "Cache worker for checksums cache (D:\Icare_Folder\iCare2\.gradle\7.5\checksums)" [_thread_blocked, id=10268, stack(0x0000003602400000,0x0000003602500000)]
  0x00000186e84d0800 JavaThread "Cache worker for cache directory md-rule (C:\Users\Acer\.gradle\caches\7.5\md-rule)" [_thread_blocked, id=14116, stack(0x0000003602500000,0x0000003602600000)]
  0x00000186e84dd000 JavaThread "Cache worker for file hash cache (D:\Icare_Folder\iCare2\.gradle\7.5\fileHashes)" [_thread_blocked, id=11860, stack(0x0000003602900000,0x0000003602a00000)]
  0x00000186e84dc000 JavaThread "Cache worker for cache directory md-supplier (C:\Users\Acer\.gradle\caches\7.5\md-supplier)" [_thread_blocked, id=17608, stack(0x0000003603000000,0x0000003603100000)]
  0x00000186e84da800 JavaThread "Cache worker for dependencies-accessors (D:\Icare_Folder\iCare2\.gradle\7.5\dependencies-accessors)" [_thread_blocked, id=13956, stack(0x0000003603100000,0x0000003603200000)]
  0x00000186e84d9000 JavaThread "Cache worker for Build Output Cleanup Cache (D:\Icare_Folder\iCare2\.gradle\buildOutputCleanup)" [_thread_blocked, id=4828, stack(0x0000003602300000,0x0000003602400000)]
  0x00000186e84d9800 JavaThread "Unconstrained build operations" [_thread_blocked, id=3872, stack(0x0000003603300000,0x0000003603400000)]
  0x00000186e84db000 JavaThread "Unconstrained build operations Thread 2" [_thread_blocked, id=15212, stack(0x0000003603500000,0x0000003603600000)]
  0x00000186e84d7000 JavaThread "Unconstrained build operations Thread 3" [_thread_blocked, id=1556, stack(0x0000003603600000,0x0000003603700000)]
  0x00000186e84dd800 JavaThread "Unconstrained build operations Thread 4" [_thread_blocked, id=18320, stack(0x0000003603700000,0x0000003603800000)]
  0x00000186e84d8000 JavaThread "Unconstrained build operations Thread 5" [_thread_blocked, id=11252, stack(0x0000003603800000,0x0000003603900000)]
  0x00000186ed90f000 JavaThread "Unconstrained build operations Thread 6" [_thread_blocked, id=4212, stack(0x0000003603900000,0x0000003603a00000)]
  0x00000186ed90b800 JavaThread "Unconstrained build operations Thread 7" [_thread_blocked, id=4840, stack(0x0000003603a00000,0x0000003603b00000)]
  0x00000186ed90a000 JavaThread "Unconstrained build operations Thread 8" [_thread_blocked, id=7396, stack(0x0000003603b00000,0x0000003603c00000)]
  0x00000186ed90e000 JavaThread "Unconstrained build operations Thread 9" [_thread_blocked, id=18508, stack(0x0000003603c00000,0x0000003603d00000)]
  0x00000186ed909800 JavaThread "Unconstrained build operations Thread 10" [_thread_blocked, id=17472, stack(0x0000003603d00000,0x0000003603e00000)]
  0x00000186ed90c800 JavaThread "Unconstrained build operations Thread 11" [_thread_blocked, id=376, stack(0x0000003603e00000,0x0000003603f00000)]
  0x00000186ed910000 JavaThread "Unconstrained build operations Thread 12" [_thread_blocked, id=1324, stack(0x0000003603f00000,0x0000003604000000)]
  0x00000186ed90b000 JavaThread "Unconstrained build operations Thread 13" [_thread_blocked, id=8720, stack(0x0000003604000000,0x0000003604100000)]
  0x00000186ed912000 JavaThread "Unconstrained build operations Thread 14" [_thread_blocked, id=2300, stack(0x0000003604100000,0x0000003604200000)]
  0x00000186ed90d800 JavaThread "Unconstrained build operations Thread 15" [_thread_blocked, id=14360, stack(0x0000003604200000,0x0000003604300000)]
  0x00000186ed913000 JavaThread "Unconstrained build operations Thread 16" [_thread_blocked, id=18788, stack(0x0000003604300000,0x0000003604400000)]
  0x00000186ed916800 JavaThread "Unconstrained build operations Thread 17" [_thread_blocked, id=18008, stack(0x0000003604400000,0x0000003604500000)]
  0x00000186ed914800 JavaThread "Unconstrained build operations Thread 18" [_thread_blocked, id=4364, stack(0x0000003604500000,0x0000003604600000)]
  0x00000186ed915800 JavaThread "Unconstrained build operations Thread 19" [_thread_blocked, id=14724, stack(0x0000003604600000,0x0000003604700000)]
  0x00000186ed914000 JavaThread "Unconstrained build operations Thread 20" [_thread_blocked, id=16256, stack(0x0000003604700000,0x0000003604800000)]
  0x00000186ed918000 JavaThread "Unconstrained build operations Thread 21" [_thread_blocked, id=12612, stack(0x0000003604800000,0x0000003604900000)]
  0x00000186ed69d800 JavaThread "Unconstrained build operations Thread 22" [_thread_blocked, id=15892, stack(0x0000003604900000,0x0000003604a00000)]
  0x00000186ed6a4800 JavaThread "Unconstrained build operations Thread 23" [_thread_blocked, id=128, stack(0x0000003604a00000,0x0000003604b00000)]
  0x00000186ed69e800 JavaThread "Unconstrained build operations Thread 24" [_thread_blocked, id=3664, stack(0x0000003604b00000,0x0000003604c00000)]
  0x00000186ed69f800 JavaThread "Unconstrained build operations Thread 25" [_thread_blocked, id=18632, stack(0x0000003604c00000,0x0000003604d00000)]
  0x00000186ed6a9000 JavaThread "Unconstrained build operations Thread 26" [_thread_blocked, id=5880, stack(0x0000003604d00000,0x0000003604e00000)]
  0x00000186ed6a7800 JavaThread "Unconstrained build operations Thread 27" [_thread_blocked, id=19284, stack(0x0000003604e00000,0x0000003604f00000)]
  0x00000186ed6a8800 JavaThread "Unconstrained build operations Thread 28" [_thread_blocked, id=720, stack(0x0000003604f00000,0x0000003605000000)]
  0x00000186ed6aa000 JavaThread "Unconstrained build operations Thread 29" [_thread_blocked, id=19004, stack(0x0000003605000000,0x0000003605100000)]
  0x00000186ed6ab000 JavaThread "Unconstrained build operations Thread 30" [_thread_blocked, id=13144, stack(0x0000003605100000,0x0000003605200000)]
  0x00000186eb688000 JavaThread "Unconstrained build operations Thread 31" [_thread_blocked, id=16640, stack(0x0000003605200000,0x0000003605300000)]
  0x00000186eb687800 JavaThread "Unconstrained build operations Thread 32" [_thread_blocked, id=11148, stack(0x0000003605300000,0x0000003605400000)]
  0x00000186eb68d000 JavaThread "Unconstrained build operations Thread 33" [_thread_blocked, id=15864, stack(0x0000003605400000,0x0000003605500000)]
  0x00000186eb689000 JavaThread "Unconstrained build operations Thread 34" [_thread_blocked, id=12044, stack(0x0000003605500000,0x0000003605600000)]
  0x00000186eb68b800 JavaThread "Unconstrained build operations Thread 35" [_thread_blocked, id=19256, stack(0x0000003605600000,0x0000003605700000)]
  0x00000186eb68a000 JavaThread "Unconstrained build operations Thread 36" [_thread_blocked, id=9312, stack(0x0000003605700000,0x0000003605800000)]
  0x00000186eb68e800 JavaThread "Unconstrained build operations Thread 37" [_thread_blocked, id=16592, stack(0x0000003605800000,0x0000003605900000)]
  0x00000186eb68f800 JavaThread "Unconstrained build operations Thread 38" [_thread_blocked, id=7856, stack(0x0000003605900000,0x0000003605a00000)]
  0x00000186eb690800 JavaThread "Unconstrained build operations Thread 39" [_thread_blocked, id=17380, stack(0x0000003605a00000,0x0000003605b00000)]
  0x00000186eb68e000 JavaThread "Unconstrained build operations Thread 40" [_thread_blocked, id=14352, stack(0x0000003605b00000,0x0000003605c00000)]
  0x00000186eb68a800 JavaThread "build event listener" [_thread_blocked, id=2948, stack(0x0000003605c00000,0x0000003605d00000)]
  0x00000186eb692000 JavaThread "included builds" [_thread_blocked, id=3260, stack(0x0000003605e00000,0x0000003605f00000)]
  0x00000186eb68c800 JavaThread "Execution worker" [_thread_blocked, id=11316, stack(0x0000003605f00000,0x0000003606000000)]
  0x00000186eb693800 JavaThread "Execution worker Thread 2" [_thread_in_native, id=6452, stack(0x0000003606100000,0x0000003606200000)]
  0x00000186eb693000 JavaThread "Execution worker Thread 3" [_thread_blocked, id=10836, stack(0x0000003606200000,0x0000003606300000)]
  0x00000186eb694800 JavaThread "Cache worker for execution history cache (D:\Icare_Folder\iCare2\.gradle\7.5\executionHistory)" [_thread_blocked, id=16380, stack(0x0000003606300000,0x0000003606400000)]
  0x00000186eb696000 JavaThread "WorkerExecutor Queue" [_thread_blocked, id=4448, stack(0x0000003606400000,0x0000003606500000)]
  0x00000186f1870000 JavaThread "WorkerExecutor Queue Thread 2" [_thread_blocked, id=10252, stack(0x0000003606500000,0x0000003606600000)]

Other Threads:
  0x00000186e7643800 VMThread "VM Thread" [stack: 0x0000003600d00000,0x0000003600e00000] [id=7892]
  0x00000186e802d000 WatcherThread [stack: 0x0000003601700000,0x0000003601800000] [id=18000]
  0x00000186cda16800 GCTaskThread "GC Thread#0" [stack: 0x0000003600800000,0x0000003600900000] [id=11464]
  0x00000186e8360800 GCTaskThread "GC Thread#1" [stack: 0x0000003601a00000,0x0000003601b00000] [id=18116]
  0x00000186e8678000 GCTaskThread "GC Thread#2" [stack: 0x0000003601b00000,0x0000003601c00000] [id=16612]
  0x00000186e8248800 GCTaskThread "GC Thread#3" [stack: 0x0000003601c00000,0x0000003601d00000] [id=10248]
  0x00000186cda47800 ConcurrentGCThread "G1 Main Marker" [stack: 0x0000003600900000,0x0000003600a00000] [id=14452]
  0x00000186cda49000 ConcurrentGCThread "G1 Conc#0" [stack: 0x0000003600a00000,0x0000003600b00000] [id=5304]
  0x00000186cdacd800 ConcurrentGCThread "G1 Refine#0" [stack: 0x0000003600b00000,0x0000003600c00000] [id=1380]
  0x00000186e7493800 ConcurrentGCThread "G1 Young RemSet Sampling" [stack: 0x0000003600c00000,0x0000003600d00000] [id=13924]

Threads with active compile tasks:
C2 CompilerThread0   817937 16979       4       org.apache.xerces.impl.XMLNSDocumentScannerImpl::scanStartElement (873 bytes)

VM state:not at safepoint (normal execution)

VM Mutex/Monitor currently owned by a thread: None

Heap address: 0x0000000080000000, size: 2048 MB, Compressed Oops mode: 32-bit
Narrow klass base: 0x0000000000000000, Narrow klass shift: 3
Compressed class space size: 1073741824 Address: 0x0000000100000000

Heap:
 garbage-first heap   total 290816K, used 252461K [0x0000000080000000, 0x0000000100000000)
  region size 1024K, 11 young (11264K), 3 survivors (3072K)
 Metaspace       used 147652K, capacity 151770K, committed 152016K, reserved 1181696K
  class space    used 19201K, capacity 20665K, committed 20768K, reserved 1048576K
Heap Regions: E=young(eden), S=young(survivor), O=old, HS=humongous(starts), HC=humongous(continues), CS=collection set, F=free, A=archive, TAMS=top-at-mark-start (previous, next)
|   0|0x0000000080000000, 0x0000000080100000, 0x0000000080100000|100%|HS|  |TAMS 0x0000000080100000, 0x0000000080000000| Complete 
|   1|0x0000000080100000, 0x0000000080200000, 0x0000000080200000|100%|HC|  |TAMS 0x0000000080200000, 0x0000000080100000| Complete 
|   2|0x0000000080200000, 0x0000000080300000, 0x0000000080300000|100%|HC|  |TAMS 0x0000000080300000, 0x0000000080200000| Complete 
|   3|0x0000000080300000, 0x0000000080400000, 0x0000000080400000|100%| O|  |TAMS 0x0000000080400000, 0x0000000080300000| Untracked 
|   4|0x0000000080400000, 0x0000000080500000, 0x0000000080500000|100%| O|  |TAMS 0x0000000080500000, 0x0000000080400000| Untracked 
|   5|0x0000000080500000, 0x0000000080600000, 0x0000000080600000|100%| O|  |TAMS 0x0000000080600000, 0x0000000080500000| Untracked 
|   6|0x0000000080600000, 0x0000000080700000, 0x0000000080700000|100%| O|  |TAMS 0x0000000080700000, 0x0000000080600000| Untracked 
|   7|0x0000000080700000, 0x0000000080800000, 0x0000000080800000|100%| O|  |TAMS 0x0000000080800000, 0x0000000080700000| Untracked 
|   8|0x0000000080800000, 0x0000000080900000, 0x0000000080900000|100%| O|  |TAMS 0x0000000080900000, 0x0000000080800000| Untracked 
|   9|0x0000000080900000, 0x0000000080a00000, 0x0000000080a00000|100%| O|  |TAMS 0x0000000080a00000, 0x0000000080900000| Untracked 
|  10|0x0000000080a00000, 0x0000000080b00000, 0x0000000080b00000|100%| O|  |TAMS 0x0000000080b00000, 0x0000000080a00000| Untracked 
|  11|0x0000000080b00000, 0x0000000080c00000, 0x0000000080c00000|100%| O|  |TAMS 0x0000000080c00000, 0x0000000080b00000| Untracked 
|  12|0x0000000080c00000, 0x0000000080d00000, 0x0000000080d00000|100%| O|  |TAMS 0x0000000080d00000, 0x0000000080c00000| Untracked 
|  13|0x0000000080d00000, 0x0000000080e00000, 0x0000000080e00000|100%| O|  |TAMS 0x0000000080e00000, 0x0000000080d00000| Untracked 
|  14|0x0000000080e00000, 0x0000000080f00000, 0x0000000080f00000|100%| O|  |TAMS 0x0000000080f00000, 0x0000000080e00000| Untracked 
|  15|0x0000000080f00000, 0x0000000081000000, 0x0000000081000000|100%| O|  |TAMS 0x0000000081000000, 0x0000000080f00000| Untracked 
|  16|0x0000000081000000, 0x0000000081100000, 0x0000000081100000|100%| O|  |TAMS 0x0000000081100000, 0x0000000081000000| Untracked 
|  17|0x0000000081100000, 0x0000000081200000, 0x0000000081200000|100%|HS|  |TAMS 0x0000000081200000, 0x0000000081100000| Complete 
|  18|0x0000000081200000, 0x0000000081300000, 0x0000000081300000|100%|HC|  |TAMS 0x0000000081300000, 0x0000000081200000| Complete 
|  19|0x0000000081300000, 0x0000000081400000, 0x0000000081400000|100%|HS|  |TAMS 0x0000000081400000, 0x0000000081300000| Complete 
|  20|0x0000000081400000, 0x0000000081500000, 0x0000000081500000|100%|HC|  |TAMS 0x0000000081500000, 0x0000000081400000| Complete 
|  21|0x0000000081500000, 0x0000000081600000, 0x0000000081600000|100%|HC|  |TAMS 0x0000000081600000, 0x0000000081500000| Complete 
|  22|0x0000000081600000, 0x0000000081700000, 0x0000000081700000|100%|HS|  |TAMS 0x0000000081700000, 0x0000000081600000| Complete 
|  23|0x0000000081700000, 0x0000000081800000, 0x0000000081800000|100%|HC|  |TAMS 0x0000000081800000, 0x0000000081700000| Complete 
|  24|0x0000000081800000, 0x0000000081900000, 0x0000000081900000|100%|HC|  |TAMS 0x0000000081900000, 0x0000000081800000| Complete 
|  25|0x0000000081900000, 0x0000000081a00000, 0x0000000081a00000|100%|HS|  |TAMS 0x0000000081a00000, 0x0000000081900000| Complete 
|  26|0x0000000081a00000, 0x0000000081b00000, 0x0000000081b00000|100%|HC|  |TAMS 0x0000000081b00000, 0x0000000081a00000| Complete 
|  27|0x0000000081b00000, 0x0000000081c00000, 0x0000000081c00000|100%|HS|  |TAMS 0x0000000081c00000, 0x0000000081b00000| Complete 
|  28|0x0000000081c00000, 0x0000000081d00000, 0x0000000081d00000|100%|HC|  |TAMS 0x0000000081d00000, 0x0000000081c00000| Complete 
|  29|0x0000000081d00000, 0x0000000081e00000, 0x0000000081e00000|100%|HC|  |TAMS 0x0000000081e00000, 0x0000000081d00000| Complete 
|  30|0x0000000081e00000, 0x0000000081f00000, 0x0000000081f00000|100%|HC|  |TAMS 0x0000000081f00000, 0x0000000081e00000| Complete 
|  31|0x0000000081f00000, 0x0000000082000000, 0x0000000082000000|100%|HC|  |TAMS 0x0000000082000000, 0x0000000081f00000| Complete 
|  32|0x0000000082000000, 0x0000000082100000, 0x0000000082100000|100%|HS|  |TAMS 0x0000000082100000, 0x0000000082000000| Complete 
|  33|0x0000000082100000, 0x0000000082200000, 0x0000000082200000|100%|HC|  |TAMS 0x0000000082200000, 0x0000000082100000| Complete 
|  34|0x0000000082200000, 0x0000000082300000, 0x0000000082300000|100%|HC|  |TAMS 0x0000000082300000, 0x0000000082200000| Complete 
|  35|0x0000000082300000, 0x0000000082400000, 0x0000000082400000|100%|HC|  |TAMS 0x0000000082400000, 0x0000000082300000| Complete 
|  36|0x0000000082400000, 0x0000000082500000, 0x0000000082500000|100%|HC|  |TAMS 0x0000000082500000, 0x0000000082400000| Complete 
|  37|0x0000000082500000, 0x0000000082600000, 0x0000000082600000|100%|HC|  |TAMS 0x0000000082600000, 0x0000000082500000| Complete 
|  38|0x0000000082600000, 0x0000000082700000, 0x0000000082700000|100%|HC|  |TAMS 0x0000000082700000, 0x0000000082600000| Complete 
|  39|0x0000000082700000, 0x0000000082800000, 0x0000000082800000|100%|HC|  |TAMS 0x0000000082800000, 0x0000000082700000| Complete 
|  40|0x0000000082800000, 0x0000000082900000, 0x0000000082900000|100%|HC|  |TAMS 0x0000000082900000, 0x0000000082800000| Complete 
|  41|0x0000000082900000, 0x0000000082a00000, 0x0000000082a00000|100%|HC|  |TAMS 0x0000000082a00000, 0x0000000082900000| Complete 
|  42|0x0000000082a00000, 0x0000000082b00000, 0x0000000082b00000|100%|HS|  |TAMS 0x0000000082b00000, 0x0000000082a00000| Complete 
|  43|0x0000000082b00000, 0x0000000082c00000, 0x0000000082c00000|100%|HC|  |TAMS 0x0000000082c00000, 0x0000000082b00000| Complete 
|  44|0x0000000082c00000, 0x0000000082d00000, 0x0000000082d00000|100%|HS|  |TAMS 0x0000000082d00000, 0x0000000082c00000| Complete 
|  45|0x0000000082d00000, 0x0000000082e00000, 0x0000000082e00000|100%|HC|  |TAMS 0x0000000082e00000, 0x0000000082d00000| Complete 
|  46|0x0000000082e00000, 0x0000000082f00000, 0x0000000082f00000|100%|HC|  |TAMS 0x0000000082f00000, 0x0000000082e00000| Complete 
|  47|0x0000000082f00000, 0x0000000083000000, 0x0000000083000000|100%| O|  |TAMS 0x0000000083000000, 0x0000000082f00000| Untracked 
|  48|0x0000000083000000, 0x0000000083100000, 0x0000000083100000|100%| O|  |TAMS 0x0000000083100000, 0x0000000083000000| Untracked 
|  49|0x0000000083100000, 0x0000000083200000, 0x0000000083200000|100%| O|  |TAMS 0x0000000083200000, 0x0000000083100000| Untracked 
|  50|0x0000000083200000, 0x0000000083300000, 0x0000000083300000|100%| O|  |TAMS 0x0000000083300000, 0x0000000083200000| Untracked 
|  51|0x0000000083300000, 0x0000000083400000, 0x0000000083400000|100%| O|  |TAMS 0x0000000083400000, 0x0000000083300000| Untracked 
|  52|0x0000000083400000, 0x0000000083500000, 0x0000000083500000|100%| O|  |TAMS 0x0000000083500000, 0x0000000083400000| Untracked 
|  53|0x0000000083500000, 0x0000000083600000, 0x0000000083600000|100%| O|  |TAMS 0x0000000083600000, 0x0000000083500000| Untracked 
|  54|0x0000000083600000, 0x0000000083700000, 0x0000000083700000|100%| O|  |TAMS 0x0000000083700000, 0x0000000083600000| Untracked 
|  55|0x0000000083700000, 0x0000000083800000, 0x0000000083800000|100%| O|  |TAMS 0x0000000083800000, 0x0000000083700000| Untracked 
|  56|0x0000000083800000, 0x0000000083900000, 0x0000000083900000|100%|HS|  |TAMS 0x0000000083900000, 0x0000000083800000| Complete 
|  57|0x0000000083900000, 0x0000000083a00000, 0x0000000083a00000|100%|HC|  |TAMS 0x0000000083a00000, 0x0000000083900000| Complete 
|  58|0x0000000083a00000, 0x0000000083b00000, 0x0000000083b00000|100%|HS|  |TAMS 0x0000000083b00000, 0x0000000083a00000| Complete 
|  59|0x0000000083b00000, 0x0000000083c00000, 0x0000000083c00000|100%|HC|  |TAMS 0x0000000083c00000, 0x0000000083b00000| Complete 
|  60|0x0000000083c00000, 0x0000000083d00000, 0x0000000083d00000|100%|HC|  |TAMS 0x0000000083d00000, 0x0000000083c00000| Complete 
|  61|0x0000000083d00000, 0x0000000083e00000, 0x0000000083e00000|100%|HC|  |TAMS 0x0000000083e00000, 0x0000000083d00000| Complete 
|  62|0x0000000083e00000, 0x0000000083f00000, 0x0000000083f00000|100%|HC|  |TAMS 0x0000000083f00000, 0x0000000083e00000| Complete 
|  63|0x0000000083f00000, 0x0000000084000000, 0x0000000084000000|100%|HC|  |TAMS 0x0000000084000000, 0x0000000083f00000| Complete 
|  64|0x0000000084000000, 0x0000000084100000, 0x0000000084100000|100%|HC|  |TAMS 0x0000000084100000, 0x0000000084000000| Complete 
|  65|0x0000000084100000, 0x0000000084200000, 0x0000000084200000|100%|HC|  |TAMS 0x0000000084200000, 0x0000000084100000| Complete 
|  66|0x0000000084200000, 0x0000000084300000, 0x0000000084300000|100%|HC|  |TAMS 0x0000000084300000, 0x0000000084200000| Complete 
|  67|0x0000000084300000, 0x0000000084400000, 0x0000000084400000|100%|HC|  |TAMS 0x0000000084400000, 0x0000000084300000| Complete 
|  68|0x0000000084400000, 0x0000000084500000, 0x0000000084500000|100%|HS|  |TAMS 0x0000000084500000, 0x0000000084400000| Complete 
|  69|0x0000000084500000, 0x0000000084600000, 0x0000000084600000|100%|HC|  |TAMS 0x0000000084600000, 0x0000000084500000| Complete 
|  70|0x0000000084600000, 0x0000000084700000, 0x0000000084700000|100%|HS|  |TAMS 0x0000000084700000, 0x0000000084600000| Complete 
|  71|0x0000000084700000, 0x0000000084800000, 0x0000000084800000|100%|HC|  |TAMS 0x0000000084800000, 0x0000000084700000| Complete 
|  72|0x0000000084800000, 0x0000000084900000, 0x0000000084900000|100%|HC|  |TAMS 0x0000000084900000, 0x0000000084800000| Complete 
|  73|0x0000000084900000, 0x0000000084a00000, 0x0000000084a00000|100%| O|  |TAMS 0x0000000084a00000, 0x0000000084900000| Untracked 
|  74|0x0000000084a00000, 0x0000000084b00000, 0x0000000084b00000|100%|HS|  |TAMS 0x0000000084b00000, 0x0000000084a00000| Complete 
|  75|0x0000000084b00000, 0x0000000084c00000, 0x0000000084c00000|100%|HC|  |TAMS 0x0000000084c00000, 0x0000000084b00000| Complete 
|  76|0x0000000084c00000, 0x0000000084d00000, 0x0000000084d00000|100%|HC|  |TAMS 0x0000000084d00000, 0x0000000084c00000| Complete 
|  77|0x0000000084d00000, 0x0000000084e00000, 0x0000000084e00000|100%|HC|  |TAMS 0x0000000084e00000, 0x0000000084d00000| Complete 
|  78|0x0000000084e00000, 0x0000000084f00000, 0x0000000084f00000|100%|HC|  |TAMS 0x0000000084f00000, 0x0000000084e00000| Complete 
|  79|0x0000000084f00000, 0x0000000085000000, 0x0000000085000000|100%| O|  |TAMS 0x0000000085000000, 0x0000000084f00000| Untracked 
|  80|0x0000000085000000, 0x0000000085100000, 0x0000000085100000|100%| O|  |TAMS 0x0000000085100000, 0x0000000085000000| Untracked 
|  81|0x0000000085100000, 0x0000000085200000, 0x0000000085200000|100%| O|  |TAMS 0x0000000085200000, 0x0000000085100000| Untracked 
|  82|0x0000000085200000, 0x0000000085300000, 0x0000000085300000|100%| O|  |TAMS 0x0000000085300000, 0x0000000085200000| Untracked 
|  83|0x0000000085300000, 0x0000000085400000, 0x0000000085400000|100%| O|  |TAMS 0x0000000085400000, 0x0000000085300000| Untracked 
|  84|0x0000000085400000, 0x0000000085500000, 0x0000000085500000|100%| O|  |TAMS 0x0000000085500000, 0x0000000085400000| Untracked 
|  85|0x0000000085500000, 0x0000000085600000, 0x0000000085600000|100%| O|  |TAMS 0x0000000085600000, 0x0000000085500000| Untracked 
|  86|0x0000000085600000, 0x0000000085700000, 0x0000000085700000|100%| O|  |TAMS 0x0000000085700000, 0x0000000085600000| Untracked 
|  87|0x0000000085700000, 0x0000000085800000, 0x0000000085800000|100%| O|  |TAMS 0x0000000085800000, 0x0000000085700000| Untracked 
|  88|0x0000000085800000, 0x0000000085900000, 0x0000000085900000|100%| O|  |TAMS 0x0000000085900000, 0x0000000085800000| Untracked 
|  89|0x0000000085900000, 0x0000000085a00000, 0x0000000085a00000|100%| O|  |TAMS 0x0000000085a00000, 0x0000000085900000| Untracked 
|  90|0x0000000085a00000, 0x0000000085b00000, 0x0000000085b00000|100%| O|  |TAMS 0x0000000085b00000, 0x0000000085a00000| Untracked 
|  91|0x0000000085b00000, 0x0000000085c00000, 0x0000000085c00000|100%| O|  |TAMS 0x0000000085c00000, 0x0000000085b00000| Untracked 
|  92|0x0000000085c00000, 0x0000000085d00000, 0x0000000085d00000|100%| O|  |TAMS 0x0000000085d00000, 0x0000000085c00000| Untracked 
|  93|0x0000000085d00000, 0x0000000085e00000, 0x0000000085e00000|100%|HS|  |TAMS 0x0000000085e00000, 0x0000000085d00000| Complete 
|  94|0x0000000085e00000, 0x0000000085f00000, 0x0000000085f00000|100%|HS|  |TAMS 0x0000000085f00000, 0x0000000085e00000| Complete 
|  95|0x0000000085f00000, 0x0000000086000000, 0x0000000086000000|100%| O|  |TAMS 0x0000000086000000, 0x0000000085f00000| Untracked 
|  96|0x0000000086000000, 0x0000000086100000, 0x0000000086100000|100%| O|  |TAMS 0x0000000086100000, 0x0000000086000000| Untracked 
|  97|0x0000000086100000, 0x0000000086200000, 0x0000000086200000|100%| O|  |TAMS 0x0000000086200000, 0x0000000086100000| Untracked 
|  98|0x0000000086200000, 0x0000000086300000, 0x0000000086300000|100%| O|  |TAMS 0x0000000086300000, 0x0000000086200000| Untracked 
|  99|0x0000000086300000, 0x0000000086400000, 0x0000000086400000|100%| O|  |TAMS 0x0000000086400000, 0x0000000086300000| Untracked 
| 100|0x0000000086400000, 0x0000000086500000, 0x0000000086500000|100%| O|  |TAMS 0x0000000086500000, 0x0000000086400000| Untracked 
| 101|0x0000000086500000, 0x0000000086600000, 0x0000000086600000|100%| O|  |TAMS 0x0000000086600000, 0x0000000086500000| Untracked 
| 102|0x0000000086600000, 0x0000000086700000, 0x0000000086700000|100%| O|  |TAMS 0x0000000086700000, 0x0000000086600000| Untracked 
| 103|0x0000000086700000, 0x0000000086800000, 0x0000000086800000|100%| O|  |TAMS 0x0000000086800000, 0x0000000086700000| Untracked 
| 104|0x0000000086800000, 0x0000000086900000, 0x0000000086900000|100%| O|  |TAMS 0x0000000086900000, 0x0000000086800000| Untracked 
| 105|0x0000000086900000, 0x0000000086a00000, 0x0000000086a00000|100%| O|  |TAMS 0x0000000086a00000, 0x0000000086900000| Untracked 
| 106|0x0000000086a00000, 0x0000000086b00000, 0x0000000086b00000|100%| O|  |TAMS 0x0000000086b00000, 0x0000000086a00000| Untracked 
| 107|0x0000000086b00000, 0x0000000086c00000, 0x0000000086c00000|100%| O|  |TAMS 0x0000000086c00000, 0x0000000086b00000| Untracked 
| 108|0x0000000086c00000, 0x0000000086d00000, 0x0000000086d00000|100%| O|  |TAMS 0x0000000086d00000, 0x0000000086c00000| Untracked 
| 109|0x0000000086d00000, 0x0000000086e00000, 0x0000000086e00000|100%| O|  |TAMS 0x0000000086e00000, 0x0000000086d00000| Untracked 
| 110|0x0000000086e00000, 0x0000000086f00000, 0x0000000086f00000|100%| O|  |TAMS 0x0000000086f00000, 0x0000000086e00000| Untracked 
| 111|0x0000000086f00000, 0x0000000087000000, 0x0000000087000000|100%| O|  |TAMS 0x0000000087000000, 0x0000000086f00000| Untracked 
| 112|0x0000000087000000, 0x0000000087100000, 0x0000000087100000|100%| O|  |TAMS 0x0000000087100000, 0x0000000087000000| Untracked 
| 113|0x0000000087100000, 0x0000000087200000, 0x0000000087200000|100%| O|  |TAMS 0x0000000087200000, 0x0000000087100000| Untracked 
| 114|0x0000000087200000, 0x0000000087300000, 0x0000000087300000|100%| O|  |TAMS 0x0000000087300000, 0x0000000087200000| Untracked 
| 115|0x0000000087300000, 0x0000000087400000, 0x0000000087400000|100%| O|  |TAMS 0x0000000087400000, 0x0000000087300000| Untracked 
| 116|0x0000000087400000, 0x0000000087500000, 0x0000000087500000|100%| O|  |TAMS 0x0000000087500000, 0x0000000087400000| Untracked 
| 117|0x0000000087500000, 0x0000000087600000, 0x0000000087600000|100%| O|  |TAMS 0x0000000087600000, 0x0000000087500000| Untracked 
| 118|0x0000000087600000, 0x0000000087700000, 0x0000000087700000|100%|HS|  |TAMS 0x0000000087700000, 0x0000000087600000| Complete 
| 119|0x0000000087700000, 0x0000000087800000, 0x0000000087800000|100%|HC|  |TAMS 0x0000000087800000, 0x0000000087700000| Complete 
| 120|0x0000000087800000, 0x0000000087900000, 0x0000000087900000|100%|HS|  |TAMS 0x0000000087900000, 0x0000000087800000| Complete 
| 121|0x0000000087900000, 0x0000000087a00000, 0x0000000087a00000|100%|HC|  |TAMS 0x0000000087a00000, 0x0000000087900000| Complete 
| 122|0x0000000087a00000, 0x0000000087b00000, 0x0000000087b00000|100%|HC|  |TAMS 0x0000000087b00000, 0x0000000087a00000| Complete 
| 123|0x0000000087b00000, 0x0000000087c00000, 0x0000000087c00000|100%|HS|  |TAMS 0x0000000087c00000, 0x0000000087b00000| Complete 
| 124|0x0000000087c00000, 0x0000000087d00000, 0x0000000087d00000|100%|HC|  |TAMS 0x0000000087d00000, 0x0000000087c00000| Complete 
| 125|0x0000000087d00000, 0x0000000087e00000, 0x0000000087e00000|100%|HC|  |TAMS 0x0000000087e00000, 0x0000000087d00000| Complete 
| 126|0x0000000087e00000, 0x0000000087f00000, 0x0000000087f00000|100%|HS|  |TAMS 0x0000000087f00000, 0x0000000087e00000| Complete 
| 127|0x0000000087f00000, 0x0000000088000000, 0x0000000088000000|100%|HC|  |TAMS 0x0000000088000000, 0x0000000087f00000| Complete 
| 128|0x0000000088000000, 0x0000000088100000, 0x0000000088100000|100%|HS|  |TAMS 0x0000000088100000, 0x0000000088000000| Complete 
| 129|0x0000000088100000, 0x0000000088200000, 0x0000000088200000|100%|HC|  |TAMS 0x0000000088200000, 0x0000000088100000| Complete 
| 130|0x0000000088200000, 0x0000000088300000, 0x0000000088300000|100%|HC|  |TAMS 0x0000000088300000, 0x0000000088200000| Complete 
| 131|0x0000000088300000, 0x0000000088400000, 0x0000000088400000|100%|HC|  |TAMS 0x0000000088400000, 0x0000000088300000| Complete 
| 132|0x0000000088400000, 0x0000000088500000, 0x0000000088500000|100%|HC|  |TAMS 0x0000000088500000, 0x0000000088400000| Complete 
| 133|0x0000000088500000, 0x0000000088600000, 0x0000000088600000|100%|HS|  |TAMS 0x0000000088600000, 0x0000000088500000| Complete 
| 134|0x0000000088600000, 0x0000000088700000, 0x0000000088700000|100%|HC|  |TAMS 0x0000000088700000, 0x0000000088600000| Complete 
| 135|0x0000000088700000, 0x0000000088800000, 0x0000000088800000|100%|HC|  |TAMS 0x0000000088800000, 0x0000000088700000| Complete 
| 136|0x0000000088800000, 0x0000000088900000, 0x0000000088900000|100%|HC|  |TAMS 0x0000000088900000, 0x0000000088800000| Complete 
| 137|0x0000000088900000, 0x0000000088a00000, 0x0000000088a00000|100%|HC|  |TAMS 0x0000000088a00000, 0x0000000088900000| Complete 
| 138|0x0000000088a00000, 0x0000000088b00000, 0x0000000088b00000|100%|HC|  |TAMS 0x0000000088b00000, 0x0000000088a00000| Complete 
| 139|0x0000000088b00000, 0x0000000088c00000, 0x0000000088c00000|100%|HC|  |TAMS 0x0000000088c00000, 0x0000000088b00000| Complete 
| 140|0x0000000088c00000, 0x0000000088d00000, 0x0000000088d00000|100%|HC|  |TAMS 0x0000000088d00000, 0x0000000088c00000| Complete 
| 141|0x0000000088d00000, 0x0000000088e00000, 0x0000000088e00000|100%|HC|  |TAMS 0x0000000088e00000, 0x0000000088d00000| Complete 
| 142|0x0000000088e00000, 0x0000000088f00000, 0x0000000088f00000|100%|HC|  |TAMS 0x0000000088f00000, 0x0000000088e00000| Complete 
| 143|0x0000000088f00000, 0x0000000089000000, 0x0000000089000000|100%|HS|  |TAMS 0x0000000089000000, 0x0000000088f00000| Complete 
| 144|0x0000000089000000, 0x0000000089100000, 0x0000000089100000|100%|HC|  |TAMS 0x0000000089100000, 0x0000000089000000| Complete 
| 145|0x0000000089100000, 0x0000000089200000, 0x0000000089200000|100%| O|  |TAMS 0x0000000089200000, 0x0000000089100000| Untracked 
| 146|0x0000000089200000, 0x0000000089300000, 0x0000000089300000|100%| O|  |TAMS 0x0000000089300000, 0x0000000089200000| Untracked 
| 147|0x0000000089300000, 0x0000000089400000, 0x0000000089400000|100%| O|  |TAMS 0x0000000089400000, 0x0000000089300000| Untracked 
| 148|0x0000000089400000, 0x0000000089500000, 0x0000000089500000|100%| O|  |TAMS 0x0000000089500000, 0x0000000089400000| Untracked 
| 149|0x0000000089500000, 0x0000000089600000, 0x0000000089600000|100%| O|  |TAMS 0x0000000089600000, 0x0000000089500000| Untracked 
| 150|0x0000000089600000, 0x0000000089700000, 0x0000000089700000|100%| O|  |TAMS 0x0000000089700000, 0x0000000089600000| Untracked 
| 151|0x0000000089700000, 0x0000000089800000, 0x0000000089800000|100%| O|  |TAMS 0x0000000089800000, 0x0000000089700000| Untracked 
| 152|0x0000000089800000, 0x0000000089900000, 0x0000000089900000|100%| O|  |TAMS 0x0000000089900000, 0x0000000089800000| Untracked 
| 153|0x0000000089900000, 0x0000000089a00000, 0x0000000089a00000|100%| O|  |TAMS 0x0000000089a00000, 0x0000000089900000| Untracked 
| 154|0x0000000089a00000, 0x0000000089b00000, 0x0000000089b00000|100%| O|  |TAMS 0x0000000089b00000, 0x0000000089a00000| Untracked 
| 155|0x0000000089b00000, 0x0000000089c00000, 0x0000000089c00000|100%| O|  |TAMS 0x0000000089c00000, 0x0000000089b00000| Untracked 
| 156|0x0000000089c00000, 0x0000000089d00000, 0x0000000089d00000|100%| O|  |TAMS 0x0000000089d00000, 0x0000000089c00000| Untracked 
| 157|0x0000000089d00000, 0x0000000089e00000, 0x0000000089e00000|100%| O|  |TAMS 0x0000000089e00000, 0x0000000089d00000| Untracked 
| 158|0x0000000089e00000, 0x0000000089f00000, 0x0000000089f00000|100%| O|  |TAMS 0x0000000089f00000, 0x0000000089e00000| Untracked 
| 159|0x0000000089f00000, 0x000000008a000000, 0x000000008a000000|100%| O|  |TAMS 0x000000008a000000, 0x0000000089f00000| Untracked 
| 160|0x000000008a000000, 0x000000008a100000, 0x000000008a100000|100%| O|  |TAMS 0x000000008a100000, 0x000000008a000000| Untracked 
| 161|0x000000008a100000, 0x000000008a200000, 0x000000008a200000|100%| O|  |TAMS 0x000000008a200000, 0x000000008a100000| Untracked 
| 162|0x000000008a200000, 0x000000008a300000, 0x000000008a300000|100%| O|  |TAMS 0x000000008a300000, 0x000000008a200000| Untracked 
| 163|0x000000008a300000, 0x000000008a400000, 0x000000008a400000|100%| O|  |TAMS 0x000000008a400000, 0x000000008a300000| Untracked 
| 164|0x000000008a400000, 0x000000008a500000, 0x000000008a500000|100%| O|  |TAMS 0x000000008a500000, 0x000000008a400000| Untracked 
| 165|0x000000008a500000, 0x000000008a600000, 0x000000008a600000|100%|HS|  |TAMS 0x000000008a600000, 0x000000008a500000| Complete 
| 166|0x000000008a600000, 0x000000008a700000, 0x000000008a700000|100%| O|  |TAMS 0x000000008a700000, 0x000000008a600000| Untracked 
| 167|0x000000008a700000, 0x000000008a800000, 0x000000008a800000|100%| O|  |TAMS 0x000000008a800000, 0x000000008a700000| Untracked 
| 168|0x000000008a800000, 0x000000008a900000, 0x000000008a900000|100%| O|  |TAMS 0x000000008a900000, 0x000000008a800000| Untracked 
| 169|0x000000008a900000, 0x000000008aa00000, 0x000000008aa00000|100%| O|  |TAMS 0x000000008aa00000, 0x000000008a900000| Untracked 
| 170|0x000000008aa00000, 0x000000008ab00000, 0x000000008ab00000|100%| O|  |TAMS 0x000000008ab00000, 0x000000008aa00000| Untracked 
| 171|0x000000008ab00000, 0x000000008ac00000, 0x000000008ac00000|100%| O|  |TAMS 0x000000008ac00000, 0x000000008ab00000| Untracked 
| 172|0x000000008ac00000, 0x000000008ad00000, 0x000000008ad00000|100%| O|  |TAMS 0x000000008ad00000, 0x000000008ac00000| Untracked 
| 173|0x000000008ad00000, 0x000000008ae00000, 0x000000008ae00000|100%| O|  |TAMS 0x000000008ae00000, 0x000000008ad00000| Untracked 
| 174|0x000000008ae00000, 0x000000008af00000, 0x000000008af00000|100%| O|  |TAMS 0x000000008af00000, 0x000000008ae00000| Untracked 
| 175|0x000000008af00000, 0x000000008b000000, 0x000000008b000000|100%| O|  |TAMS 0x000000008b000000, 0x000000008af00000| Untracked 
| 176|0x000000008b000000, 0x000000008b100000, 0x000000008b100000|100%| O|  |TAMS 0x000000008b100000, 0x000000008b000000| Untracked 
| 177|0x000000008b100000, 0x000000008b200000, 0x000000008b200000|100%| O|  |TAMS 0x000000008b200000, 0x000000008b100000| Untracked 
| 178|0x000000008b200000, 0x000000008b300000, 0x000000008b300000|100%| O|  |TAMS 0x000000008b300000, 0x000000008b200000| Untracked 
| 179|0x000000008b300000, 0x000000008b400000, 0x000000008b400000|100%| O|  |TAMS 0x000000008b400000, 0x000000008b300000| Untracked 
| 180|0x000000008b400000, 0x000000008b500000, 0x000000008b500000|100%| O|  |TAMS 0x000000008b500000, 0x000000008b400000| Untracked 
| 181|0x000000008b500000, 0x000000008b600000, 0x000000008b600000|100%| O|  |TAMS 0x000000008b600000, 0x000000008b500000| Untracked 
| 182|0x000000008b600000, 0x000000008b700000, 0x000000008b700000|100%| O|  |TAMS 0x000000008b700000, 0x000000008b600000| Untracked 
| 183|0x000000008b700000, 0x000000008b800000, 0x000000008b800000|100%| O|  |TAMS 0x000000008b800000, 0x000000008b700000| Untracked 
| 184|0x000000008b800000, 0x000000008b900000, 0x000000008b900000|100%| O|  |TAMS 0x000000008b900000, 0x000000008b800000| Untracked 
| 185|0x000000008b900000, 0x000000008ba00000, 0x000000008ba00000|100%| O|  |TAMS 0x000000008ba00000, 0x000000008b900000| Untracked 
| 186|0x000000008ba00000, 0x000000008bb00000, 0x000000008bb00000|100%| O|  |TAMS 0x000000008bb00000, 0x000000008ba00000| Untracked 
| 187|0x000000008bb00000, 0x000000008bc00000, 0x000000008bc00000|100%| O|  |TAMS 0x000000008bc00000, 0x000000008bb00000| Untracked 
| 188|0x000000008bc00000, 0x000000008bd00000, 0x000000008bd00000|100%| O|  |TAMS 0x000000008bd00000, 0x000000008bc00000| Untracked 
| 189|0x000000008bd00000, 0x000000008be00000, 0x000000008be00000|100%| O|  |TAMS 0x000000008be00000, 0x000000008bd00000| Untracked 
| 190|0x000000008be00000, 0x000000008bf00000, 0x000000008bf00000|100%| O|  |TAMS 0x000000008bf00000, 0x000000008be00000| Untracked 
| 191|0x000000008bf00000, 0x000000008c000000, 0x000000008c000000|100%| O|  |TAMS 0x000000008c000000, 0x000000008bf00000| Untracked 
| 192|0x000000008c000000, 0x000000008c100000, 0x000000008c100000|100%| O|  |TAMS 0x000000008c100000, 0x000000008c000000| Untracked 
| 193|0x000000008c100000, 0x000000008c200000, 0x000000008c200000|100%| O|  |TAMS 0x000000008c200000, 0x000000008c100000| Untracked 
| 194|0x000000008c200000, 0x000000008c300000, 0x000000008c300000|100%| O|  |TAMS 0x000000008c300000, 0x000000008c200000| Untracked 
| 195|0x000000008c300000, 0x000000008c400000, 0x000000008c400000|100%| O|  |TAMS 0x000000008c400000, 0x000000008c300000| Untracked 
| 196|0x000000008c400000, 0x000000008c500000, 0x000000008c500000|100%| O|  |TAMS 0x000000008c500000, 0x000000008c400000| Untracked 
| 197|0x000000008c500000, 0x000000008c600000, 0x000000008c600000|100%| O|  |TAMS 0x000000008c600000, 0x000000008c500000| Untracked 
| 198|0x000000008c600000, 0x000000008c700000, 0x000000008c700000|100%| O|  |TAMS 0x000000008c700000, 0x000000008c600000| Untracked 
| 199|0x000000008c700000, 0x000000008c800000, 0x000000008c800000|100%| O|  |TAMS 0x000000008c800000, 0x000000008c700000| Untracked 
| 200|0x000000008c800000, 0x000000008c900000, 0x000000008c900000|100%| O|  |TAMS 0x000000008c900000, 0x000000008c800000| Untracked 
| 201|0x000000008c900000, 0x000000008ca00000, 0x000000008ca00000|100%| O|  |TAMS 0x000000008ca00000, 0x000000008c900000| Untracked 
| 202|0x000000008ca00000, 0x000000008cb00000, 0x000000008cb00000|100%| O|  |TAMS 0x000000008cb00000, 0x000000008ca00000| Untracked 
| 203|0x000000008cb00000, 0x000000008cc00000, 0x000000008cc00000|100%| O|  |TAMS 0x000000008cc00000, 0x000000008cb00000| Untracked 
| 204|0x000000008cc00000, 0x000000008cd00000, 0x000000008cd00000|100%| O|  |TAMS 0x000000008cd00000, 0x000000008cc00000| Untracked 
| 205|0x000000008cd00000, 0x000000008ce00000, 0x000000008ce00000|100%| O|  |TAMS 0x000000008ce00000, 0x000000008cd00000| Untracked 
| 206|0x000000008ce00000, 0x000000008cf00000, 0x000000008cf00000|100%| O|  |TAMS 0x000000008cf00000, 0x000000008ce00000| Untracked 
| 207|0x000000008cf00000, 0x000000008d000000, 0x000000008d000000|100%| O|  |TAMS 0x000000008d000000, 0x000000008cf00000| Untracked 
| 208|0x000000008d000000, 0x000000008d100000, 0x000000008d100000|100%| O|  |TAMS 0x000000008d100000, 0x000000008d000000| Untracked 
| 209|0x000000008d100000, 0x000000008d200000, 0x000000008d200000|100%| O|  |TAMS 0x000000008d200000, 0x000000008d100000| Untracked 
| 210|0x000000008d200000, 0x000000008d300000, 0x000000008d300000|100%| O|  |TAMS 0x000000008d300000, 0x000000008d200000| Untracked 
| 211|0x000000008d300000, 0x000000008d400000, 0x000000008d400000|100%| O|  |TAMS 0x000000008d400000, 0x000000008d300000| Untracked 
| 212|0x000000008d400000, 0x000000008d500000, 0x000000008d500000|100%| O|  |TAMS 0x000000008d500000, 0x000000008d400000| Untracked 
| 213|0x000000008d500000, 0x000000008d600000, 0x000000008d600000|100%| O|  |TAMS 0x000000008d600000, 0x000000008d500000| Untracked 
| 214|0x000000008d600000, 0x000000008d700000, 0x000000008d700000|100%| O|  |TAMS 0x000000008d700000, 0x000000008d600000| Untracked 
| 215|0x000000008d700000, 0x000000008d800000, 0x000000008d800000|100%| O|  |TAMS 0x000000008d800000, 0x000000008d700000| Untracked 
| 216|0x000000008d800000, 0x000000008d900000, 0x000000008d900000|100%| O|  |TAMS 0x000000008d900000, 0x000000008d800000| Untracked 
| 217|0x000000008d900000, 0x000000008da00000, 0x000000008da00000|100%| O|  |TAMS 0x000000008da00000, 0x000000008d900000| Untracked 
| 218|0x000000008da00000, 0x000000008db00000, 0x000000008db00000|100%| O|  |TAMS 0x000000008db00000, 0x000000008da00000| Untracked 
| 219|0x000000008db00000, 0x000000008dc00000, 0x000000008dc00000|100%| O|  |TAMS 0x000000008dc00000, 0x000000008db00000| Untracked 
| 220|0x000000008dc00000, 0x000000008dd00000, 0x000000008dd00000|100%| O|  |TAMS 0x000000008dd00000, 0x000000008dc00000| Untracked 
| 221|0x000000008dd00000, 0x000000008de00000, 0x000000008de00000|100%| O|  |TAMS 0x000000008de00000, 0x000000008dd00000| Untracked 
| 222|0x000000008de00000, 0x000000008df00000, 0x000000008df00000|100%| O|  |TAMS 0x000000008df00000, 0x000000008de00000| Untracked 
| 223|0x000000008df00000, 0x000000008e000000, 0x000000008e000000|100%| O|  |TAMS 0x000000008e000000, 0x000000008df00000| Untracked 
| 224|0x000000008e000000, 0x000000008e100000, 0x000000008e100000|100%| O|  |TAMS 0x000000008e100000, 0x000000008e000000| Untracked 
| 225|0x000000008e100000, 0x000000008e200000, 0x000000008e200000|100%| O|  |TAMS 0x000000008e200000, 0x000000008e100000| Untracked 
| 226|0x000000008e200000, 0x000000008e300000, 0x000000008e300000|100%| O|  |TAMS 0x000000008e300000, 0x000000008e200000| Untracked 
| 227|0x000000008e300000, 0x000000008e400000, 0x000000008e400000|100%| O|  |TAMS 0x000000008e400000, 0x000000008e300000| Untracked 
| 228|0x000000008e400000, 0x000000008e500000, 0x000000008e500000|100%| O|  |TAMS 0x000000008e500000, 0x000000008e400000| Untracked 
| 229|0x000000008e500000, 0x000000008e600000, 0x000000008e600000|100%| O|  |TAMS 0x000000008e600000, 0x000000008e500000| Untracked 
| 230|0x000000008e600000, 0x000000008e700000, 0x000000008e700000|100%| O|  |TAMS 0x000000008e700000, 0x000000008e600000| Untracked 
| 231|0x000000008e700000, 0x000000008e800000, 0x000000008e800000|100%| O|  |TAMS 0x000000008e800000, 0x000000008e700000| Untracked 
| 232|0x000000008e800000, 0x000000008e900000, 0x000000008e900000|100%| O|  |TAMS 0x000000008e87ae00, 0x000000008e800000| Untracked 
| 233|0x000000008e900000, 0x000000008ea00000, 0x000000008ea00000|100%| O|  |TAMS 0x000000008e900000, 0x000000008e900000| Untracked 
| 234|0x000000008ea00000, 0x000000008eb00000, 0x000000008eb00000|100%| O|  |TAMS 0x000000008ea00000, 0x000000008ea00000| Untracked 
| 235|0x000000008eb00000, 0x000000008ec00000, 0x000000008ec00000|100%| O|  |TAMS 0x000000008eb00000, 0x000000008eb00000| Untracked 
| 236|0x000000008ec00000, 0x000000008ec8b400, 0x000000008ed00000| 54%| O|  |TAMS 0x000000008ec00000, 0x000000008ec00000| Untracked 
| 237|0x000000008ed00000, 0x000000008ed00000, 0x000000008ee00000|  0%| F|  |TAMS 0x000000008ed00000, 0x000000008ed00000| Untracked 
| 238|0x000000008ee00000, 0x000000008ee00000, 0x000000008ef00000|  0%| F|  |TAMS 0x000000008ee00000, 0x000000008ee00000| Untracked 
| 239|0x000000008ef00000, 0x000000008ef00000, 0x000000008f000000|  0%| F|  |TAMS 0x000000008ef00000, 0x000000008ef00000| Untracked 
| 240|0x000000008f000000, 0x000000008f000000, 0x000000008f100000|  0%| F|  |TAMS 0x000000008f000000, 0x000000008f000000| Untracked 
| 241|0x000000008f100000, 0x000000008f100000, 0x000000008f200000|  0%| F|  |TAMS 0x000000008f100000, 0x000000008f100000| Untracked 
| 242|0x000000008f200000, 0x000000008f200000, 0x000000008f300000|  0%| F|  |TAMS 0x000000008f200000, 0x000000008f200000| Untracked 
| 243|0x000000008f300000, 0x000000008f300000, 0x000000008f400000|  0%| F|  |TAMS 0x000000008f300000, 0x000000008f300000| Untracked 
| 244|0x000000008f400000, 0x000000008f400000, 0x000000008f500000|  0%| F|  |TAMS 0x000000008f400000, 0x000000008f400000| Untracked 
| 245|0x000000008f500000, 0x000000008f500000, 0x000000008f600000|  0%| F|  |TAMS 0x000000008f500000, 0x000000008f500000| Untracked 
| 246|0x000000008f600000, 0x000000008f600000, 0x000000008f700000|  0%| F|  |TAMS 0x000000008f600000, 0x000000008f600000| Untracked 
| 247|0x000000008f700000, 0x000000008f700000, 0x000000008f800000|  0%| F|  |TAMS 0x000000008f700000, 0x000000008f700000| Untracked 
| 248|0x000000008f800000, 0x000000008f800000, 0x000000008f900000|  0%| F|  |TAMS 0x000000008f800000, 0x000000008f800000| Untracked 
| 249|0x000000008f900000, 0x000000008f900000, 0x000000008fa00000|  0%| F|  |TAMS 0x000000008f900000, 0x000000008f900000| Untracked 
| 250|0x000000008fa00000, 0x000000008fa00000, 0x000000008fb00000|  0%| F|  |TAMS 0x000000008fa00000, 0x000000008fa00000| Untracked 
| 251|0x000000008fb00000, 0x000000008fb00000, 0x000000008fc00000|  0%| F|  |TAMS 0x000000008fb00000, 0x000000008fb00000| Untracked 
| 252|0x000000008fc00000, 0x000000008fc00000, 0x000000008fd00000|  0%| F|  |TAMS 0x000000008fc00000, 0x000000008fc00000| Untracked 
| 253|0x000000008fd00000, 0x000000008fd00000, 0x000000008fe00000|  0%| F|  |TAMS 0x000000008fd00000, 0x000000008fd00000| Untracked 
| 254|0x000000008fe00000, 0x000000008fe00000, 0x000000008ff00000|  0%| F|  |TAMS 0x000000008fe00000, 0x000000008fe00000| Untracked 
| 255|0x000000008ff00000, 0x000000008ff00000, 0x0000000090000000|  0%| F|  |TAMS 0x000000008ff00000, 0x000000008ff00000| Untracked 
| 256|0x0000000090000000, 0x0000000090000000, 0x0000000090100000|  0%| F|  |TAMS 0x0000000090000000, 0x0000000090000000| Untracked 
| 257|0x0000000090100000, 0x0000000090100000, 0x0000000090200000|  0%| F|  |TAMS 0x0000000090100000, 0x0000000090100000| Untracked 
| 258|0x0000000090200000, 0x0000000090200000, 0x0000000090300000|  0%| F|  |TAMS 0x0000000090200000, 0x0000000090200000| Untracked 
| 259|0x0000000090300000, 0x0000000090300000, 0x0000000090400000|  0%| F|  |TAMS 0x0000000090300000, 0x0000000090300000| Untracked 
| 260|0x0000000090400000, 0x0000000090400000, 0x0000000090500000|  0%| F|  |TAMS 0x0000000090400000, 0x0000000090400000| Untracked 
| 261|0x0000000090500000, 0x0000000090500000, 0x0000000090600000|  0%| F|  |TAMS 0x0000000090500000, 0x0000000090500000| Untracked 
| 262|0x0000000090600000, 0x0000000090600000, 0x0000000090700000|  0%| F|  |TAMS 0x0000000090600000, 0x0000000090600000| Untracked 
| 263|0x0000000090700000, 0x0000000090700000, 0x0000000090800000|  0%| F|  |TAMS 0x0000000090700000, 0x0000000090700000| Untracked 
| 264|0x0000000090800000, 0x0000000090800000, 0x0000000090900000|  0%| F|  |TAMS 0x0000000090800000, 0x0000000090800000| Untracked 
| 265|0x0000000090900000, 0x0000000090a00000, 0x0000000090a00000|100%| S|CS|TAMS 0x0000000090900000, 0x0000000090900000| Complete 
| 266|0x0000000090a00000, 0x0000000090b00000, 0x0000000090b00000|100%| S|CS|TAMS 0x0000000090a00000, 0x0000000090a00000| Complete 
| 267|0x0000000090b00000, 0x0000000090b00000, 0x0000000090c00000|  0%| F|  |TAMS 0x0000000090b00000, 0x0000000090b00000| Untracked 
| 268|0x0000000090c00000, 0x0000000090d00000, 0x0000000090d00000|100%| S|CS|TAMS 0x0000000090c00000, 0x0000000090c00000| Complete 
| 269|0x0000000090d00000, 0x0000000090d00000, 0x0000000090e00000|  0%| F|  |TAMS 0x0000000090d00000, 0x0000000090d00000| Untracked 
| 270|0x0000000090e00000, 0x0000000090e00000, 0x0000000090f00000|  0%| F|  |TAMS 0x0000000090e00000, 0x0000000090e00000| Untracked 
| 271|0x0000000090f00000, 0x0000000090f00000, 0x0000000091000000|  0%| F|  |TAMS 0x0000000090f00000, 0x0000000090f00000| Untracked 
| 272|0x0000000091000000, 0x0000000091000000, 0x0000000091100000|  0%| F|  |TAMS 0x0000000091000000, 0x0000000091000000| Untracked 
| 273|0x0000000091100000, 0x0000000091100000, 0x0000000091200000|  0%| F|  |TAMS 0x0000000091100000, 0x0000000091100000| Untracked 
| 274|0x0000000091200000, 0x0000000091200000, 0x0000000091300000|  0%| F|  |TAMS 0x0000000091200000, 0x0000000091200000| Untracked 
| 275|0x0000000091300000, 0x0000000091331150, 0x0000000091400000| 19%| E|  |TAMS 0x0000000091300000, 0x0000000091300000| Complete 
| 276|0x0000000091400000, 0x0000000091500000, 0x0000000091500000|100%| E|CS|TAMS 0x0000000091400000, 0x0000000091400000| Complete 
| 277|0x0000000091500000, 0x0000000091600000, 0x0000000091600000|100%| E|CS|TAMS 0x0000000091500000, 0x0000000091500000| Complete 
| 278|0x0000000091600000, 0x0000000091700000, 0x0000000091700000|100%| E|CS|TAMS 0x0000000091600000, 0x0000000091600000| Complete 
| 279|0x0000000091700000, 0x0000000091800000, 0x0000000091800000|100%| E|CS|TAMS 0x0000000091700000, 0x0000000091700000| Complete 
| 280|0x0000000091800000, 0x0000000091900000, 0x0000000091900000|100%| E|CS|TAMS 0x0000000091800000, 0x0000000091800000| Complete 
| 281|0x0000000091900000, 0x0000000091a00000, 0x0000000091a00000|100%| E|CS|TAMS 0x0000000091900000, 0x0000000091900000| Complete 
| 282|0x0000000091a00000, 0x0000000091b00000, 0x0000000091b00000|100%| E|CS|TAMS 0x0000000091a00000, 0x0000000091a00000| Complete 
| 283|0x0000000091b00000, 0x0000000091c00000, 0x0000000091c00000|100%| E|CS|TAMS 0x0000000091b00000, 0x0000000091b00000| Complete 

Card table byte_map: [0x00000186e0920000,0x00000186e0d20000] _byte_map_base: 0x00000186e0520000

Marking Bits (Prev, Next): (CMBitMap*) 0x00000186cda3edf8, (CMBitMap*) 0x00000186cda3ee30
 Prev Bits: [0x00000186e1120000, 0x00000186e3120000)
 Next Bits: [0x00000186e3120000, 0x00000186e5120000)

Polling page: 0x00000186cb990000

Metaspace:

Usage:
  Non-class:    128.03 MB capacity,   125.44 MB ( 98%) used,     2.17 MB (  2%) free+waste,   427.62 KB ( <1%) overhead. 
      Class:     20.18 MB capacity,    18.75 MB ( 93%) used,     1.24 MB (  6%) free+waste,   189.44 KB ( <1%) overhead. 
       Both:    148.21 MB capacity,   144.19 MB ( 97%) used,     3.42 MB (  2%) free+waste,   617.06 KB ( <1%) overhead. 

Virtual space:
  Non-class space:      130.00 MB reserved,     128.17 MB ( 99%) committed 
      Class space:        1.00 GB reserved,      20.28 MB (  2%) committed 
             Both:        1.13 GB reserved,     148.45 MB ( 13%) committed 

Chunk freelists:
   Non-Class:  15.00 KB
       Class:  7.00 KB
        Both:  22.00 KB

MaxMetaspaceSize: 17179869184.00 GB
CompressedClassSpaceSize: 1.00 GB
Initial GC threshold: 20.80 MB
Current GC threshold: 247.42 MB
CDS: off

CodeHeap 'non-profiled nmethods': size=120064Kb used=12176Kb max_used=12954Kb free=107888Kb
 bounds [0x00000186d8fe0000, 0x00000186d9c90000, 0x00000186e0520000]
CodeHeap 'profiled nmethods': size=120000Kb used=36317Kb max_used=38394Kb free=83682Kb
 bounds [0x00000186d1ab0000, 0x00000186d4030000, 0x00000186d8fe0000]
CodeHeap 'non-nmethods': size=5696Kb used=2436Kb max_used=2499Kb free=3259Kb
 bounds [0x00000186d1520000, 0x00000186d17a0000, 0x00000186d1ab0000]
 total_blobs=17108 nmethods=16152 adapters=868
 compilation: enabled
              stopped_count=0, restarted_count=0
 full_count=0

Compilation events (20 events):
Event: 817.758 Thread 0x00000186e7eb3000 17033   !   3       org.apache.xerces.impl.XMLEntityManager::expandSystemId (177 bytes)
Event: 817.760 Thread 0x00000186e7eb3000 nmethod 17033 0x00000186d1afa390 code [0x00000186d1afa760, 0x00000186d1afbab8]
Event: 817.760 Thread 0x00000186e7eb3000 17034       3       org.apache.xerces.util.XMLResourceIdentifierImpl::<init> (15 bytes)
Event: 817.760 Thread 0x00000186e7eb3000 nmethod 17034 0x00000186d1bc1110 code [0x00000186d1bc12e0, 0x00000186d1bc16b8]
Event: 817.760 Thread 0x00000186e7eb3000 17035       3       org.apache.xerces.impl.XMLEntityManager$ScannedEntity::<init> (112 bytes)
Event: 817.761 Thread 0x00000186e7eb3000 nmethod 17035 0x00000186d1dd2190 code [0x00000186d1dd23a0, 0x00000186d1dd2a08]
Event: 817.761 Thread 0x00000186e7eb3000 17036       3       org.apache.xerces.impl.XMLEntityManager$Entity::<init> (15 bytes)
Event: 817.761 Thread 0x00000186e7eb3000 nmethod 17036 0x00000186d1f23810 code [0x00000186d1f239c0, 0x00000186d1f23b78]
Event: 817.761 Thread 0x00000186e7eb3000 17037       3       org.apache.xerces.impl.XMLEntityManager$CharacterBufferPool::getBuffer (80 bytes)
Event: 817.761 Thread 0x00000186e7eb3000 nmethod 17037 0x00000186d1ed7290 code [0x00000186d1ed7480, 0x00000186d1ed7af8]
Event: 817.761 Thread 0x00000186e7eb3000 17038       3       org.apache.xerces.impl.XMLEntityManager$CharacterBuffer::<init> (17 bytes)
Event: 817.761 Thread 0x00000186e7eb3000 nmethod 17038 0x00000186d1bf8990 code [0x00000186d1bf8b40, 0x00000186d1bf8d98]
Event: 817.761 Thread 0x00000186e7eb3000 17040       3       org.apache.xerces.dom.CoreDocumentImpl::insertBefore (134 bytes)
Event: 817.762 Thread 0x00000186e7eb3000 nmethod 17040 0x00000186d1b7b010 code [0x00000186d1b7b2a0, 0x00000186d1b7c208]
Event: 817.762 Thread 0x00000186e7eb3000 17041       3       org.apache.xerces.impl.XMLDocumentScannerImpl$ContentDispatcher::elementDepthIsZeroHook (25 bytes)
Event: 817.762 Thread 0x00000186e7eb3000 nmethod 17041 0x00000186d1f7f590 code [0x00000186d1f7f740, 0x00000186d1f7f8d8]
Event: 817.770 Thread 0x00000186e7eb3000 17042       3       org.apache.xerces.impl.XMLScanner::normalizeWhitespace (50 bytes)
Event: 817.770 Thread 0x00000186e7eb3000 nmethod 17042 0x00000186d219fa90 code [0x00000186d219fc60, 0x00000186d219feb8]
Event: 817.773 Thread 0x00000186e7eb3000 17043       3       com.android.ide.common.resources.configuration.FolderConfiguration::getConfigFromQualifiers (336 bytes)
Event: 817.775 Thread 0x00000186e7eb3000 nmethod 17043 0x00000186d1b01a10 code [0x00000186d1b01e80, 0x00000186d1b04158]

GC Heap History (20 events):
Event: 810.770 GC heap before
{Heap before GC invocations=77 (full 0):
 garbage-first heap   total 290816K, used 238042K [0x0000000080000000, 0x0000000100000000)
  region size 1024K, 14 young (14336K), 4 survivors (4096K)
 Metaspace       used 142136K, capacity 146054K, committed 146256K, reserved 1175552K
  class space    used 18632K, capacity 20034K, committed 20128K, reserved 1048576K
}
Event: 810.776 GC heap after
{Heap after GC invocations=78 (full 0):
 garbage-first heap   total 290816K, used 228298K [0x0000000080000000, 0x0000000100000000)
  region size 1024K, 2 young (2048K), 2 survivors (2048K)
 Metaspace       used 142136K, capacity 146054K, committed 146256K, reserved 1175552K
  class space    used 18632K, capacity 20034K, committed 20128K, reserved 1048576K
}
Event: 810.927 GC heap before
{Heap before GC invocations=78 (full 0):
 garbage-first heap   total 290816K, used 253898K [0x0000000080000000, 0x0000000100000000)
  region size 1024K, 27 young (27648K), 2 survivors (2048K)
 Metaspace       used 142157K, capacity 146054K, committed 146256K, reserved 1175552K
  class space    used 18634K, capacity 20034K, committed 20128K, reserved 1048576K
}
Event: 810.933 GC heap after
{Heap after GC invocations=79 (full 0):
 garbage-first heap   total 290816K, used 232365K [0x0000000080000000, 0x0000000100000000)
  region size 1024K, 4 young (4096K), 4 survivors (4096K)
 Metaspace       used 142157K, capacity 146054K, committed 146256K, reserved 1175552K
  class space    used 18634K, capacity 20034K, committed 20128K, reserved 1048576K
}
Event: 812.067 GC heap before
{Heap before GC invocations=80 (full 0):
 garbage-first heap   total 290816K, used 252845K [0x0000000080000000, 0x0000000100000000)
  region size 1024K, 25 young (25600K), 4 survivors (4096K)
 Metaspace       used 143790K, capacity 147710K, committed 147920K, reserved 1177600K
  class space    used 18764K, capacity 20178K, committed 20256K, reserved 1048576K
}
Event: 812.075 GC heap after
{Heap after GC invocations=81 (full 0):
 garbage-first heap   total 290816K, used 234977K [0x0000000080000000, 0x0000000100000000)
  region size 1024K, 3 young (3072K), 3 survivors (3072K)
 Metaspace       used 143790K, capacity 147710K, committed 147920K, reserved 1177600K
  class space    used 18764K, capacity 20178K, committed 20256K, reserved 1048576K
}
Event: 812.479 GC heap before
{Heap before GC invocations=81 (full 0):
 garbage-first heap   total 290816K, used 253409K [0x0000000080000000, 0x0000000100000000)
  region size 1024K, 22 young (22528K), 3 survivors (3072K)
 Metaspace       used 144479K, capacity 148487K, committed 148816K, reserved 1177600K
  class space    used 18862K, capacity 20296K, committed 20384K, reserved 1048576K
}
Event: 812.487 GC heap after
{Heap after GC invocations=82 (full 0):
 garbage-first heap   total 290816K, used 236541K [0x0000000080000000, 0x0000000100000000)
  region size 1024K, 2 young (2048K), 2 survivors (2048K)
 Metaspace       used 144479K, capacity 148487K, committed 148816K, reserved 1177600K
  class space    used 18862K, capacity 20296K, committed 20384K, reserved 1048576K
}
Event: 813.214 GC heap before
{Heap before GC invocations=83 (full 0):
 garbage-first heap   total 290816K, used 253949K [0x0000000080000000, 0x0000000100000000)
  region size 1024K, 20 young (20480K), 2 survivors (2048K)
 Metaspace       used 144759K, capacity 148739K, committed 148816K, reserved 1177600K
  class space    used 18897K, capacity 20314K, committed 20384K, reserved 1048576K
}
Event: 813.220 GC heap after
{Heap after GC invocations=84 (full 0):
 garbage-first heap   total 290816K, used 237295K [0x0000000080000000, 0x0000000100000000)
  region size 1024K, 3 young (3072K), 3 survivors (3072K)
 Metaspace       used 144759K, capacity 148739K, committed 148816K, reserved 1177600K
  class space    used 18897K, capacity 20314K, committed 20384K, reserved 1048576K
}
Event: 813.960 GC heap before
{Heap before GC invocations=84 (full 0):
 garbage-first heap   total 290816K, used 247535K [0x0000000080000000, 0x0000000100000000)
  region size 1024K, 14 young (14336K), 3 survivors (3072K)
 Metaspace       used 144932K, capacity 148972K, committed 149072K, reserved 1177600K
  class space    used 18929K, capacity 20351K, committed 20384K, reserved 1048576K
}
Event: 813.966 GC heap after
{Heap after GC invocations=85 (full 0):
 garbage-first heap   total 290816K, used 237805K [0x0000000080000000, 0x0000000100000000)
  region size 1024K, 2 young (2048K), 2 survivors (2048K)
 Metaspace       used 144932K, capacity 148972K, committed 149072K, reserved 1177600K
  class space    used 18929K, capacity 20351K, committed 20384K, reserved 1048576K
}
Event: 815.419 GC heap before
{Heap before GC invocations=85 (full 0):
 garbage-first heap   total 290816K, used 255213K [0x0000000080000000, 0x0000000100000000)
  region size 1024K, 19 young (19456K), 2 survivors (2048K)
 Metaspace       used 147096K, capacity 151130K, committed 151248K, reserved 1179648K
  class space    used 19201K, capacity 20665K, committed 20768K, reserved 1048576K
}
Event: 815.424 GC heap after
{Heap after GC invocations=86 (full 0):
 garbage-first heap   total 290816K, used 238158K [0x0000000080000000, 0x0000000100000000)
  region size 1024K, 2 young (2048K), 2 survivors (2048K)
 Metaspace       used 147096K, capacity 151130K, committed 151248K, reserved 1179648K
  class space    used 19201K, capacity 20665K, committed 20768K, reserved 1048576K
}
Event: 816.312 GC heap before
{Heap before GC invocations=87 (full 0):
 garbage-first heap   total 290816K, used 255566K [0x0000000080000000, 0x0000000100000000)
  region size 1024K, 19 young (19456K), 2 survivors (2048K)
 Metaspace       used 147411K, capacity 151450K, committed 151760K, reserved 1179648K
  class space    used 19201K, capacity 20665K, committed 20768K, reserved 1048576K
}
Event: 816.317 GC heap after
{Heap after GC invocations=88 (full 0):
 garbage-first heap   total 290816K, used 239137K [0x0000000080000000, 0x0000000100000000)
  region size 1024K, 3 young (3072K), 3 survivors (3072K)
 Metaspace       used 147411K, capacity 151450K, committed 151760K, reserved 1179648K
  class space    used 19201K, capacity 20665K, committed 20768K, reserved 1048576K
}
Event: 816.869 GC heap before
{Heap before GC invocations=88 (full 0):
 garbage-first heap   total 290816K, used 255521K [0x0000000080000000, 0x0000000100000000)
  region size 1024K, 19 young (19456K), 3 survivors (3072K)
 Metaspace       used 147563K, capacity 151706K, committed 152016K, reserved 1181696K
  class space    used 19201K, capacity 20665K, committed 20768K, reserved 1048576K
}
Event: 816.881 GC heap after
{Heap after GC invocations=89 (full 0):
 garbage-first heap   total 290816K, used 241095K [0x0000000080000000, 0x0000000100000000)
  region size 1024K, 3 young (3072K), 3 survivors (3072K)
 Metaspace       used 147563K, capacity 151706K, committed 152016K, reserved 1181696K
  class space    used 19201K, capacity 20665K, committed 20768K, reserved 1048576K
}
Event: 817.659 GC heap before
{Heap before GC invocations=90 (full 0):
 garbage-first heap   total 290816K, used 255431K [0x0000000080000000, 0x0000000100000000)
  region size 1024K, 18 young (18432K), 3 survivors (3072K)
 Metaspace       used 147584K, capacity 151706K, committed 152016K, reserved 1181696K
  class space    used 19201K, capacity 20665K, committed 20768K, reserved 1048576K
}
Event: 817.668 GC heap after
{Heap after GC invocations=91 (full 0):
 garbage-first heap   total 290816K, used 245293K [0x0000000080000000, 0x0000000100000000)
  region size 1024K, 3 young (3072K), 3 survivors (3072K)
 Metaspace       used 147584K, capacity 151706K, committed 152016K, reserved 1181696K
  class space    used 19201K, capacity 20665K, committed 20768K, reserved 1048576K
}

Deoptimization events (20 events):
Event: 817.423 Thread 0x00000186eb693800 Uncommon trap: trap_request=0xffffff4d fr.pc=0x00000186d8ffa6ec relative=0x00000000000003ac
Event: 817.423 Thread 0x00000186eb693800 Uncommon trap: reason=unstable_if action=reinterpret pc=0x00000186d8ffa6ec method=java.lang.StringUTF16.compress([CII)[B @ 13 c2
Event: 817.423 Thread 0x00000186eb693800 DEOPT PACKING pc=0x00000186d8ffa6ec sp=0x00000036061f9960
Event: 817.423 Thread 0x00000186eb693800 DEOPT UNPACKING pc=0x00000186d15285af sp=0x00000036061f98c8 mode 2
Event: 817.424 Thread 0x00000186eb693800 Uncommon trap: trap_request=0xffffff4d fr.pc=0x00000186d9c557b8 relative=0x0000000000000098
Event: 817.424 Thread 0x00000186eb693800 Uncommon trap: reason=unstable_if action=reinterpret pc=0x00000186d9c557b8 method=org.apache.xerces.impl.XMLEntityScanner.peekChar()I @ 14 c2
Event: 817.424 Thread 0x00000186eb693800 DEOPT PACKING pc=0x00000186d9c557b8 sp=0x00000036061f9af0
Event: 817.424 Thread 0x00000186eb693800 DEOPT UNPACKING pc=0x00000186d15285af sp=0x00000036061f9a80 mode 2
Event: 817.424 Thread 0x00000186eb693800 Uncommon trap: trap_request=0xffffff4d fr.pc=0x00000186d8ff2528 relative=0x0000000000000308
Event: 817.424 Thread 0x00000186eb693800 Uncommon trap: reason=unstable_if action=reinterpret pc=0x00000186d8ff2528 method=java.lang.StringUTF16.compress([CI[BII)I @ 20 c2
Event: 817.424 Thread 0x00000186eb693800 DEOPT PACKING pc=0x00000186d8ff2528 sp=0x00000036061f98b0
Event: 817.424 Thread 0x00000186eb693800 DEOPT UNPACKING pc=0x00000186d15285af sp=0x00000036061f9830 mode 2
Event: 817.448 Thread 0x00000186eb693800 DEOPT PACKING pc=0x00000186d401fa9b sp=0x00000036061f9940
Event: 817.448 Thread 0x00000186eb693800 DEOPT UNPACKING pc=0x00000186d1569d0e sp=0x00000036061f8db0 mode 0
Event: 817.493 Thread 0x00000186eb693800 DEOPT PACKING pc=0x00000186d401fa9b sp=0x00000036061f9870
Event: 817.493 Thread 0x00000186eb693800 DEOPT UNPACKING pc=0x00000186d1569d0e sp=0x00000036061f8ce0 mode 0
Event: 817.594 Thread 0x00000186eb693800 DEOPT PACKING pc=0x00000186d4017817 sp=0x00000036061f9d00
Event: 817.594 Thread 0x00000186eb693800 DEOPT UNPACKING pc=0x00000186d1569d0e sp=0x00000036061f9220 mode 0
Event: 817.617 Thread 0x00000186eb693800 DEOPT PACKING pc=0x00000186d4017817 sp=0x00000036061f9d00
Event: 817.617 Thread 0x00000186eb693800 DEOPT UNPACKING pc=0x00000186d1569d0e sp=0x00000036061f9220 mode 0

Classes redefined (0 events):
No events

Internal exceptions (20 events):
Event: 811.209 Thread 0x00000186e84d4000 Exception <a 'java/lang/ClassNotFoundException'{0x00000000910b8b18}: com/android/build/gradle/internal/tasks/ListingFileRedirectTaskBeanInfo> (0x00000000910b8b18) thrown at [src/hotspot/share/classfile/systemDictionary.cpp, line 230]
Event: 811.210 Thread 0x00000186e84d4000 Exception <a 'java/lang/ClassNotFoundException'{0x00000000910d1af8}: com/android/build/gradle/internal/tasks/ListingFileRedirectTaskCustomizer> (0x00000000910d1af8) thrown at [src/hotspot/share/classfile/systemDictionary.cpp, line 230]
Event: 811.211 Thread 0x00000186e84d4000 Exception <a 'java/lang/ClassNotFoundException'{0x00000000910fe8a0}: com/android/build/gradle/internal/tasks/ListingFileRedirectTask_DecoratedCustomizer> (0x00000000910fe8a0) thrown at [src/hotspot/share/classfile/systemDictionary.cpp, line 230]
Event: 812.000 Thread 0x00000186eb692000 Exception <a 'sun/nio/fs/WindowsException'{0x0000000090b606d0}> (0x0000000090b606d0) thrown at [src/hotspot/share/prims/jni.cpp, line 617]
Event: 812.000 Thread 0x00000186eb692000 Exception <a 'sun/nio/fs/WindowsException'{0x0000000090b61800}> (0x0000000090b61800) thrown at [src/hotspot/share/prims/jni.cpp, line 617]
Event: 812.131 Thread 0x00000186eb692000 Implicit null exception at 0x00000186d9a39571 to 0x00000186d9a39aa0
Event: 812.171 Thread 0x00000186eb68a800 Exception <a 'java/lang/NoSuchMethodError'{0x0000000091953eb0}: <clinit>> (0x0000000091953eb0) thrown at [src/hotspot/share/prims/jni.cpp, line 1367]
Event: 812.175 Thread 0x00000186eb68a800 Exception <a 'java/lang/NoSuchMethodError'{0x000000009197c558}: <clinit>> (0x000000009197c558) thrown at [src/hotspot/share/prims/jni.cpp, line 1367]
Event: 812.177 Thread 0x00000186e84d0000 Exception <a 'java/lang/NoSuchMethodError'{0x00000000919912a8}: <clinit>> (0x00000000919912a8) thrown at [src/hotspot/share/prims/jni.cpp, line 1367]
Event: 812.284 Thread 0x00000186eb692000 Implicit null exception at 0x00000186d9a3b8e8 to 0x00000186d9a3bde4
Event: 812.289 Thread 0x00000186eb692000 Exception <a 'java/lang/NoSuchMethodError'{0x00000000918b81e8}: 'java.lang.Object java.lang.invoke.DirectMethodHandle$Holder.newInvokeSpecial(java.lang.Object, java.lang.Object, java.lang.Object, java.lang.Object)'> (0x00000000918b81e8) thrown at [src/hotspot/share/interpreter/linkResolver.cpp, line 773]
Event: 812.302 Thread 0x00000186eb692000 Exception <a 'sun/nio/fs/WindowsException'{0x00000000918e1c40}> (0x00000000918e1c40) thrown at [src/hotspot/share/prims/jni.cpp, line 617]
Event: 812.303 Thread 0x00000186eb692000 Exception <a 'sun/nio/fs/WindowsException'{0x00000000918f9b00}> (0x00000000918f9b00) thrown at [src/hotspot/share/prims/jni.cpp, line 617]
Event: 812.337 Thread 0x00000186eb696000 Exception <a 'sun/nio/fs/WindowsException'{0x0000000091588418}> (0x0000000091588418) thrown at [src/hotspot/share/prims/jni.cpp, line 617]
Event: 812.752 Thread 0x00000186eb693800 Exception <a 'java/lang/NoSuchMethodError'{0x0000000091092d90}: <clinit>> (0x0000000091092d90) thrown at [src/hotspot/share/prims/jni.cpp, line 1367]
Event: 813.312 Thread 0x00000186eb693800 Exception <a 'sun/nio/fs/WindowsException'{0x00000000915cce38}> (0x00000000915cce38) thrown at [src/hotspot/share/prims/jni.cpp, line 617]
Event: 813.312 Thread 0x00000186eb693800 Exception <a 'sun/nio/fs/WindowsException'{0x00000000915cdca0}> (0x00000000915cdca0) thrown at [src/hotspot/share/prims/jni.cpp, line 617]
Event: 813.341 Thread 0x00000186eb693800 Exception <a 'java/lang/NoSuchMethodError'{0x00000000914ae5d8}: 'java.lang.Object java.lang.invoke.DirectMethodHandle$Holder.invokeSpecial(java.lang.Object, java.lang.Object, int, int, int, java.lang.Object, java.lang.Object, java.lang.Object, int)'> (0x00000000914ae5d8) thrown at [src/hotspot/share/interpreter/linkResolver.cpp, line 773]
Event: 813.342 Thread 0x00000186eb693800 Exception <a 'java/lang/NoSuchMethodError'{0x00000000914b2488}: 'java.lang.Object java.lang.invoke.DelegatingMethodHandle$Holder.reinvoke_L(java.lang.Object, int, int, int, java.lang.Object, java.lang.Object, java.lang.Object, int)'> (0x00000000914b2488) thrown at [src/hotspot/share/interpreter/linkResolver.cpp, line 773]
Event: 813.344 Thread 0x00000186eb693800 Exception <a 'java/lang/NoSuchMethodError'{0x00000000914d4ad0}: 'java.lang.Object java.lang.invoke.DirectMethodHandle$Holder.invokeStatic(java.lang.Object, java.lang.Object, java.lang.Object, java.lang.Object, java.lang.Object, java.lang.Object, java.lang.Object, int)'> (0x00000000914d4ad0) thrown at [src/hotspot/share/interpreter/linkResolver.cpp, line 773]

Events (20 events):
Event: 817.688 Thread 0x00000186e7f1c800 flushing nmethod 0x00000186d246d390
Event: 817.688 Thread 0x00000186e7f1c800 flushing nmethod 0x00000186d24b0190
Event: 817.688 Thread 0x00000186e7f1c800 flushing nmethod 0x00000186d24bd190
Event: 817.688 Thread 0x00000186e7f1c800 flushing nmethod 0x00000186d24c0190
Event: 817.688 Thread 0x00000186e7f1c800 flushing nmethod 0x00000186d24c2a90
Event: 817.688 Thread 0x00000186e7f1c800 flushing nmethod 0x00000186d24c2f90
Event: 817.688 Thread 0x00000186e7f1c800 flushing nmethod 0x00000186d24c3710
Event: 817.688 Thread 0x00000186e7f1c800 flushing nmethod 0x00000186d24c4310
Event: 817.688 Thread 0x00000186e7f1c800 flushing nmethod 0x00000186d24c5690
Event: 817.688 Thread 0x00000186e7f1c800 flushing nmethod 0x00000186d24c5b10
Event: 817.688 Thread 0x00000186e7f1c800 flushing nmethod 0x00000186d24c6990
Event: 817.688 Thread 0x00000186e7f1c800 flushing nmethod 0x00000186d24ca290
Event: 817.688 Thread 0x00000186e7f1c800 flushing nmethod 0x00000186d24ca610
Event: 817.688 Thread 0x00000186e7f1c800 flushing nmethod 0x00000186d253af10
Event: 817.689 Thread 0x00000186e7f1c800 flushing nmethod 0x00000186d25a6a10
Event: 817.689 Thread 0x00000186e7f1c800 flushing nmethod 0x00000186d25f5c90
Event: 817.689 Thread 0x00000186e7f1c800 flushing nmethod 0x00000186d2610a10
Event: 817.689 Thread 0x00000186e7f1c800 flushing nmethod 0x00000186d269ff90
Event: 817.690 Thread 0x00000186e7f1c800 flushing nmethod 0x00000186d27d2310
Event: 817.691 Thread 0x00000186e7f1c800 flushing nmethod 0x00000186d2952090


Dynamic libraries:
0x00007ff7e87e0000 - 0x00007ff7e87ea000 	D:\Android Studio\jbr\bin\java.exe
0x00007ff9aae10000 - 0x00007ff9ab024000 	C:\WINDOWS\SYSTEM32\ntdll.dll
0x00007ff9a9b40000 - 0x00007ff9a9c03000 	C:\WINDOWS\System32\KERNEL32.DLL
0x00007ff9a8440000 - 0x00007ff9a87dc000 	C:\WINDOWS\System32\KERNELBASE.dll
0x00007ff9a8320000 - 0x00007ff9a8431000 	C:\WINDOWS\System32\ucrtbase.dll
0x00007ff999480000 - 0x00007ff999497000 	D:\Android Studio\jbr\bin\jli.dll
0x00007ff9a9890000 - 0x00007ff9a9a3d000 	C:\WINDOWS\System32\USER32.dll
0x00007ff9a82f0000 - 0x00007ff9a8316000 	C:\WINDOWS\System32\win32u.dll
0x00007ff9a9250000 - 0x00007ff9a9279000 	C:\WINDOWS\System32\GDI32.dll
0x00007ff9a8950000 - 0x00007ff9a8a63000 	C:\WINDOWS\System32\gdi32full.dll
0x00007ff9a8250000 - 0x00007ff9a82ea000 	C:\WINDOWS\System32\msvcp_win.dll
0x00007ff999460000 - 0x00007ff99947b000 	D:\Android Studio\jbr\bin\VCRUNTIME140.dll
0x00007ff9936c0000 - 0x00007ff99394e000 	C:\WINDOWS\WinSxS\amd64_microsoft.windows.common-controls_6595b64144ccf1df_6.0.22621.608_none_a9444ca7c10bb01d\COMCTL32.dll
0x00007ff9a9160000 - 0x00007ff9a9207000 	C:\WINDOWS\System32\msvcrt.dll
0x00007ff9a9dd0000 - 0x00007ff9a9e01000 	C:\WINDOWS\System32\IMM32.DLL
0x00007ff9993d0000 - 0x00007ff99945d000 	D:\Android Studio\jbr\bin\msvcp140.dll
0x00007ff9a2c90000 - 0x00007ff9a2c9c000 	C:\WINDOWS\SYSTEM32\VCRUNTIME140_1.dll
0x00007ff968dc0000 - 0x00007ff96997c000 	D:\Android Studio\jbr\bin\server\jvm.dll
0x00007ff9a97e0000 - 0x00007ff9a988e000 	C:\WINDOWS\System32\ADVAPI32.dll
0x00007ff9a9f80000 - 0x00007ff9aa024000 	C:\WINDOWS\System32\sechost.dll
0x00007ff9aacb0000 - 0x00007ff9aadc5000 	C:\WINDOWS\System32\RPCRT4.dll
0x00007ff9a9f70000 - 0x00007ff9a9f78000 	C:\WINDOWS\System32\PSAPI.DLL
0x00007ff9a2bb0000 - 0x00007ff9a2bb9000 	C:\WINDOWS\SYSTEM32\WSOCK32.dll
0x00007ff9a9d50000 - 0x00007ff9a9dc1000 	C:\WINDOWS\System32\WS2_32.dll
0x00007ff9a1e50000 - 0x00007ff9a1e84000 	C:\WINDOWS\SYSTEM32\WINMM.dll
0x00007ff9a1e90000 - 0x00007ff9a1e9a000 	C:\WINDOWS\SYSTEM32\VERSION.dll
0x00007ff9a7390000 - 0x00007ff9a73a8000 	C:\WINDOWS\SYSTEM32\kernel.appcore.dll
0x00007ff9a2ba0000 - 0x00007ff9a2bb0000 	D:\Android Studio\jbr\bin\verify.dll
0x00007ff9a5c50000 - 0x00007ff9a5e7e000 	C:\WINDOWS\SYSTEM32\DBGHELP.DLL
0x00007ff9aa900000 - 0x00007ff9aac89000 	C:\WINDOWS\System32\combase.dll
0x00007ff9a9700000 - 0x00007ff9a97d7000 	C:\WINDOWS\System32\OLEAUT32.dll
0x00007ff99ded0000 - 0x00007ff99df02000 	C:\WINDOWS\SYSTEM32\dbgcore.DLL
0x00007ff9a8b30000 - 0x00007ff9a8bab000 	C:\WINDOWS\System32\bcryptPrimitives.dll
0x00007ff9a2b70000 - 0x00007ff9a2b98000 	D:\Android Studio\jbr\bin\java.dll
0x00007ff9a2b60000 - 0x00007ff9a2b6a000 	D:\Android Studio\jbr\bin\jimage.dll
0x00007ff9a2b40000 - 0x00007ff9a2b58000 	D:\Android Studio\jbr\bin\zip.dll
0x00007ff9aa030000 - 0x00007ff9aa820000 	C:\WINDOWS\System32\SHELL32.dll
0x00007ff9a6270000 - 0x00007ff9a6b3e000 	C:\WINDOWS\SYSTEM32\windows.storage.dll
0x00007ff9a6130000 - 0x00007ff9a626e000 	C:\WINDOWS\SYSTEM32\wintypes.dll
0x00007ff9a9a40000 - 0x00007ff9a9b31000 	C:\WINDOWS\System32\SHCORE.dll
0x00007ff9a8c20000 - 0x00007ff9a8c7e000 	C:\WINDOWS\System32\shlwapi.dll
0x00007ff9a8180000 - 0x00007ff9a81a1000 	C:\WINDOWS\SYSTEM32\profapi.dll
0x00007ff9a2580000 - 0x00007ff9a2599000 	D:\Android Studio\jbr\bin\net.dll
0x00007ff9a20d0000 - 0x00007ff9a21ff000 	C:\WINDOWS\SYSTEM32\WINHTTP.dll
0x00007ff9a7800000 - 0x00007ff9a7869000 	C:\WINDOWS\system32\mswsock.dll
0x00007ff9a25b0000 - 0x00007ff9a25c3000 	D:\Android Studio\jbr\bin\nio.dll
0x00007ff9a2e40000 - 0x00007ff9a2e67000 	C:\Users\Acer\.gradle\native\e1d6ef7f7dcc3fd88c89a11ec53ec762bb8ba0a96d01ffa2cd45eb1d1d8dd5c5\windows-amd64\native-platform.dll
0x00007ff949c40000 - 0x00007ff949d84000 	C:\Users\Acer\.gradle\native\0d407fdbe67a94daf76414ababcb853783967236a71b16ec16e742cd7a986fd3\windows-amd64\native-platform-file-events.dll
0x00007ff9a25a0000 - 0x00007ff9a25aa000 	D:\Android Studio\jbr\bin\management.dll
0x00007ff9a2570000 - 0x00007ff9a257b000 	D:\Android Studio\jbr\bin\management_ext.dll
0x00007ff9a7a60000 - 0x00007ff9a7a7b000 	C:\WINDOWS\SYSTEM32\CRYPTSP.dll
0x00007ff9a7300000 - 0x00007ff9a7335000 	C:\WINDOWS\system32\rsaenh.dll
0x00007ff9a7900000 - 0x00007ff9a7928000 	C:\WINDOWS\SYSTEM32\USERENV.dll
0x00007ff9a7c20000 - 0x00007ff9a7c48000 	C:\WINDOWS\SYSTEM32\bcrypt.dll
0x00007ff9a7a80000 - 0x00007ff9a7a8c000 	C:\WINDOWS\SYSTEM32\CRYPTBASE.dll
0x00007ff9a6e00000 - 0x00007ff9a6e2d000 	C:\WINDOWS\SYSTEM32\IPHLPAPI.DLL
0x00007ff9aaca0000 - 0x00007ff9aaca9000 	C:\WINDOWS\System32\NSI.dll
0x00007ff9a1ea0000 - 0x00007ff9a1eb9000 	C:\WINDOWS\SYSTEM32\dhcpcsvc6.DLL
0x00007ff9a1830000 - 0x00007ff9a184f000 	C:\WINDOWS\SYSTEM32\dhcpcsvc.DLL
0x00007ff9a6e70000 - 0x00007ff9a6f63000 	C:\WINDOWS\SYSTEM32\DNSAPI.dll

dbghelp: loaded successfully - version: 4.0.5 - missing functions: none
symbol engine: initialized successfully - sym options: 0x614 - pdb path: .;D:\Android Studio\jbr\bin;C:\WINDOWS\SYSTEM32;C:\WINDOWS\WinSxS\amd64_microsoft.windows.common-controls_6595b64144ccf1df_6.0.22621.608_none_a9444ca7c10bb01d;D:\Android Studio\jbr\bin\server;C:\Users\Acer\.gradle\native\e1d6ef7f7dcc3fd88c89a11ec53ec762bb8ba0a96d01ffa2cd45eb1d1d8dd5c5\windows-amd64;C:\Users\Acer\.gradle\native\0d407fdbe67a94daf76414ababcb853783967236a71b16ec16e742cd7a986fd3\windows-amd64

VM Arguments:
jvm_args: --add-opens=java.base/java.util=ALL-UNNAMED --add-opens=java.base/java.lang=ALL-UNNAMED --add-opens=java.base/java.lang.invoke=ALL-UNNAMED --add-opens=java.base/java.util=ALL-UNNAMED --add-opens=java.prefs/java.util.prefs=ALL-UNNAMED --add-opens=java.prefs/java.util.prefs=ALL-UNNAMED --add-opens=java.base/java.nio.charset=ALL-UNNAMED --add-opens=java.base/java.net=ALL-UNNAMED --add-opens=java.base/java.util.concurrent.atomic=ALL-UNNAMED -Xmx2048m -Dfile.encoding=UTF-8 -Duser.country=US -Duser.language=en -Duser.variant 
java_command: org.gradle.launcher.daemon.bootstrap.GradleDaemon 7.5
java_class_path (initial): C:\Users\Acer\.gradle\wrapper\dists\gradle-7.5-bin\f1w0cc9nuo0eivz97x2xlu9sv\gradle-7.5\lib\gradle-launcher-7.5.jar
Launcher Type: SUN_STANDARD

[Global flags]
     intx CICompilerCount                          = 3                                         {product} {ergonomic}
     uint ConcGCThreads                            = 1                                         {product} {ergonomic}
     uint G1ConcRefinementThreads                  = 4                                         {product} {ergonomic}
   size_t G1HeapRegionSize                         = 1048576                                   {product} {ergonomic}
    uintx GCDrainStackTargetSize                   = 64                                        {product} {ergonomic}
   size_t InitialHeapSize                          = 199229440                                 {product} {ergonomic}
   size_t MarkStackSize                            = 4194304                                   {product} {ergonomic}
   size_t MaxHeapSize                              = 2147483648                                {product} {command line}
   size_t MaxNewSize                               = 1287651328                                {product} {ergonomic}
   size_t MinHeapDeltaBytes                        = 1048576                                   {product} {ergonomic}
    uintx NonNMethodCodeHeapSize                   = 5830732                                {pd product} {ergonomic}
    uintx NonProfiledCodeHeapSize                  = 122913754                              {pd product} {ergonomic}
    uintx ProfiledCodeHeapSize                     = 122913754                              {pd product} {ergonomic}
    uintx ReservedCodeCacheSize                    = 251658240                              {pd product} {ergonomic}
     bool SegmentedCodeCache                       = true                                      {product} {ergonomic}
     bool UseCompressedClassPointers               = true                                 {lp64_product} {ergonomic}
     bool UseCompressedOops                        = true                                 {lp64_product} {ergonomic}
     bool UseG1GC                                  = true                                      {product} {ergonomic}
     bool UseLargePagesIndividualAllocation        = false                                  {pd product} {ergonomic}

Logging:
Log output configuration:
 #0: stdout all=warning uptime,level,tags
 #1: stderr all=off uptime,level,tags

Environment Variables:
PATH=C:\Program Files (x86)\Common Files\Oracle\Java\javapath;C:\WINDOWS\system32;C:\WINDOWS;C:\WINDOWS\System32\Wbem;C:\WINDOWS\System32\WindowsPowerShell\v1.0\;C:\WINDOWS\System32\OpenSSH\;C:\Users\Acer\AppData\Local\Microsoft\WindowsApps;;C:\Users\Acer\AppData\Local\Programs\Microsoft VS Code\bin
USERNAME=Acer
OS=Windows_NT
PROCESSOR_IDENTIFIER=Intel64 Family 6 Model 126 Stepping 5, GenuineIntel



---------------  S Y S T E M  ---------------

OS: Windows 11 , 64 bit Build 22621 (10.0.22621.1344)
OS uptime: 0 days 21:52 hours

CPU:total 4 (initial active 4) (2 cores per cpu, 2 threads per core) family 6 model 126 stepping 5 microcode 0x96, cmov, cx8, fxsr, mmx, sse, sse2, sse3, ssse3, sse4.1, sse4.2, popcnt, avx, avx2, aes, clmul, erms, 3dnowpref, lzcnt, ht, tsc, tscinvbit, bmi1, bmi2, adx, evex, sha, fma

Memory: 4k page, system-wide physical 12055M (346M free)
TotalPageFile size 14103M (AvailPageFile size 4M)
current process WorkingSet (physical memory assigned to process): 567M, peak: 644M
current process commit charge ("private bytes"): 679M, peak: 680M

vm_info: OpenJDK 64-Bit Server VM (11.0.15+0-b2043.56-8887301) for windows-amd64 JRE (11.0.15+0-b2043.56-8887301), built on Jul 29 2022 23:19:47 by "builduser" with unknown MS VC++:1929

END.
